#
# A fatal error has been detected by the Java Runtime Environment:
#
#  EXCEPTION_ACCESS_VIOLATION (0xc0000005) at pc=0x00007ffabedc5780, pid=3784, tid=3652
#
# JRE version: OpenJDK Runtime Environment Microsoft-8902769 (17.0.10+7) (build 17.0.10+7-LTS)
# Java VM: OpenJDK 64-Bit Server VM Microsoft-8902769 (17.0.10+7-LTS, mixed mode, emulated-client, sharing, tiered, compressed oops, compressed class ptrs, g1 gc, windows-amd64)
# Problematic frame:
# C  [net.dll+0x5780]
#
# No core dump will be written. Minidumps are not enabled by default on client versions of Windows
#
# If you would like to submit a bug report, please visit:
#   https://github.com/microsoft/openjdk/issues
# The crash happened outside the Java Virtual Machine in native code.
# See problematic frame for where to report the bug.
#

---------------  S U M M A R Y ------------

Command Line: -XX:TieredStopAtLevel=1 -Dspring.output.ansi.enabled=always -Dcom.sun.management.jmxremote -Dspring.jmx.enabled=true -Dspring.liveBeansView.mbeanDomain -Dspring.application.admin.enabled=true -Dmanagement.endpoints.jmx.exposure.include=* -javaagent:C:\Program Files\JetBrains\IntelliJ IDEA 2024.3\lib\idea_rt.jar=54322:C:\Program Files\JetBrains\IntelliJ IDEA 2024.3\bin -Dfile.encoding=UTF-8 org.example.hotelbookingappbackend.HotelBookingAppBackendApplication

Host: 11th Gen Intel(R) Core(TM) i7-1165G7 @ 2.80GHz, 8 cores, 7G,  Windows 11 , 64 bit Build 26100 (10.0.26100.2454)
Time: Wed Jan  1 21:48:28 2025 SE Asia Standard Time elapsed time: 443.714648 seconds (0d 0h 7m 23s)

---------------  T H R E A D  ---------------

Current thread (0x0000015cb0763430):  JavaThread "RMI TCP Accept-0" daemon [_thread_in_native, id=3652, stack(0x00000011cd100000,0x00000011cd200000)]

Stack: [0x00000011cd100000,0x00000011cd200000],  sp=0x00000011cd1fec90,  free space=1019k
Native frames: (J=compiled Java code, j=interpreted, Vv=VM code, C=native code)
C  [net.dll+0x5780]

Java frames: (J=compiled Java code, j=interpreted, Vv=VM code)
j  java.net.NetworkInterface.getAll()[Ljava/net/NetworkInterface;+0 java.base@17.0.10
j  java.net.NetworkInterface.getNetworkInterfaces()Ljava/util/Enumeration;+0 java.base@17.0.10
j  sun.management.jmxremote.LocalRMIServerSocketFactory$1.accept()Ljava/net/Socket;+79 jdk.management.agent@17.0.10
j  sun.rmi.transport.tcp.TCPTransport$AcceptLoop.executeAcceptLoop()V+42 java.rmi@17.0.10
j  sun.rmi.transport.tcp.TCPTransport$AcceptLoop.run()V+1 java.rmi@17.0.10
j  java.lang.Thread.run()V+11 java.base@17.0.10
v  ~StubRoutines::call_stub

siginfo: EXCEPTION_ACCESS_VIOLATION (0xc0000005), reading address 0x00000011cd200008


Registers:
RAX=0x0000000000000001, RBX=0x0000000000000000, RCX=0x0000015cb07636e8, RDX=0x0000000000000000
RSP=0x00000011cd1fec90, RBP=0x0000000000000222, RSI=0x0000015cf836da80, RDI=0x00000011cd1feef0
R8 =0x00000011cd1fed20, R9 =0x00000011cd1feef0, R10=0x0000000000000034, R11=0x000000000000007e
R12=0x00000011cd1fed20, R13=0x0000015cf836da80, R14=0x00000000000000b6, R15=0x0000000000000000
RIP=0x00007ffabedc5780, EFLAGS=0x0000000000010207


Register to memory mapping:

RIP=0x00007ffabedc5780 net.dll
RAX=0x0000000000000001 is an unknown value
RBX=0x0 is NULL
RCX=0x0000015cb07636e8 points into unknown readable memory: 0x00007ffa8690c800 | 00 c8 90 86 fa 7f 00 00
RDX=0x0 is NULL
RSP=0x00000011cd1fec90 is pointing into the stack for thread: 0x0000015cb0763430
RBP=0x0000000000000222 is an unknown value
RSI=0x0000015cf836da80 points into unknown readable memory: 0x0000015cb0a9bdc0 | c0 bd a9 b0 5c 01 00 00
RDI=0x00000011cd1feef0 is pointing into the stack for thread: 0x0000015cb0763430
R8 =0x00000011cd1fed20 is pointing into the stack for thread: 0x0000015cb0763430
R9 =0x00000011cd1feef0 is pointing into the stack for thread: 0x0000015cb0763430
R10=0x0000000000000034 is an unknown value
R11=0x000000000000007e is an unknown value
R12=0x00000011cd1fed20 is pointing into the stack for thread: 0x0000015cb0763430
R13=0x0000015cf836da80 points into unknown readable memory: 0x0000015cb0a9bdc0 | c0 bd a9 b0 5c 01 00 00
R14=0x00000000000000b6 is an unknown value
R15=0x0 is NULL


Top of Stack: (sp=0x00000011cd1fec90)
0x00000011cd1fec90:   0000000000000033 0000000000000033
0x00000011cd1feca0:   0000015cb07636e8 00007ffabedc602f
0x00000011cd1fecb0:   00000011cd1fee40 00000011cd1feef8
0x00000011cd1fecc0:   00000000ffffffff 0000000000000033
0x00000011cd1fecd0:   0000015cf836da80 00007ffabedc6e19
0x00000011cd1fece0:   0000015cb07636e8 0000015cb07636e8
0x00000011cd1fecf0:   00000011cd1fed89 0000015cf836da80
0x00000011cd1fed00:   0000000000000000 0000000000000000
0x00000011cd1fed10:   00000011cd1feef0 0000015cf8375b40
0x00000011cd1fed20:   0000015cb07011d0 00007ffa864027d5
0x00000011cd1fed30:   00000011cd1fedb0 00000011cd1fedb0
0x00000011cd1fed40:   0000000000000001 00000011cd1fee98
0x00000011cd1fed50:   00000011cd1fedb0 0000015cb0763430
0x00000011cd1fed60:   00000011cd1fed90 0000001100000000
0x00000011cd1fed70:   0000000000000000 00000011cd1fee00
0x00000011cd1fed80:   0000000000000004 00007ffa86002165
0x00000011cd1fed90:   000000009346f140 0000015cb0763430
0x00000011cd1feda0:   0000015cb1006738 0000015cb0763430
0x00000011cd1fedb0:   00005be728910dc4 0000015cb0763430
0x00000011cd1fedc0:   0000015cb0763430 0000015cb195eb60
0x00000011cd1fedd0:   0000000000000000 00000011cd1feef0
0x00000011cd1fede0:   00000011cd1feee0 00007ffabedc6074
0x00000011cd1fedf0:   0000015ca52d952f 000000008499bc60
0x00000011cd1fee00:   0000000000000000 0000015cb07636e8
0x00000011cd1fee10:   00000011cd1feef8 0000015cb07636e8
0x00000011cd1fee20:   0000000000000009 00007ffabedc4563
0x00000011cd1fee30:   00000011cd1feef0 00000011cd1feee0
0x00000011cd1fee40:   0000015cf836da80 0000000000000000
0x00000011cd1fee50:   0000015cb0763430 00000011cd1feef8
0x00000011cd1fee60:   00000000849bb918 0000015ca52dd0a8
0x00000011cd1fee70:   0000015cb12f3758 00000011cd1feee0
0x00000011cd1fee80:   0000000000000000 0000000000000009 

Instructions: (pc=0x00007ffabedc5780)
0x00007ffabedc5680:   ff ff 48 8b cb 48 8b 5b 40 ff 15 21 9c 00 00 48
0x00007ffabedc5690:   8b cb 48 85 db 75 ee e9 bf fb ff ff 48 8b cb 48
0x00007ffabedc56a0:   8b 5b 40 ff 15 07 9c 00 00 48 8b cb 48 85 db 75
0x00007ffabedc56b0:   ee e9 a5 fb ff ff 48 8b cb 48 8b 5b 40 ff 15 ed
0x00007ffabedc56c0:   9b 00 00 48 8b cb 48 85 db 75 ee e9 8b fb ff ff
0x00007ffabedc56d0:   48 89 5c 24 08 48 89 74 24 10 57 48 83 ec 20 48
0x00007ffabedc56e0:   8b f2 49 8b f8 48 8d 54 24 48 48 8b d9 e8 86 08
0x00007ffabedc56f0:   00 00 85 c0 79 04 33 c0 eb 22 4c 8b 4c 24 48 4c
0x00007ffabedc5700:   8b c7 48 8b d6 48 8b cb e8 1f 00 00 00 48 8b 4c
0x00007ffabedc5710:   24 48 8b d8 ff 15 96 9b 00 00 8b c3 48 8b 5c 24
0x00007ffabedc5720:   30 48 8b 74 24 38 48 83 c4 20 5f c3 48 8b c4 48
0x00007ffabedc5730:   89 58 10 48 89 68 18 48 89 70 20 48 89 48 08 57
0x00007ffabedc5740:   41 54 41 55 41 56 41 57 48 83 ec 20 4c 8b ea 49
0x00007ffabedc5750:   8b f9 33 d2 4d 8b e0 4d 85 c9 75 07 33 c0 e9 fb
0x00007ffabedc5760:   00 00 00 44 8b fa 48 8b da 44 8b f2 41 39 11 0f
0x00007ffabedc5770:   86 e2 00 00 00 41 8b c6 48 8d 2c 40 41 8b 45 10
0x00007ffabedc5780:   39 44 ef 08 0f 85 bc 00 00 00 39 54 ef 04 0f 84
0x00007ffabedc5790:   b2 00 00 00 b9 48 00 00 00 ff 15 19 9b 00 00 33
0x00007ffabedc57a0:   d2 48 8b f0 48 85 c0 0f 84 ce 00 00 00 44 8d 42
0x00007ffabedc57b0:   02 66 44 89 00 8b 44 ef 04 89 46 04 41 8b 4d 14
0x00007ffabedc57c0:   83 e9 06 74 23 83 e9 03 74 1e 83 e9 06 74 19 83
0x00007ffabedc57d0:   e9 08 74 0f 83 e9 01 74 0f 83 e9 04 74 05 83 f9
0x00007ffabedc57e0:   2b 74 05 83 c8 ff eb 49 66 44 89 46 1c ba 01 00
0x00007ffabedc57f0:   00 00 8b 4c ef 04 8b 44 ef 0c 23 c8 39 54 ef 10
0x00007ffabedc5800:   75 06 f7 d0 0b c1 eb 02 8b c1 89 46 20 8b 4c ef
0x00007ffabedc5810:   0c ff 15 e9 99 00 00 33 d2 8b c8 66 89 56 38 85
0x00007ffabedc5820:   c0 74 12 8b c2 44 8d 42 01 66 41 03 c0 03 c9 75
0x00007ffabedc5830:   f8 66 89 46 38 b8 01 00 00 00 48 89 5e 40 44 03
0x00007ffabedc5840:   f8 48 8b de eb 05 b8 01 00 00 00 44 03 f0 44 3b
0x00007ffabedc5850:   37 0f 82 1e ff ff ff 49 89 1c 24 41 8b c7 48 8b
0x00007ffabedc5860:   5c 24 58 48 8b 6c 24 60 48 8b 74 24 68 48 83 c4
0x00007ffabedc5870:   20 41 5f 41 5e 41 5d 41 5c 5f c3 48 8b 4c 24 50 


Stack slot to memory mapping:
stack at sp + 0 slots: 0x0000000000000033 is an unknown value
stack at sp + 1 slots: 0x0000000000000033 is an unknown value
stack at sp + 2 slots: 0x0000015cb07636e8 points into unknown readable memory: 0x00007ffa8690c800 | 00 c8 90 86 fa 7f 00 00
stack at sp + 3 slots: 0x00007ffabedc602f net.dll
stack at sp + 4 slots: 0x00000011cd1fee40 is pointing into the stack for thread: 0x0000015cb0763430
stack at sp + 5 slots: 0x00000011cd1feef8 is pointing into the stack for thread: 0x0000015cb0763430
stack at sp + 6 slots: 0x00000000ffffffff points into unknown readable memory: 00
stack at sp + 7 slots: 0x0000000000000033 is an unknown value


---------------  P R O C E S S  ---------------

Threads class SMR info:
_java_thread_list=0x0000015cf82303c0, length=33, elements={
0x0000015caffe9870, 0x0000015caffea230, 0x0000015cafff78d0, 0x0000015cafffc2a0,
0x0000015cafffcc60, 0x0000015cafffd620, 0x0000015cb0003010, 0x0000015cb0011f40,
0x0000015caffd8710, 0x0000015cb05c6f40, 0x0000015cb05cdde0, 0x0000015cb0763430,
0x0000015cb0901380, 0x0000015cb096e9e0, 0x0000015cb09723a0, 0x0000015cf65401f0,
0x0000015cf653d460, 0x0000015cf653d970, 0x0000015cf653de80, 0x0000015cf653edb0,
0x0000015cf7c2aae0, 0x0000015cf7c2c430, 0x0000015cf7c2a0c0, 0x0000015cf7c2d360,
0x0000015cf7c2dd80, 0x0000015cf7c2a5d0, 0x0000015cf7c2d870, 0x0000015cf7c2ba10,
0x0000015cf7c2ecb0, 0x0000015cf7c2c940, 0x0000015cf7c2f6d0, 0x0000015cf7c2e290,
0x0000015cf7c2ce50
}

Java Threads: ( => current thread )
  0x0000015caffe9870 JavaThread "Reference Handler" daemon [_thread_blocked, id=22064, stack(0x00000011cc400000,0x00000011cc500000)]
  0x0000015caffea230 JavaThread "Finalizer" daemon [_thread_blocked, id=18308, stack(0x00000011cc500000,0x00000011cc600000)]
  0x0000015cafff78d0 JavaThread "Signal Dispatcher" daemon [_thread_blocked, id=15596, stack(0x00000011cc600000,0x00000011cc700000)]
  0x0000015cafffc2a0 JavaThread "Attach Listener" daemon [_thread_blocked, id=10848, stack(0x00000011cc700000,0x00000011cc800000)]
  0x0000015cafffcc60 JavaThread "Service Thread" daemon [_thread_blocked, id=1628, stack(0x00000011cc800000,0x00000011cc900000)]
  0x0000015cafffd620 JavaThread "Monitor Deflation Thread" daemon [_thread_blocked, id=4724, stack(0x00000011cc900000,0x00000011cca00000)]
  0x0000015cb0003010 JavaThread "C1 CompilerThread0" daemon [_thread_blocked, id=13188, stack(0x00000011cca00000,0x00000011ccb00000)]
  0x0000015cb0011f40 JavaThread "Sweeper thread" daemon [_thread_blocked, id=17012, stack(0x00000011ccb00000,0x00000011ccc00000)]
  0x0000015caffd8710 JavaThread "Common-Cleaner" daemon [_thread_blocked, id=19668, stack(0x00000011ccc00000,0x00000011ccd00000)]
  0x0000015cb05c6f40 JavaThread "Monitor Ctrl-Break" daemon [_thread_in_native, id=4300, stack(0x00000011ccf00000,0x00000011cd000000)]
  0x0000015cb05cdde0 JavaThread "Notification Thread" daemon [_thread_blocked, id=15612, stack(0x00000011cd000000,0x00000011cd100000)]
=>0x0000015cb0763430 JavaThread "RMI TCP Accept-0" daemon [_thread_in_native, id=3652, stack(0x00000011cd100000,0x00000011cd200000)]
  0x0000015cb0901380 JavaThread "RMI TCP Connection(idle)" daemon [_thread_blocked, id=3632, stack(0x00000011cd300000,0x00000011cd400000)]
  0x0000015cb096e9e0 JavaThread "RMI Scheduler(0)" daemon [_thread_blocked, id=20500, stack(0x00000011cd400000,0x00000011cd500000)]
  0x0000015cb09723a0 JavaThread "JMX server connection timeout 20" daemon [_thread_blocked, id=10860, stack(0x00000011cd500000,0x00000011cd600000)]
  0x0000015cf65401f0 JavaThread "Catalina-utility-1" [_thread_blocked, id=340, stack(0x00000011cde00000,0x00000011cdf00000)]
  0x0000015cf653d460 JavaThread "Catalina-utility-2" [_thread_blocked, id=1796, stack(0x00000011ce100000,0x00000011ce200000)]
  0x0000015cf653d970 JavaThread "container-0" [_thread_blocked, id=14512, stack(0x00000011ce200000,0x00000011ce300000)]
  0x0000015cf653de80 JavaThread "mysql-cj-abandoned-connection-cleanup" daemon [_thread_blocked, id=14704, stack(0x00000011ce300000,0x00000011ce400000)]
  0x0000015cf653edb0 JavaThread "HikariPool-1 housekeeper" daemon [_thread_blocked, id=2676, stack(0x00000011ce500000,0x00000011ce600000)]
  0x0000015cf7c2aae0 JavaThread "http-nio-8080-exec-1" daemon [_thread_blocked, id=20024, stack(0x00000011ce700000,0x00000011ce800000)]
  0x0000015cf7c2c430 JavaThread "http-nio-8080-exec-2" daemon [_thread_blocked, id=19564, stack(0x00000011ce800000,0x00000011ce900000)]
  0x0000015cf7c2a0c0 JavaThread "http-nio-8080-exec-3" daemon [_thread_blocked, id=21820, stack(0x00000011ce900000,0x00000011cea00000)]
  0x0000015cf7c2d360 JavaThread "http-nio-8080-exec-4" daemon [_thread_blocked, id=22220, stack(0x00000011cea00000,0x00000011ceb00000)]
  0x0000015cf7c2dd80 JavaThread "http-nio-8080-exec-5" daemon [_thread_blocked, id=16324, stack(0x00000011ceb00000,0x00000011cec00000)]
  0x0000015cf7c2a5d0 JavaThread "http-nio-8080-exec-6" daemon [_thread_blocked, id=7996, stack(0x00000011cec00000,0x00000011ced00000)]
  0x0000015cf7c2d870 JavaThread "http-nio-8080-exec-7" daemon [_thread_blocked, id=13420, stack(0x00000011ced00000,0x00000011cee00000)]
  0x0000015cf7c2ba10 JavaThread "http-nio-8080-exec-8" daemon [_thread_blocked, id=1840, stack(0x00000011cee00000,0x00000011cef00000)]
  0x0000015cf7c2ecb0 JavaThread "http-nio-8080-exec-9" daemon [_thread_blocked, id=6840, stack(0x00000011cef00000,0x00000011cf000000)]
  0x0000015cf7c2c940 JavaThread "http-nio-8080-exec-10" daemon [_thread_blocked, id=21556, stack(0x00000011cf000000,0x00000011cf100000)]
  0x0000015cf7c2f6d0 JavaThread "http-nio-8080-Poller" daemon [_thread_in_native, id=22192, stack(0x00000011cf100000,0x00000011cf200000)]
  0x0000015cf7c2e290 JavaThread "http-nio-8080-Acceptor" daemon [_thread_in_native, id=5924, stack(0x00000011cf200000,0x00000011cf300000)]
  0x0000015cf7c2ce50 JavaThread "DestroyJavaVM" [_thread_blocked, id=16780, stack(0x00000011cbd00000,0x00000011cbe00000)]

Other Threads:
  0x0000015caffe4ec0 VMThread "VM Thread" [stack: 0x00000011cc300000,0x00000011cc400000] [id=2780]
  0x0000015c9d79f5c0 WatcherThread [stack: 0x00000011cd200000,0x00000011cd300000] [id=21920]
  0x0000015c9d7f9c10 GCTaskThread "GC Thread#0" [stack: 0x00000011cbe00000,0x00000011cbf00000] [id=3680]
  0x0000015cb0bfa4c0 GCTaskThread "GC Thread#1" [stack: 0x00000011cd600000,0x00000011cd700000] [id=21864]
  0x0000015cb0c59260 GCTaskThread "GC Thread#2" [stack: 0x00000011cd700000,0x00000011cd800000] [id=6716]
  0x0000015cb0c5b380 GCTaskThread "GC Thread#3" [stack: 0x00000011cd800000,0x00000011cd900000] [id=1464]
  0x0000015cb0c569a0 GCTaskThread "GC Thread#4" [stack: 0x00000011cd900000,0x00000011cda00000] [id=20816]
  0x0000015cb0c56c60 GCTaskThread "GC Thread#5" [stack: 0x00000011cda00000,0x00000011cdb00000] [id=18072]
  0x0000015cb0c5c320 GCTaskThread "GC Thread#6" [stack: 0x00000011cdb00000,0x00000011cdc00000] [id=13932]
  0x0000015cb0c5c9f0 GCTaskThread "GC Thread#7" [stack: 0x00000011cdc00000,0x00000011cdd00000] [id=19236]
  0x0000015c9d8071c0 ConcurrentGCThread "G1 Main Marker" [stack: 0x00000011cbf00000,0x00000011cc000000] [id=1736]
  0x0000015c9d807be0 ConcurrentGCThread "G1 Conc#0" [stack: 0x00000011cc000000,0x00000011cc100000] [id=16216]
  0x0000015cf683da10 ConcurrentGCThread "G1 Conc#1" [stack: 0x00000011cdf00000,0x00000011ce000000] [id=19504]
  0x0000015c9d83ecb0 ConcurrentGCThread "G1 Refine#0" [stack: 0x00000011cc100000,0x00000011cc200000] [id=3576]
  0x0000015cb0c446e0 ConcurrentGCThread "G1 Refine#1" [stack: 0x00000011cdd00000,0x00000011cde00000] [id=20908]
  0x0000015cafe85710 ConcurrentGCThread "G1 Service" [stack: 0x00000011cc200000,0x00000011cc300000] [id=17196]

Threads with active compile tasks:

VM state: not at safepoint (normal execution)

VM Mutex/Monitor currently owned by a thread: None

Heap address: 0x0000000084400000, size: 1980 MB, Compressed Oops mode: 32-bit

CDS archive(s) mapped at: [0x0000015cb1000000-0x0000015cb1bb0000-0x0000015cb1bb0000), size 12255232, SharedBaseAddress: 0x0000015cb1000000, ArchiveRelocationMode: 1.
Compressed class space mapped at: 0x0000015cb2000000-0x0000015cf2000000, reserved size: 1073741824
Narrow klass base: 0x0000015cb1000000, Narrow klass shift: 0, Narrow klass range: 0x100000000

GC Precious Log:
 CPUs: 8 total, 8 available
 Memory: 7914M
 Large Page Support: Disabled
 NUMA Support: Disabled
 Compressed Oops: Enabled (32-bit)
 Heap Region Size: 1M
 Heap Min Capacity: 8M
 Heap Initial Capacity: 124M
 Heap Max Capacity: 1980M
 Pre-touch: Disabled
 Parallel Workers: 8
 Concurrent Workers: 2
 Concurrent Refinement Workers: 8
 Periodic GC: Disabled

Heap:
 garbage-first heap   total 291840K, used 106889K [0x0000000084400000, 0x0000000100000000)
  region size 1024K, 45 young (46080K), 1 survivors (1024K)
 Metaspace       used 77081K, committed 77824K, reserved 1179648K
  class space    used 11252K, committed 11584K, reserved 1048576K

Heap Regions: E=young(eden), S=young(survivor), O=old, HS=humongous(starts), HC=humongous(continues), CS=collection set, F=free, OA=open archive, CA=closed archive, TAMS=top-at-mark-start (previous, next)
|   0|0x0000000084400000, 0x0000000084500000, 0x0000000084500000|100%|HS|  |TAMS 0x0000000084500000, 0x0000000084500000| Complete 
|   1|0x0000000084500000, 0x0000000084600000, 0x0000000084600000|100%|HS|  |TAMS 0x0000000084600000, 0x0000000084600000| Complete 
|   2|0x0000000084600000, 0x0000000084700000, 0x0000000084700000|100%| O|  |TAMS 0x0000000084700000, 0x0000000084700000| Untracked 
|   3|0x0000000084700000, 0x0000000084800000, 0x0000000084800000|100%| O|  |TAMS 0x0000000084800000, 0x0000000084800000| Untracked 
|   4|0x0000000084800000, 0x0000000084900000, 0x0000000084900000|100%| O|  |TAMS 0x0000000084900000, 0x0000000084900000| Untracked 
|   5|0x0000000084900000, 0x0000000084a00000, 0x0000000084a00000|100%| O|  |TAMS 0x0000000084a00000, 0x0000000084a00000| Untracked 
|   6|0x0000000084a00000, 0x0000000084b00000, 0x0000000084b00000|100%| O|  |TAMS 0x0000000084b00000, 0x0000000084b00000| Untracked 
|   7|0x0000000084b00000, 0x0000000084c00000, 0x0000000084c00000|100%| O|  |TAMS 0x0000000084c00000, 0x0000000084c00000| Untracked 
|   8|0x0000000084c00000, 0x0000000084d00000, 0x0000000084d00000|100%| O|  |TAMS 0x0000000084d00000, 0x0000000084d00000| Untracked 
|   9|0x0000000084d00000, 0x0000000084e00000, 0x0000000084e00000|100%| O|  |TAMS 0x0000000084e00000, 0x0000000084e00000| Untracked 
|  10|0x0000000084e00000, 0x0000000084f00000, 0x0000000084f00000|100%| O|  |TAMS 0x0000000084f00000, 0x0000000084f00000| Untracked 
|  11|0x0000000084f00000, 0x0000000085000000, 0x0000000085000000|100%| O|  |TAMS 0x0000000085000000, 0x0000000085000000| Untracked 
|  12|0x0000000085000000, 0x0000000085100000, 0x0000000085100000|100%| O|  |TAMS 0x0000000085100000, 0x0000000085100000| Untracked 
|  13|0x0000000085100000, 0x0000000085200000, 0x0000000085200000|100%| O|  |TAMS 0x0000000085200000, 0x0000000085200000| Untracked 
|  14|0x0000000085200000, 0x0000000085300000, 0x0000000085300000|100%| O|  |TAMS 0x0000000085300000, 0x0000000085300000| Untracked 
|  15|0x0000000085300000, 0x0000000085400000, 0x0000000085400000|100%| O|  |TAMS 0x0000000085400000, 0x0000000085400000| Untracked 
|  16|0x0000000085400000, 0x0000000085475600, 0x0000000085500000| 45%| O|  |TAMS 0x0000000085475600, 0x0000000085475600| Untracked 
|  17|0x0000000085500000, 0x0000000085600000, 0x0000000085600000|100%| O|  |TAMS 0x0000000085600000, 0x0000000085600000| Untracked 
|  18|0x0000000085600000, 0x0000000085700000, 0x0000000085700000|100%| O|  |TAMS 0x0000000085700000, 0x0000000085700000| Untracked 
|  19|0x0000000085700000, 0x0000000085800000, 0x0000000085800000|100%| O|  |TAMS 0x0000000085800000, 0x0000000085800000| Untracked 
|  20|0x0000000085800000, 0x0000000085900000, 0x0000000085900000|100%| O|  |TAMS 0x0000000085900000, 0x0000000085900000| Untracked 
|  21|0x0000000085900000, 0x0000000085a00000, 0x0000000085a00000|100%| O|  |TAMS 0x0000000085a00000, 0x0000000085a00000| Untracked 
|  22|0x0000000085a00000, 0x0000000085b00000, 0x0000000085b00000|100%| O|  |TAMS 0x0000000085b00000, 0x0000000085b00000| Untracked 
|  23|0x0000000085b00000, 0x0000000085c00000, 0x0000000085c00000|100%| O|  |TAMS 0x0000000085c00000, 0x0000000085c00000| Untracked 
|  24|0x0000000085c00000, 0x0000000085d00000, 0x0000000085d00000|100%| O|  |TAMS 0x0000000085d00000, 0x0000000085d00000| Untracked 
|  25|0x0000000085d00000, 0x0000000085e00000, 0x0000000085e00000|100%| O|  |TAMS 0x0000000085e00000, 0x0000000085e00000| Untracked 
|  26|0x0000000085e00000, 0x0000000085f00000, 0x0000000085f00000|100%| O|  |TAMS 0x0000000085f00000, 0x0000000085f00000| Untracked 
|  27|0x0000000085f00000, 0x0000000086000000, 0x0000000086000000|100%| O|  |TAMS 0x0000000086000000, 0x0000000086000000| Untracked 
|  28|0x0000000086000000, 0x0000000086100000, 0x0000000086100000|100%| O|  |TAMS 0x0000000086000000, 0x0000000086100000| Untracked 
|  29|0x0000000086100000, 0x0000000086200000, 0x0000000086200000|100%| O|  |TAMS 0x0000000086100000, 0x0000000086200000| Untracked 
|  30|0x0000000086200000, 0x0000000086300000, 0x0000000086300000|100%| O|  |TAMS 0x0000000086300000, 0x0000000086300000| Untracked 
|  31|0x0000000086300000, 0x0000000086400000, 0x0000000086400000|100%| O|  |TAMS 0x0000000086373000, 0x0000000086400000| Untracked 
|  32|0x0000000086400000, 0x0000000086500000, 0x0000000086500000|100%| O|  |TAMS 0x0000000086500000, 0x0000000086500000| Untracked 
|  33|0x0000000086500000, 0x0000000086600000, 0x0000000086600000|100%| O|  |TAMS 0x0000000086600000, 0x0000000086600000| Untracked 
|  34|0x0000000086600000, 0x0000000086700000, 0x0000000086700000|100%| O|  |TAMS 0x0000000086700000, 0x0000000086700000| Untracked 
|  35|0x0000000086700000, 0x0000000086800000, 0x0000000086800000|100%| O|  |TAMS 0x0000000086700000, 0x0000000086800000| Untracked 
|  36|0x0000000086800000, 0x0000000086900000, 0x0000000086900000|100%|HS|  |TAMS 0x0000000086900000, 0x0000000086900000| Complete 
|  37|0x0000000086900000, 0x0000000086a00000, 0x0000000086a00000|100%| O|  |TAMS 0x0000000086900000, 0x0000000086a00000| Untracked 
|  38|0x0000000086a00000, 0x0000000086b00000, 0x0000000086b00000|100%| O|  |TAMS 0x0000000086b00000, 0x0000000086b00000| Untracked 
|  39|0x0000000086b00000, 0x0000000086c00000, 0x0000000086c00000|100%| O|  |TAMS 0x0000000086c00000, 0x0000000086c00000| Untracked 
|  40|0x0000000086c00000, 0x0000000086d00000, 0x0000000086d00000|100%| O|  |TAMS 0x0000000086d00000, 0x0000000086d00000| Untracked 
|  41|0x0000000086d00000, 0x0000000086e00000, 0x0000000086e00000|100%| O|  |TAMS 0x0000000086d00000, 0x0000000086d00000| Untracked 
|  42|0x0000000086e00000, 0x0000000086f00000, 0x0000000086f00000|100%| O|  |TAMS 0x0000000086f00000, 0x0000000086f00000| Untracked 
|  43|0x0000000086f00000, 0x0000000087000000, 0x0000000087000000|100%| O|  |TAMS 0x0000000087000000, 0x0000000087000000| Untracked 
|  44|0x0000000087000000, 0x0000000087100000, 0x0000000087100000|100%| O|  |TAMS 0x0000000087100000, 0x0000000087100000| Untracked 
|  45|0x0000000087100000, 0x0000000087200000, 0x0000000087200000|100%|HS|  |TAMS 0x0000000087100000, 0x0000000087200000| Complete 
|  46|0x0000000087200000, 0x0000000087300000, 0x0000000087300000|100%|HC|  |TAMS 0x0000000087200000, 0x0000000087300000| Complete 
|  47|0x0000000087300000, 0x0000000087400000, 0x0000000087400000|100%| O|  |TAMS 0x0000000087300000, 0x0000000087400000| Untracked 
|  48|0x0000000087400000, 0x0000000087500000, 0x0000000087500000|100%|HS|  |TAMS 0x0000000087400000, 0x0000000087500000| Complete 
|  49|0x0000000087500000, 0x0000000087600000, 0x0000000087600000|100%| O|  |TAMS 0x0000000087500000, 0x00000000875a5c00| Untracked 
|  50|0x0000000087600000, 0x0000000087700000, 0x0000000087700000|100%|HS|  |TAMS 0x0000000087600000, 0x0000000087700000| Complete 
|  51|0x0000000087700000, 0x0000000087800000, 0x0000000087800000|100%|HS|  |TAMS 0x0000000087700000, 0x0000000087700000| Complete 
|  52|0x0000000087800000, 0x0000000087900000, 0x0000000087900000|100%|HS|  |TAMS 0x0000000087800000, 0x0000000087900000| Complete 
|  53|0x0000000087900000, 0x0000000087a00000, 0x0000000087a00000|100%|HC|  |TAMS 0x0000000087900000, 0x0000000087a00000| Complete 
|  54|0x0000000087a00000, 0x0000000087b00000, 0x0000000087b00000|100%| O|  |TAMS 0x0000000087a00000, 0x0000000087a00000| Untracked 
|  55|0x0000000087b00000, 0x0000000087c00000, 0x0000000087c00000|100%| O|  |TAMS 0x0000000087b00000, 0x0000000087b00000| Untracked 
|  56|0x0000000087c00000, 0x0000000087c7c800, 0x0000000087d00000| 48%| O|  |TAMS 0x0000000087c00000, 0x0000000087c00000| Untracked 
|  57|0x0000000087d00000, 0x0000000087e00000, 0x0000000087e00000|100%|HS|  |TAMS 0x0000000087d00000, 0x0000000087d00000| Complete 
|  58|0x0000000087e00000, 0x0000000087f00000, 0x0000000087f00000|100%|HS|  |TAMS 0x0000000087e00000, 0x0000000087e00000| Complete 
|  59|0x0000000087f00000, 0x0000000088000000, 0x0000000088000000|100%|HS|  |TAMS 0x0000000087f00000, 0x0000000087f00000| Complete 
|  60|0x0000000088000000, 0x0000000088100000, 0x0000000088100000|100%|HS|  |TAMS 0x0000000088000000, 0x0000000088000000| Complete 
|  61|0x0000000088100000, 0x0000000088200000, 0x0000000088200000|100%|HS|  |TAMS 0x0000000088100000, 0x0000000088100000| Complete 
|  62|0x0000000088200000, 0x0000000088200000, 0x0000000088300000|  0%| F|  |TAMS 0x0000000088200000, 0x0000000088200000| Untracked 
|  63|0x0000000088300000, 0x0000000088300000, 0x0000000088400000|  0%| F|  |TAMS 0x0000000088300000, 0x0000000088300000| Untracked 
|  64|0x0000000088400000, 0x0000000088400000, 0x0000000088500000|  0%| F|  |TAMS 0x0000000088400000, 0x0000000088400000| Untracked 
|  65|0x0000000088500000, 0x0000000088500000, 0x0000000088600000|  0%| F|  |TAMS 0x0000000088500000, 0x0000000088500000| Untracked 
|  66|0x0000000088600000, 0x0000000088600000, 0x0000000088700000|  0%| F|  |TAMS 0x0000000088600000, 0x0000000088600000| Untracked 
|  67|0x0000000088700000, 0x0000000088700000, 0x0000000088800000|  0%| F|  |TAMS 0x0000000088700000, 0x0000000088700000| Untracked 
|  68|0x0000000088800000, 0x0000000088800000, 0x0000000088900000|  0%| F|  |TAMS 0x0000000088800000, 0x0000000088800000| Untracked 
|  69|0x0000000088900000, 0x0000000088900000, 0x0000000088a00000|  0%| F|  |TAMS 0x0000000088900000, 0x0000000088900000| Untracked 
|  70|0x0000000088a00000, 0x0000000088a00000, 0x0000000088b00000|  0%| F|  |TAMS 0x0000000088a00000, 0x0000000088a00000| Untracked 
|  71|0x0000000088b00000, 0x0000000088b00000, 0x0000000088c00000|  0%| F|  |TAMS 0x0000000088b00000, 0x0000000088b00000| Untracked 
|  72|0x0000000088c00000, 0x0000000088c00000, 0x0000000088d00000|  0%| F|  |TAMS 0x0000000088c00000, 0x0000000088c00000| Untracked 
|  73|0x0000000088d00000, 0x0000000088d00000, 0x0000000088e00000|  0%| F|  |TAMS 0x0000000088d00000, 0x0000000088d00000| Untracked 
|  74|0x0000000088e00000, 0x0000000088e00000, 0x0000000088f00000|  0%| F|  |TAMS 0x0000000088e00000, 0x0000000088e00000| Untracked 
|  75|0x0000000088f00000, 0x0000000088f00000, 0x0000000089000000|  0%| F|  |TAMS 0x0000000088f00000, 0x0000000088f00000| Untracked 
|  76|0x0000000089000000, 0x0000000089000000, 0x0000000089100000|  0%| F|  |TAMS 0x0000000089000000, 0x0000000089000000| Untracked 
|  77|0x0000000089100000, 0x0000000089100000, 0x0000000089200000|  0%| F|  |TAMS 0x0000000089100000, 0x0000000089100000| Untracked 
|  78|0x0000000089200000, 0x0000000089200000, 0x0000000089300000|  0%| F|  |TAMS 0x0000000089200000, 0x0000000089200000| Untracked 
|  79|0x0000000089300000, 0x0000000089300000, 0x0000000089400000|  0%| F|  |TAMS 0x0000000089300000, 0x0000000089300000| Untracked 
|  80|0x0000000089400000, 0x0000000089400000, 0x0000000089500000|  0%| F|  |TAMS 0x0000000089400000, 0x0000000089400000| Untracked 
|  81|0x0000000089500000, 0x0000000089500000, 0x0000000089600000|  0%| F|  |TAMS 0x0000000089500000, 0x0000000089500000| Untracked 
|  82|0x0000000089600000, 0x0000000089600000, 0x0000000089700000|  0%| F|  |TAMS 0x0000000089600000, 0x0000000089600000| Untracked 
|  83|0x0000000089700000, 0x0000000089700000, 0x0000000089800000|  0%| F|  |TAMS 0x0000000089700000, 0x0000000089700000| Untracked 
|  84|0x0000000089800000, 0x0000000089800000, 0x0000000089900000|  0%| F|  |TAMS 0x0000000089800000, 0x0000000089800000| Untracked 
|  85|0x0000000089900000, 0x0000000089900000, 0x0000000089a00000|  0%| F|  |TAMS 0x0000000089900000, 0x0000000089900000| Untracked 
|  86|0x0000000089a00000, 0x0000000089a00000, 0x0000000089b00000|  0%| F|  |TAMS 0x0000000089a00000, 0x0000000089a00000| Untracked 
|  87|0x0000000089b00000, 0x0000000089b00000, 0x0000000089c00000|  0%| F|  |TAMS 0x0000000089b00000, 0x0000000089b00000| Untracked 
|  88|0x0000000089c00000, 0x0000000089c00000, 0x0000000089d00000|  0%| F|  |TAMS 0x0000000089c00000, 0x0000000089c00000| Untracked 
|  89|0x0000000089d00000, 0x0000000089d00000, 0x0000000089e00000|  0%| F|  |TAMS 0x0000000089d00000, 0x0000000089d00000| Untracked 
|  90|0x0000000089e00000, 0x0000000089e00000, 0x0000000089f00000|  0%| F|  |TAMS 0x0000000089e00000, 0x0000000089e00000| Untracked 
|  91|0x0000000089f00000, 0x0000000089f00000, 0x000000008a000000|  0%| F|  |TAMS 0x0000000089f00000, 0x0000000089f00000| Untracked 
|  92|0x000000008a000000, 0x000000008a000000, 0x000000008a100000|  0%| F|  |TAMS 0x000000008a000000, 0x000000008a000000| Untracked 
|  93|0x000000008a100000, 0x000000008a100000, 0x000000008a200000|  0%| F|  |TAMS 0x000000008a100000, 0x000000008a100000| Untracked 
|  94|0x000000008a200000, 0x000000008a200000, 0x000000008a300000|  0%| F|  |TAMS 0x000000008a200000, 0x000000008a200000| Untracked 
|  95|0x000000008a300000, 0x000000008a300000, 0x000000008a400000|  0%| F|  |TAMS 0x000000008a300000, 0x000000008a300000| Untracked 
|  96|0x000000008a400000, 0x000000008a400000, 0x000000008a500000|  0%| F|  |TAMS 0x000000008a400000, 0x000000008a400000| Untracked 
|  97|0x000000008a500000, 0x000000008a500000, 0x000000008a600000|  0%| F|  |TAMS 0x000000008a500000, 0x000000008a500000| Untracked 
|  98|0x000000008a600000, 0x000000008a600000, 0x000000008a700000|  0%| F|  |TAMS 0x000000008a600000, 0x000000008a600000| Untracked 
|  99|0x000000008a700000, 0x000000008a700000, 0x000000008a800000|  0%| F|  |TAMS 0x000000008a700000, 0x000000008a700000| Untracked 
| 100|0x000000008a800000, 0x000000008a800000, 0x000000008a900000|  0%| F|  |TAMS 0x000000008a800000, 0x000000008a800000| Untracked 
| 101|0x000000008a900000, 0x000000008a900000, 0x000000008aa00000|  0%| F|  |TAMS 0x000000008a900000, 0x000000008a900000| Untracked 
| 102|0x000000008aa00000, 0x000000008aa00000, 0x000000008ab00000|  0%| F|  |TAMS 0x000000008aa00000, 0x000000008aa00000| Untracked 
| 103|0x000000008ab00000, 0x000000008ab00000, 0x000000008ac00000|  0%| F|  |TAMS 0x000000008ab00000, 0x000000008ab00000| Untracked 
| 104|0x000000008ac00000, 0x000000008ac00000, 0x000000008ad00000|  0%| F|  |TAMS 0x000000008ac00000, 0x000000008ac00000| Untracked 
| 105|0x000000008ad00000, 0x000000008ad00000, 0x000000008ae00000|  0%| F|  |TAMS 0x000000008ad00000, 0x000000008ad00000| Untracked 
| 106|0x000000008ae00000, 0x000000008ae00000, 0x000000008af00000|  0%| F|  |TAMS 0x000000008ae00000, 0x000000008ae00000| Untracked 
| 107|0x000000008af00000, 0x000000008af00000, 0x000000008b000000|  0%| F|  |TAMS 0x000000008af00000, 0x000000008af00000| Untracked 
| 108|0x000000008b000000, 0x000000008b000000, 0x000000008b100000|  0%| F|  |TAMS 0x000000008b000000, 0x000000008b000000| Untracked 
| 109|0x000000008b100000, 0x000000008b100000, 0x000000008b200000|  0%| F|  |TAMS 0x000000008b100000, 0x000000008b100000| Untracked 
| 110|0x000000008b200000, 0x000000008b200000, 0x000000008b300000|  0%| F|  |TAMS 0x000000008b200000, 0x000000008b200000| Untracked 
| 111|0x000000008b300000, 0x000000008b300000, 0x000000008b400000|  0%| F|  |TAMS 0x000000008b300000, 0x000000008b300000| Untracked 
| 112|0x000000008b400000, 0x000000008b400000, 0x000000008b500000|  0%| F|  |TAMS 0x000000008b400000, 0x000000008b400000| Untracked 
| 113|0x000000008b500000, 0x000000008b500000, 0x000000008b600000|  0%| F|  |TAMS 0x000000008b500000, 0x000000008b500000| Untracked 
| 114|0x000000008b600000, 0x000000008b600000, 0x000000008b700000|  0%| F|  |TAMS 0x000000008b600000, 0x000000008b600000| Untracked 
| 115|0x000000008b700000, 0x000000008b700000, 0x000000008b800000|  0%| F|  |TAMS 0x000000008b700000, 0x000000008b700000| Untracked 
| 116|0x000000008b800000, 0x000000008b800000, 0x000000008b900000|  0%| F|  |TAMS 0x000000008b800000, 0x000000008b800000| Untracked 
| 117|0x000000008b900000, 0x000000008b900000, 0x000000008ba00000|  0%| F|  |TAMS 0x000000008b900000, 0x000000008b900000| Untracked 
| 118|0x000000008ba00000, 0x000000008ba00000, 0x000000008bb00000|  0%| F|  |TAMS 0x000000008ba00000, 0x000000008ba00000| Untracked 
| 119|0x000000008bb00000, 0x000000008bb00000, 0x000000008bc00000|  0%| F|  |TAMS 0x000000008bb00000, 0x000000008bb00000| Untracked 
| 120|0x000000008bc00000, 0x000000008bc00000, 0x000000008bd00000|  0%| F|  |TAMS 0x000000008bc00000, 0x000000008bc00000| Untracked 
| 121|0x000000008bd00000, 0x000000008bd00000, 0x000000008be00000|  0%| F|  |TAMS 0x000000008bd00000, 0x000000008bd00000| Untracked 
| 122|0x000000008be00000, 0x000000008be00000, 0x000000008bf00000|  0%| F|  |TAMS 0x000000008be00000, 0x000000008be00000| Untracked 
| 123|0x000000008bf00000, 0x000000008bf70830, 0x000000008c000000| 43%| S|CS|TAMS 0x000000008bf00000, 0x000000008bf00000| Complete 
| 124|0x000000008c000000, 0x000000008c000000, 0x000000008c100000|  0%| F|  |TAMS 0x000000008c000000, 0x000000008c000000| Untracked 
| 125|0x000000008c100000, 0x000000008c100000, 0x000000008c200000|  0%| F|  |TAMS 0x000000008c100000, 0x000000008c100000| Untracked 
| 126|0x000000008c200000, 0x000000008c200000, 0x000000008c300000|  0%| F|  |TAMS 0x000000008c200000, 0x000000008c200000| Untracked 
| 127|0x000000008c300000, 0x000000008c300000, 0x000000008c400000|  0%| F|  |TAMS 0x000000008c300000, 0x000000008c300000| Untracked 
| 128|0x000000008c400000, 0x000000008c400000, 0x000000008c500000|  0%| F|  |TAMS 0x000000008c400000, 0x000000008c400000| Untracked 
| 129|0x000000008c500000, 0x000000008c500000, 0x000000008c600000|  0%| F|  |TAMS 0x000000008c500000, 0x000000008c500000| Untracked 
| 130|0x000000008c600000, 0x000000008c600000, 0x000000008c700000|  0%| F|  |TAMS 0x000000008c600000, 0x000000008c600000| Untracked 
| 131|0x000000008c700000, 0x000000008c700000, 0x000000008c800000|  0%| F|  |TAMS 0x000000008c700000, 0x000000008c700000| Untracked 
| 132|0x000000008c800000, 0x000000008c800000, 0x000000008c900000|  0%| F|  |TAMS 0x000000008c800000, 0x000000008c800000| Untracked 
| 133|0x000000008c900000, 0x000000008c900000, 0x000000008ca00000|  0%| F|  |TAMS 0x000000008c900000, 0x000000008c900000| Untracked 
| 134|0x000000008ca00000, 0x000000008ca00000, 0x000000008cb00000|  0%| F|  |TAMS 0x000000008ca00000, 0x000000008ca00000| Untracked 
| 135|0x000000008cb00000, 0x000000008cb00000, 0x000000008cc00000|  0%| F|  |TAMS 0x000000008cb00000, 0x000000008cb00000| Untracked 
| 136|0x000000008cc00000, 0x000000008cc00000, 0x000000008cd00000|  0%| F|  |TAMS 0x000000008cc00000, 0x000000008cc00000| Untracked 
| 137|0x000000008cd00000, 0x000000008cd00000, 0x000000008ce00000|  0%| F|  |TAMS 0x000000008cd00000, 0x000000008cd00000| Untracked 
| 138|0x000000008ce00000, 0x000000008ce00000, 0x000000008cf00000|  0%| F|  |TAMS 0x000000008ce00000, 0x000000008ce00000| Untracked 
| 139|0x000000008cf00000, 0x000000008cf00000, 0x000000008d000000|  0%| F|  |TAMS 0x000000008cf00000, 0x000000008cf00000| Untracked 
| 140|0x000000008d000000, 0x000000008d000000, 0x000000008d100000|  0%| F|  |TAMS 0x000000008d000000, 0x000000008d000000| Untracked 
| 141|0x000000008d100000, 0x000000008d100000, 0x000000008d200000|  0%| F|  |TAMS 0x000000008d100000, 0x000000008d100000| Untracked 
| 142|0x000000008d200000, 0x000000008d200000, 0x000000008d300000|  0%| F|  |TAMS 0x000000008d200000, 0x000000008d200000| Untracked 
| 143|0x000000008d300000, 0x000000008d300000, 0x000000008d400000|  0%| F|  |TAMS 0x000000008d300000, 0x000000008d300000| Untracked 
| 144|0x000000008d400000, 0x000000008d400000, 0x000000008d500000|  0%| F|  |TAMS 0x000000008d400000, 0x000000008d400000| Untracked 
| 145|0x000000008d500000, 0x000000008d500000, 0x000000008d600000|  0%| F|  |TAMS 0x000000008d500000, 0x000000008d500000| Untracked 
| 146|0x000000008d600000, 0x000000008d600000, 0x000000008d700000|  0%| F|  |TAMS 0x000000008d600000, 0x000000008d600000| Untracked 
| 147|0x000000008d700000, 0x000000008d700000, 0x000000008d800000|  0%| F|  |TAMS 0x000000008d700000, 0x000000008d700000| Untracked 
| 148|0x000000008d800000, 0x000000008d800000, 0x000000008d900000|  0%| F|  |TAMS 0x000000008d800000, 0x000000008d800000| Untracked 
| 149|0x000000008d900000, 0x000000008d900000, 0x000000008da00000|  0%| F|  |TAMS 0x000000008d900000, 0x000000008d900000| Untracked 
| 150|0x000000008da00000, 0x000000008da00000, 0x000000008db00000|  0%| F|  |TAMS 0x000000008da00000, 0x000000008da00000| Untracked 
| 151|0x000000008db00000, 0x000000008db00000, 0x000000008dc00000|  0%| F|  |TAMS 0x000000008db00000, 0x000000008db00000| Untracked 
| 152|0x000000008dc00000, 0x000000008dc00000, 0x000000008dd00000|  0%| F|  |TAMS 0x000000008dc00000, 0x000000008dc00000| Untracked 
| 153|0x000000008dd00000, 0x000000008dd00000, 0x000000008de00000|  0%| F|  |TAMS 0x000000008dd00000, 0x000000008dd00000| Untracked 
| 154|0x000000008de00000, 0x000000008de00000, 0x000000008df00000|  0%| F|  |TAMS 0x000000008de00000, 0x000000008de00000| Untracked 
| 155|0x000000008df00000, 0x000000008df00000, 0x000000008e000000|  0%| F|  |TAMS 0x000000008df00000, 0x000000008df00000| Untracked 
| 156|0x000000008e000000, 0x000000008e000000, 0x000000008e100000|  0%| F|  |TAMS 0x000000008e000000, 0x000000008e000000| Untracked 
| 157|0x000000008e100000, 0x000000008e100000, 0x000000008e200000|  0%| F|  |TAMS 0x000000008e100000, 0x000000008e100000| Untracked 
| 158|0x000000008e200000, 0x000000008e200000, 0x000000008e300000|  0%| F|  |TAMS 0x000000008e200000, 0x000000008e200000| Untracked 
| 159|0x000000008e300000, 0x000000008e300000, 0x000000008e400000|  0%| F|  |TAMS 0x000000008e300000, 0x000000008e300000| Untracked 
| 160|0x000000008e400000, 0x000000008e400000, 0x000000008e500000|  0%| F|  |TAMS 0x000000008e400000, 0x000000008e400000| Untracked 
| 161|0x000000008e500000, 0x000000008e500000, 0x000000008e600000|  0%| F|  |TAMS 0x000000008e500000, 0x000000008e500000| Untracked 
| 162|0x000000008e600000, 0x000000008e600000, 0x000000008e700000|  0%| F|  |TAMS 0x000000008e600000, 0x000000008e600000| Untracked 
| 163|0x000000008e700000, 0x000000008e700000, 0x000000008e800000|  0%| F|  |TAMS 0x000000008e700000, 0x000000008e700000| Untracked 
| 164|0x000000008e800000, 0x000000008e800000, 0x000000008e900000|  0%| F|  |TAMS 0x000000008e800000, 0x000000008e800000| Untracked 
| 165|0x000000008e900000, 0x000000008e900000, 0x000000008ea00000|  0%| F|  |TAMS 0x000000008e900000, 0x000000008e900000| Untracked 
| 166|0x000000008ea00000, 0x000000008ea00000, 0x000000008eb00000|  0%| F|  |TAMS 0x000000008ea00000, 0x000000008ea00000| Untracked 
| 167|0x000000008eb00000, 0x000000008eb00000, 0x000000008ec00000|  0%| F|  |TAMS 0x000000008eb00000, 0x000000008eb00000| Untracked 
| 168|0x000000008ec00000, 0x000000008ec00000, 0x000000008ed00000|  0%| F|  |TAMS 0x000000008ec00000, 0x000000008ec00000| Untracked 
| 169|0x000000008ed00000, 0x000000008ed00000, 0x000000008ee00000|  0%| F|  |TAMS 0x000000008ed00000, 0x000000008ed00000| Untracked 
| 170|0x000000008ee00000, 0x000000008ee00000, 0x000000008ef00000|  0%| F|  |TAMS 0x000000008ee00000, 0x000000008ee00000| Untracked 
| 171|0x000000008ef00000, 0x000000008ef00000, 0x000000008f000000|  0%| F|  |TAMS 0x000000008ef00000, 0x000000008ef00000| Untracked 
| 172|0x000000008f000000, 0x000000008f000000, 0x000000008f100000|  0%| F|  |TAMS 0x000000008f000000, 0x000000008f000000| Untracked 
| 173|0x000000008f100000, 0x000000008f100000, 0x000000008f200000|  0%| F|  |TAMS 0x000000008f100000, 0x000000008f100000| Untracked 
| 174|0x000000008f200000, 0x000000008f200000, 0x000000008f300000|  0%| F|  |TAMS 0x000000008f200000, 0x000000008f200000| Untracked 
| 175|0x000000008f300000, 0x000000008f300000, 0x000000008f400000|  0%| F|  |TAMS 0x000000008f300000, 0x000000008f300000| Untracked 
| 176|0x000000008f400000, 0x000000008f400000, 0x000000008f500000|  0%| F|  |TAMS 0x000000008f400000, 0x000000008f400000| Untracked 
| 177|0x000000008f500000, 0x000000008f500000, 0x000000008f600000|  0%| F|  |TAMS 0x000000008f500000, 0x000000008f500000| Untracked 
| 178|0x000000008f600000, 0x000000008f600000, 0x000000008f700000|  0%| F|  |TAMS 0x000000008f600000, 0x000000008f600000| Untracked 
| 179|0x000000008f700000, 0x000000008f700000, 0x000000008f800000|  0%| F|  |TAMS 0x000000008f700000, 0x000000008f700000| Untracked 
| 180|0x000000008f800000, 0x000000008f800000, 0x000000008f900000|  0%| F|  |TAMS 0x000000008f800000, 0x000000008f800000| Untracked 
| 181|0x000000008f900000, 0x000000008f900000, 0x000000008fa00000|  0%| F|  |TAMS 0x000000008f900000, 0x000000008f900000| Untracked 
| 182|0x000000008fa00000, 0x000000008fa00000, 0x000000008fb00000|  0%| F|  |TAMS 0x000000008fa00000, 0x000000008fa00000| Untracked 
| 183|0x000000008fb00000, 0x000000008fb00000, 0x000000008fc00000|  0%| F|  |TAMS 0x000000008fb00000, 0x000000008fb00000| Untracked 
| 184|0x000000008fc00000, 0x000000008fc00000, 0x000000008fd00000|  0%| F|  |TAMS 0x000000008fc00000, 0x000000008fc00000| Untracked 
| 185|0x000000008fd00000, 0x000000008fd00000, 0x000000008fe00000|  0%| F|  |TAMS 0x000000008fd00000, 0x000000008fd00000| Untracked 
| 186|0x000000008fe00000, 0x000000008fe00000, 0x000000008ff00000|  0%| F|  |TAMS 0x000000008fe00000, 0x000000008fe00000| Untracked 
| 187|0x000000008ff00000, 0x000000008ff00000, 0x0000000090000000|  0%| F|  |TAMS 0x000000008ff00000, 0x000000008ff00000| Untracked 
| 188|0x0000000090000000, 0x0000000090000000, 0x0000000090100000|  0%| F|  |TAMS 0x0000000090000000, 0x0000000090000000| Untracked 
| 189|0x0000000090100000, 0x0000000090100000, 0x0000000090200000|  0%| F|  |TAMS 0x0000000090100000, 0x0000000090100000| Untracked 
| 190|0x0000000090200000, 0x0000000090200000, 0x0000000090300000|  0%| F|  |TAMS 0x0000000090200000, 0x0000000090200000| Untracked 
| 191|0x0000000090300000, 0x0000000090300000, 0x0000000090400000|  0%| F|  |TAMS 0x0000000090300000, 0x0000000090300000| Untracked 
| 192|0x0000000090400000, 0x0000000090400000, 0x0000000090500000|  0%| F|  |TAMS 0x0000000090400000, 0x0000000090400000| Untracked 
| 193|0x0000000090500000, 0x0000000090500000, 0x0000000090600000|  0%| F|  |TAMS 0x0000000090500000, 0x0000000090500000| Untracked 
| 194|0x0000000090600000, 0x0000000090600000, 0x0000000090700000|  0%| F|  |TAMS 0x0000000090600000, 0x0000000090600000| Untracked 
| 195|0x0000000090700000, 0x0000000090700000, 0x0000000090800000|  0%| F|  |TAMS 0x0000000090700000, 0x0000000090700000| Untracked 
| 196|0x0000000090800000, 0x0000000090800000, 0x0000000090900000|  0%| F|  |TAMS 0x0000000090800000, 0x0000000090800000| Untracked 
| 197|0x0000000090900000, 0x0000000090900000, 0x0000000090a00000|  0%| F|  |TAMS 0x0000000090900000, 0x0000000090900000| Untracked 
| 198|0x0000000090a00000, 0x0000000090a00000, 0x0000000090b00000|  0%| F|  |TAMS 0x0000000090a00000, 0x0000000090a00000| Untracked 
| 199|0x0000000090b00000, 0x0000000090b00000, 0x0000000090c00000|  0%| F|  |TAMS 0x0000000090b00000, 0x0000000090b00000| Untracked 
| 200|0x0000000090c00000, 0x0000000090c00000, 0x0000000090d00000|  0%| F|  |TAMS 0x0000000090c00000, 0x0000000090c00000| Untracked 
| 201|0x0000000090d00000, 0x0000000090d00000, 0x0000000090e00000|  0%| F|  |TAMS 0x0000000090d00000, 0x0000000090d00000| Untracked 
| 202|0x0000000090e00000, 0x0000000090e00000, 0x0000000090f00000|  0%| F|  |TAMS 0x0000000090e00000, 0x0000000090e00000| Untracked 
| 203|0x0000000090f00000, 0x0000000090f00000, 0x0000000091000000|  0%| F|  |TAMS 0x0000000090f00000, 0x0000000090f00000| Untracked 
| 204|0x0000000091000000, 0x0000000091000000, 0x0000000091100000|  0%| F|  |TAMS 0x0000000091000000, 0x0000000091000000| Untracked 
| 205|0x0000000091100000, 0x0000000091100000, 0x0000000091200000|  0%| F|  |TAMS 0x0000000091100000, 0x0000000091100000| Untracked 
| 206|0x0000000091200000, 0x0000000091200000, 0x0000000091300000|  0%| F|  |TAMS 0x0000000091200000, 0x0000000091200000| Untracked 
| 207|0x0000000091300000, 0x0000000091300000, 0x0000000091400000|  0%| F|  |TAMS 0x0000000091300000, 0x0000000091300000| Untracked 
| 208|0x0000000091400000, 0x0000000091400000, 0x0000000091500000|  0%| F|  |TAMS 0x0000000091400000, 0x0000000091400000| Untracked 
| 209|0x0000000091500000, 0x0000000091500000, 0x0000000091600000|  0%| F|  |TAMS 0x0000000091500000, 0x0000000091500000| Untracked 
| 210|0x0000000091600000, 0x0000000091600000, 0x0000000091700000|  0%| F|  |TAMS 0x0000000091600000, 0x0000000091600000| Untracked 
| 211|0x0000000091700000, 0x0000000091700000, 0x0000000091800000|  0%| F|  |TAMS 0x0000000091700000, 0x0000000091700000| Untracked 
| 212|0x0000000091800000, 0x0000000091800000, 0x0000000091900000|  0%| F|  |TAMS 0x0000000091800000, 0x0000000091800000| Untracked 
| 213|0x0000000091900000, 0x0000000091900000, 0x0000000091a00000|  0%| F|  |TAMS 0x0000000091900000, 0x0000000091900000| Untracked 
| 214|0x0000000091a00000, 0x0000000091a00000, 0x0000000091b00000|  0%| F|  |TAMS 0x0000000091a00000, 0x0000000091a00000| Untracked 
| 215|0x0000000091b00000, 0x0000000091b00000, 0x0000000091c00000|  0%| F|  |TAMS 0x0000000091b00000, 0x0000000091b00000| Untracked 
| 216|0x0000000091c00000, 0x0000000091c00000, 0x0000000091d00000|  0%| F|  |TAMS 0x0000000091c00000, 0x0000000091c00000| Untracked 
| 217|0x0000000091d00000, 0x0000000091d00000, 0x0000000091e00000|  0%| F|  |TAMS 0x0000000091d00000, 0x0000000091d00000| Untracked 
| 218|0x0000000091e00000, 0x0000000091e00000, 0x0000000091f00000|  0%| F|  |TAMS 0x0000000091e00000, 0x0000000091e00000| Untracked 
| 219|0x0000000091f00000, 0x0000000091f00000, 0x0000000092000000|  0%| F|  |TAMS 0x0000000091f00000, 0x0000000091f00000| Untracked 
| 220|0x0000000092000000, 0x0000000092000000, 0x0000000092100000|  0%| F|  |TAMS 0x0000000092000000, 0x0000000092000000| Untracked 
| 221|0x0000000092100000, 0x0000000092100000, 0x0000000092200000|  0%| F|  |TAMS 0x0000000092100000, 0x0000000092100000| Untracked 
| 222|0x0000000092200000, 0x0000000092200000, 0x0000000092300000|  0%| F|  |TAMS 0x0000000092200000, 0x0000000092200000| Untracked 
| 223|0x0000000092300000, 0x0000000092300000, 0x0000000092400000|  0%| F|  |TAMS 0x0000000092300000, 0x0000000092300000| Untracked 
| 224|0x0000000092400000, 0x0000000092400000, 0x0000000092500000|  0%| F|  |TAMS 0x0000000092400000, 0x0000000092400000| Untracked 
| 225|0x0000000092500000, 0x0000000092500000, 0x0000000092600000|  0%| F|  |TAMS 0x0000000092500000, 0x0000000092500000| Untracked 
| 226|0x0000000092600000, 0x0000000092600000, 0x0000000092700000|  0%| F|  |TAMS 0x0000000092600000, 0x0000000092600000| Untracked 
| 227|0x0000000092700000, 0x0000000092700000, 0x0000000092800000|  0%| F|  |TAMS 0x0000000092700000, 0x0000000092700000| Untracked 
| 228|0x0000000092800000, 0x0000000092800000, 0x0000000092900000|  0%| F|  |TAMS 0x0000000092800000, 0x0000000092800000| Untracked 
| 229|0x0000000092900000, 0x0000000092900000, 0x0000000092a00000|  0%| F|  |TAMS 0x0000000092900000, 0x0000000092900000| Untracked 
| 230|0x0000000092a00000, 0x0000000092a00000, 0x0000000092b00000|  0%| F|  |TAMS 0x0000000092a00000, 0x0000000092a00000| Untracked 
| 231|0x0000000092b00000, 0x0000000092b00000, 0x0000000092c00000|  0%| F|  |TAMS 0x0000000092b00000, 0x0000000092b00000| Untracked 
| 232|0x0000000092c00000, 0x0000000092c00000, 0x0000000092d00000|  0%| F|  |TAMS 0x0000000092c00000, 0x0000000092c00000| Untracked 
| 233|0x0000000092d00000, 0x0000000092d00000, 0x0000000092e00000|  0%| F|  |TAMS 0x0000000092d00000, 0x0000000092d00000| Untracked 
| 234|0x0000000092e00000, 0x0000000092e00000, 0x0000000092f00000|  0%| F|  |TAMS 0x0000000092e00000, 0x0000000092e00000| Untracked 
| 235|0x0000000092f00000, 0x0000000092f00000, 0x0000000093000000|  0%| F|  |TAMS 0x0000000092f00000, 0x0000000092f00000| Untracked 
| 236|0x0000000093000000, 0x0000000093000000, 0x0000000093100000|  0%| F|  |TAMS 0x0000000093000000, 0x0000000093000000| Untracked 
| 237|0x0000000093100000, 0x0000000093100000, 0x0000000093200000|  0%| F|  |TAMS 0x0000000093100000, 0x0000000093100000| Untracked 
| 238|0x0000000093200000, 0x0000000093200000, 0x0000000093300000|  0%| F|  |TAMS 0x0000000093200000, 0x0000000093200000| Untracked 
| 239|0x0000000093300000, 0x0000000093300000, 0x0000000093400000|  0%| F|  |TAMS 0x0000000093300000, 0x0000000093300000| Untracked 
| 240|0x0000000093400000, 0x00000000934ef040, 0x0000000093500000| 93%| E|  |TAMS 0x0000000093400000, 0x0000000093400000| Complete 
| 241|0x0000000093500000, 0x0000000093600000, 0x0000000093600000|100%| E|CS|TAMS 0x0000000093500000, 0x0000000093500000| Complete 
| 242|0x0000000093600000, 0x0000000093700000, 0x0000000093700000|100%| E|CS|TAMS 0x0000000093600000, 0x0000000093600000| Complete 
| 243|0x0000000093700000, 0x0000000093800000, 0x0000000093800000|100%| E|CS|TAMS 0x0000000093700000, 0x0000000093700000| Complete 
| 244|0x0000000093800000, 0x0000000093900000, 0x0000000093900000|100%| E|CS|TAMS 0x0000000093800000, 0x0000000093800000| Complete 
| 245|0x0000000093900000, 0x0000000093a00000, 0x0000000093a00000|100%| E|CS|TAMS 0x0000000093900000, 0x0000000093900000| Complete 
| 246|0x0000000093a00000, 0x0000000093b00000, 0x0000000093b00000|100%| E|CS|TAMS 0x0000000093a00000, 0x0000000093a00000| Complete 
| 247|0x0000000093b00000, 0x0000000093c00000, 0x0000000093c00000|100%| E|CS|TAMS 0x0000000093b00000, 0x0000000093b00000| Complete 
| 248|0x0000000093c00000, 0x0000000093d00000, 0x0000000093d00000|100%| E|CS|TAMS 0x0000000093c00000, 0x0000000093c00000| Complete 
| 249|0x0000000093d00000, 0x0000000093e00000, 0x0000000093e00000|100%| E|CS|TAMS 0x0000000093d00000, 0x0000000093d00000| Complete 
| 250|0x0000000093e00000, 0x0000000093f00000, 0x0000000093f00000|100%| E|CS|TAMS 0x0000000093e00000, 0x0000000093e00000| Complete 
| 251|0x0000000093f00000, 0x0000000094000000, 0x0000000094000000|100%| E|CS|TAMS 0x0000000093f00000, 0x0000000093f00000| Complete 
| 252|0x0000000094000000, 0x0000000094100000, 0x0000000094100000|100%| E|CS|TAMS 0x0000000094000000, 0x0000000094000000| Complete 
| 253|0x0000000094100000, 0x0000000094200000, 0x0000000094200000|100%| E|CS|TAMS 0x0000000094100000, 0x0000000094100000| Complete 
| 254|0x0000000094200000, 0x0000000094300000, 0x0000000094300000|100%| E|CS|TAMS 0x0000000094200000, 0x0000000094200000| Complete 
| 255|0x0000000094300000, 0x0000000094400000, 0x0000000094400000|100%| E|CS|TAMS 0x0000000094300000, 0x0000000094300000| Complete 
| 256|0x0000000094400000, 0x0000000094500000, 0x0000000094500000|100%| E|CS|TAMS 0x0000000094400000, 0x0000000094400000| Complete 
| 257|0x0000000094500000, 0x0000000094600000, 0x0000000094600000|100%| E|CS|TAMS 0x0000000094500000, 0x0000000094500000| Complete 
| 258|0x0000000094600000, 0x0000000094700000, 0x0000000094700000|100%| E|CS|TAMS 0x0000000094600000, 0x0000000094600000| Complete 
| 259|0x0000000094700000, 0x0000000094800000, 0x0000000094800000|100%| E|CS|TAMS 0x0000000094700000, 0x0000000094700000| Complete 
| 260|0x0000000094800000, 0x0000000094900000, 0x0000000094900000|100%| E|CS|TAMS 0x0000000094800000, 0x0000000094800000| Complete 
| 261|0x0000000094900000, 0x0000000094a00000, 0x0000000094a00000|100%| E|CS|TAMS 0x0000000094900000, 0x0000000094900000| Complete 
| 262|0x0000000094a00000, 0x0000000094b00000, 0x0000000094b00000|100%| E|  |TAMS 0x0000000094a00000, 0x0000000094a00000| Complete 
| 263|0x0000000094b00000, 0x0000000094c00000, 0x0000000094c00000|100%| E|CS|TAMS 0x0000000094b00000, 0x0000000094b00000| Complete 
| 264|0x0000000094c00000, 0x0000000094d00000, 0x0000000094d00000|100%| E|CS|TAMS 0x0000000094c00000, 0x0000000094c00000| Complete 
| 265|0x0000000094d00000, 0x0000000094e00000, 0x0000000094e00000|100%| E|CS|TAMS 0x0000000094d00000, 0x0000000094d00000| Complete 
| 266|0x0000000094e00000, 0x0000000094f00000, 0x0000000094f00000|100%| E|CS|TAMS 0x0000000094e00000, 0x0000000094e00000| Complete 
| 267|0x0000000094f00000, 0x0000000095000000, 0x0000000095000000|100%| E|CS|TAMS 0x0000000094f00000, 0x0000000094f00000| Complete 
| 268|0x0000000095000000, 0x0000000095100000, 0x0000000095100000|100%| E|CS|TAMS 0x0000000095000000, 0x0000000095000000| Complete 
| 269|0x0000000095100000, 0x0000000095200000, 0x0000000095200000|100%| E|CS|TAMS 0x0000000095100000, 0x0000000095100000| Complete 
| 270|0x0000000095200000, 0x0000000095300000, 0x0000000095300000|100%| E|CS|TAMS 0x0000000095200000, 0x0000000095200000| Complete 
| 271|0x0000000095300000, 0x0000000095400000, 0x0000000095400000|100%| E|CS|TAMS 0x0000000095300000, 0x0000000095300000| Complete 
| 272|0x0000000095400000, 0x0000000095500000, 0x0000000095500000|100%| E|CS|TAMS 0x0000000095400000, 0x0000000095400000| Complete 
| 273|0x0000000095500000, 0x0000000095600000, 0x0000000095600000|100%| E|CS|TAMS 0x0000000095500000, 0x0000000095500000| Complete 
| 274|0x0000000095600000, 0x0000000095700000, 0x0000000095700000|100%| E|CS|TAMS 0x0000000095600000, 0x0000000095600000| Complete 
| 275|0x0000000095700000, 0x0000000095800000, 0x0000000095800000|100%| E|CS|TAMS 0x0000000095700000, 0x0000000095700000| Complete 
| 276|0x0000000095800000, 0x0000000095900000, 0x0000000095900000|100%| E|CS|TAMS 0x0000000095800000, 0x0000000095800000| Complete 
| 277|0x0000000095900000, 0x0000000095a00000, 0x0000000095a00000|100%| E|CS|TAMS 0x0000000095900000, 0x0000000095900000| Complete 
| 278|0x0000000095a00000, 0x0000000095b00000, 0x0000000095b00000|100%| E|CS|TAMS 0x0000000095a00000, 0x0000000095a00000| Complete 
| 279|0x0000000095b00000, 0x0000000095c00000, 0x0000000095c00000|100%| E|CS|TAMS 0x0000000095b00000, 0x0000000095b00000| Complete 
| 280|0x0000000095c00000, 0x0000000095d00000, 0x0000000095d00000|100%| E|CS|TAMS 0x0000000095c00000, 0x0000000095c00000| Complete 
| 281|0x0000000095d00000, 0x0000000095e00000, 0x0000000095e00000|100%| E|CS|TAMS 0x0000000095d00000, 0x0000000095d00000| Complete 
| 282|0x0000000095e00000, 0x0000000095f00000, 0x0000000095f00000|100%| E|CS|TAMS 0x0000000095e00000, 0x0000000095e00000| Complete 
| 283|0x0000000095f00000, 0x0000000096000000, 0x0000000096000000|100%| E|CS|TAMS 0x0000000095f00000, 0x0000000095f00000| Complete 
|1979|0x00000000fff00000, 0x0000000100000000, 0x0000000100000000|100%| O|  |TAMS 0x0000000100000000, 0x0000000100000000| Untracked 

Card table byte_map: [0x0000015ca8f90000,0x0000015ca9370000] _byte_map_base: 0x0000015ca8b6e000

Marking Bits (Prev, Next): (CMBitMap*) 0x0000015c9d7fa230, (CMBitMap*) 0x0000015c9d7fa270
 Prev Bits: [0x0000015ca9750000, 0x0000015cab640000)
 Next Bits: [0x0000015cab640000, 0x0000015cad530000)

Polling page: 0x0000015c9bf70000

Metaspace:

Usage:
  Non-class:     64.29 MB used.
      Class:     10.99 MB used.
       Both:     75.28 MB used.

Virtual space:
  Non-class space:      128.00 MB reserved,      64.69 MB ( 51%) committed,  2 nodes.
      Class space:        1.00 GB reserved,      11.31 MB (  1%) committed,  1 nodes.
             Both:        1.12 GB reserved,      76.00 MB (  7%) committed. 

Chunk freelists:
   Non-Class:  15.36 MB
       Class:  4.73 MB
        Both:  20.09 MB

MaxMetaspaceSize: unlimited
CompressedClassSpaceSize: 1.00 GB
Initial GC threshold: 21.00 MB
Current GC threshold: 125.94 MB
CDS: on
MetaspaceReclaimPolicy: balanced
 - commit_granule_bytes: 65536.
 - commit_granule_words: 8192.
 - virtual_space_node_default_size: 8388608.
 - enlarge_chunks_in_place: 1.
 - new_chunks_are_fully_committed: 0.
 - uncommit_free_chunks: 1.
 - use_allocation_guard: 0.
 - handle_deallocations: 1.


Internal statistics:

num_allocs_failed_limit: 9.
num_arena_births: 1018.
num_arena_deaths: 0.
num_vsnodes_births: 3.
num_vsnodes_deaths: 0.
num_space_committed: 1216.
num_space_uncommitted: 0.
num_chunks_returned_to_freelist: 9.
num_chunks_taken_from_freelist: 3753.
num_chunk_merges: 9.
num_chunk_splits: 2749.
num_chunks_enlarged: 2123.
num_inconsistent_stats: 0.

CodeCache: size=49152Kb used=12696Kb max_used=13672Kb free=36455Kb
 bounds [0x0000015ca52d0000, 0x0000015ca6030000, 0x0000015ca82d0000]
 total_blobs=8093 nmethods=7370 adapters=649
 compilation: enabled
              stopped_count=0, restarted_count=0
 full_count=0

Compilation events (20 events):
Event: 266.697 Thread 0x0000015cb0003010 7359       1       com.sun.management.internal.OperatingSystemImpl::getProcessCpuLoad (5 bytes)
Event: 266.697 Thread 0x0000015cb0003010 nmethod 7359 0x0000015ca6003110 code [0x0000015ca60032a0, 0x0000015ca6003388]
Event: 281.425 Thread 0x0000015cb0003010 7361       1       java.lang.Double::valueOf (9 bytes)
Event: 281.425 Thread 0x0000015cb0003010 nmethod 7361 0x0000015ca6002e10 code [0x0000015ca6002fa0, 0x0000015ca6003098]
Event: 281.425 Thread 0x0000015cb0003010 7362       1       java.lang.Double::<init> (10 bytes)
Event: 281.425 Thread 0x0000015cb0003010 nmethod 7362 0x0000015ca6002b10 code [0x0000015ca6002ca0, 0x0000015ca6002d78]
Event: 282.794 Thread 0x0000015cb0003010 7363       1       java.util.HashMap::valuesToArray (81 bytes)
Event: 282.796 Thread 0x0000015cb0003010 nmethod 7363 0x0000015ca6002590 code [0x0000015ca6002740, 0x0000015ca6002998]
Event: 283.484 Thread 0x0000015cb0003010 7364   !   1       jdk.internal.reflect.GeneratedMethodAccessor48::invoke (66 bytes)
Event: 283.486 Thread 0x0000015cb0003010 nmethod 7364 0x0000015ca6001c10 code [0x0000015ca6001e00, 0x0000015ca60022d8]
Event: 358.121 Thread 0x0000015cb0003010 7365       1       java.nio.channels.spi.AbstractSelector::begin (48 bytes)
Event: 358.122 Thread 0x0000015cb0003010 nmethod 7365 0x0000015ca6001490 code [0x0000015ca6001640, 0x0000015ca6001a28]
Event: 432.927 Thread 0x0000015cb0003010 7367       1       org.apache.catalina.core.ContainerBase::getBackgroundProcessorDelay (5 bytes)
Event: 432.928 Thread 0x0000015cb0003010 nmethod 7367 0x0000015ca6000d90 code [0x0000015ca6000f20, 0x0000015ca6000ff8]
Event: 432.928 Thread 0x0000015cb0003010 7368       1       org.apache.catalina.valves.ValveBase::backgroundProcess (1 bytes)
Event: 432.928 Thread 0x0000015cb0003010 nmethod 7368 0x0000015ca6000a90 code [0x0000015ca6000c20, 0x0000015ca6000cd8]
Event: 432.928 Thread 0x0000015cb0003010 7369       1       java.util.EventObject::getSource (5 bytes)
Event: 432.928 Thread 0x0000015cb0003010 nmethod 7369 0x0000015ca6000790 code [0x0000015ca6000920, 0x0000015ca60009f8]
Event: 443.676 Thread 0x0000015cb0003010 7370       1       java.net.Socket::isConnected (5 bytes)
Event: 443.676 Thread 0x0000015cb0003010 nmethod 7370 0x0000015ca6000490 code [0x0000015ca6000620, 0x0000015ca60006f8]

GC Heap History (20 events):
Event: 14.697 GC heap before
{Heap before GC invocations=18 (full 0):
 garbage-first heap   total 96256K, used 55745K [0x0000000084400000, 0x0000000100000000)
  region size 1024K, 16 young (16384K), 5 survivors (5120K)
 Metaspace       used 76583K, committed 77248K, reserved 1179648K
  class space    used 11133K, committed 11456K, reserved 1048576K
}
Event: 14.699 GC heap after
{Heap after GC invocations=19 (full 0):
 garbage-first heap   total 96256K, used 41375K [0x0000000084400000, 0x0000000100000000)
  region size 1024K, 2 young (2048K), 2 survivors (2048K)
 Metaspace       used 76583K, committed 77248K, reserved 1179648K
  class space    used 11133K, committed 11456K, reserved 1048576K
}
Event: 14.722 GC heap before
{Heap before GC invocations=19 (full 0):
 garbage-first heap   total 96256K, used 47519K [0x0000000084400000, 0x0000000100000000)
  region size 1024K, 8 young (8192K), 2 survivors (2048K)
 Metaspace       used 76583K, committed 77248K, reserved 1179648K
  class space    used 11133K, committed 11456K, reserved 1048576K
}
Event: 14.723 GC heap after
{Heap after GC invocations=20 (full 0):
 garbage-first heap   total 96256K, used 41999K [0x0000000084400000, 0x0000000100000000)
  region size 1024K, 3 young (3072K), 3 survivors (3072K)
 Metaspace       used 76583K, committed 77248K, reserved 1179648K
  class space    used 11133K, committed 11456K, reserved 1048576K
}
Event: 22.228 GC heap before
{Heap before GC invocations=20 (full 0):
 garbage-first heap   total 96256K, used 62479K [0x0000000084400000, 0x0000000100000000)
  region size 1024K, 23 young (23552K), 3 survivors (3072K)
 Metaspace       used 76713K, committed 77376K, reserved 1179648K
  class space    used 11156K, committed 11456K, reserved 1048576K
}
Event: 22.231 GC heap after
{Heap after GC invocations=21 (full 0):
 garbage-first heap   total 96256K, used 45985K [0x0000000084400000, 0x0000000100000000)
  region size 1024K, 4 young (4096K), 4 survivors (4096K)
 Metaspace       used 76713K, committed 77376K, reserved 1179648K
  class space    used 11156K, committed 11456K, reserved 1048576K
}
Event: 22.233 GC heap before
{Heap before GC invocations=21 (full 0):
 garbage-first heap   total 96256K, used 47009K [0x0000000084400000, 0x0000000100000000)
  region size 1024K, 4 young (4096K), 4 survivors (4096K)
 Metaspace       used 76713K, committed 77376K, reserved 1179648K
  class space    used 11156K, committed 11456K, reserved 1048576K
}
Event: 22.235 GC heap after
{Heap after GC invocations=22 (full 0):
 garbage-first heap   total 96256K, used 46526K [0x0000000084400000, 0x0000000100000000)
  region size 1024K, 0 young (0K), 0 survivors (0K)
 Metaspace       used 76713K, committed 77376K, reserved 1179648K
  class space    used 11156K, committed 11456K, reserved 1048576K
}
Event: 22.463 GC heap before
{Heap before GC invocations=23 (full 0):
 garbage-first heap   total 101376K, used 84414K [0x0000000084400000, 0x0000000100000000)
  region size 1024K, 25 young (25600K), 0 survivors (0K)
 Metaspace       used 76736K, committed 77376K, reserved 1179648K
  class space    used 11161K, committed 11456K, reserved 1048576K
}
Event: 22.465 GC heap after
{Heap after GC invocations=24 (full 0):
 garbage-first heap   total 101376K, used 51388K [0x0000000084400000, 0x0000000100000000)
  region size 1024K, 3 young (3072K), 3 survivors (3072K)
 Metaspace       used 76736K, committed 77376K, reserved 1179648K
  class space    used 11161K, committed 11456K, reserved 1048576K
}
Event: 22.511 GC heap before
{Heap before GC invocations=24 (full 0):
 garbage-first heap   total 101376K, used 51388K [0x0000000084400000, 0x0000000100000000)
  region size 1024K, 4 young (4096K), 3 survivors (3072K)
 Metaspace       used 76739K, committed 77376K, reserved 1179648K
  class space    used 11162K, committed 11456K, reserved 1048576K
}
Event: 22.513 GC heap after
{Heap after GC invocations=25 (full 0):
 garbage-first heap   total 121856K, used 51099K [0x0000000084400000, 0x0000000100000000)
  region size 1024K, 1 young (1024K), 1 survivors (1024K)
 Metaspace       used 76739K, committed 77376K, reserved 1179648K
  class space    used 11162K, committed 11456K, reserved 1048576K
}
Event: 22.619 GC heap before
{Heap before GC invocations=25 (full 0):
 garbage-first heap   total 121856K, used 58267K [0x0000000084400000, 0x0000000100000000)
  region size 1024K, 7 young (7168K), 1 survivors (1024K)
 Metaspace       used 76739K, committed 77376K, reserved 1179648K
  class space    used 11162K, committed 11456K, reserved 1048576K
}
Event: 22.621 GC heap after
{Heap after GC invocations=26 (full 0):
 garbage-first heap   total 121856K, used 55591K [0x0000000084400000, 0x0000000100000000)
  region size 1024K, 4 young (4096K), 4 survivors (4096K)
 Metaspace       used 76739K, committed 77376K, reserved 1179648K
  class space    used 11162K, committed 11456K, reserved 1048576K
}
Event: 22.622 GC heap before
{Heap before GC invocations=26 (full 0):
 garbage-first heap   total 121856K, used 56615K [0x0000000084400000, 0x0000000100000000)
  region size 1024K, 5 young (5120K), 4 survivors (4096K)
 Metaspace       used 76739K, committed 77376K, reserved 1179648K
  class space    used 11162K, committed 11456K, reserved 1048576K
}
Event: 22.623 GC heap after
{Heap after GC invocations=27 (full 0):
 garbage-first heap   total 121856K, used 54259K [0x0000000084400000, 0x0000000100000000)
  region size 1024K, 3 young (3072K), 3 survivors (3072K)
 Metaspace       used 76739K, committed 77376K, reserved 1179648K
  class space    used 11162K, committed 11456K, reserved 1048576K
}
Event: 22.633 GC heap before
{Heap before GC invocations=27 (full 0):
 garbage-first heap   total 121856K, used 56307K [0x0000000084400000, 0x0000000100000000)
  region size 1024K, 5 young (5120K), 3 survivors (3072K)
 Metaspace       used 76739K, committed 77376K, reserved 1179648K
  class space    used 11162K, committed 11456K, reserved 1048576K
}
Event: 22.635 GC heap after
{Heap after GC invocations=28 (full 0):
 garbage-first heap   total 121856K, used 55927K [0x0000000084400000, 0x0000000100000000)
  region size 1024K, 4 young (4096K), 4 survivors (4096K)
 Metaspace       used 76739K, committed 77376K, reserved 1179648K
  class space    used 11162K, committed 11456K, reserved 1048576K
}
Event: 22.636 GC heap before
{Heap before GC invocations=28 (full 0):
 garbage-first heap   total 121856K, used 57975K [0x0000000084400000, 0x0000000100000000)
  region size 1024K, 4 young (4096K), 4 survivors (4096K)
 Metaspace       used 76739K, committed 77376K, reserved 1179648K
  class space    used 11162K, committed 11456K, reserved 1048576K
}
Event: 22.640 GC heap after
{Heap after GC invocations=29 (full 0):
 garbage-first heap   total 291840K, used 57737K [0x0000000084400000, 0x0000000100000000)
  region size 1024K, 1 young (1024K), 1 survivors (1024K)
 Metaspace       used 76739K, committed 77376K, reserved 1179648K
  class space    used 11162K, committed 11456K, reserved 1048576K
}

Dll operation events (14 events):
Event: 0.018 Loaded shared library C:\Program Files\Microsoft\jdk-17.0.10.7-hotspot\bin\java.dll
Event: 0.067 Loaded shared library C:\Program Files\Microsoft\jdk-17.0.10.7-hotspot\bin\jsvml.dll
Event: 0.155 Loaded shared library C:\Program Files\Microsoft\jdk-17.0.10.7-hotspot\bin\zip.dll
Event: 0.158 Loaded shared library C:\Program Files\Microsoft\jdk-17.0.10.7-hotspot\bin\instrument.dll
Event: 0.165 Loaded shared library C:\Program Files\Microsoft\jdk-17.0.10.7-hotspot\bin\net.dll
Event: 0.166 Loaded shared library C:\Program Files\Microsoft\jdk-17.0.10.7-hotspot\bin\nio.dll
Event: 0.169 Loaded shared library C:\Program Files\Microsoft\jdk-17.0.10.7-hotspot\bin\zip.dll
Event: 0.290 Loaded shared library C:\Program Files\Microsoft\jdk-17.0.10.7-hotspot\bin\jimage.dll
Event: 0.298 Loaded shared library C:\Program Files\JetBrains\IntelliJ IDEA 2024.3\bin\breakgen64.dll
Event: 0.320 Loaded shared library C:\Program Files\Microsoft\jdk-17.0.10.7-hotspot\bin\extnet.dll
Event: 0.331 Loaded shared library C:\Program Files\Microsoft\jdk-17.0.10.7-hotspot\bin\management.dll
Event: 0.351 Loaded shared library C:\Program Files\Microsoft\jdk-17.0.10.7-hotspot\bin\management_ext.dll
Event: 1.767 Loaded shared library C:\Program Files\Microsoft\jdk-17.0.10.7-hotspot\bin\sunmscapi.dll
Event: 2.908 Loaded shared library C:\Program Files\Microsoft\jdk-17.0.10.7-hotspot\bin\verify.dll

Deoptimization events (2 events):
Event: 22.072 Thread 0x0000015cf7c2a5d0 DEOPT PACKING pc=0x0000015ca54965cc sp=0x00000011cecfd580
Event: 22.072 Thread 0x0000015cf7c2a5d0 DEOPT UNPACKING pc=0x0000015ca532ace3 sp=0x00000011cecfca40 mode 0

Classes unloaded (0 events):
No events

Classes redefined (0 events):
No events

Internal exceptions (20 events):
Event: 4.803 Thread 0x0000015c9d79e740 Exception <a 'java/lang/IncompatibleClassChangeError'{0x000000008bfc9af8}: Found class java.lang.Object, but interface was expected> (0x000000008bfc9af8) 
thrown [s\src\hotspot\share\interpreter\linkResolver.cpp, line 826]
Event: 4.832 Thread 0x0000015c9d79e740 Exception <a 'java/lang/NoSuchMethodError'{0x0000000089f9aed0}: 'java.lang.Object java.lang.invoke.DirectMethodHandle$Holder.invokeStatic(java.lang.Object, int, java.lang.Object)'> (0x0000000089f9aed0) 
thrown [s\src\hotspot\share\interpreter\linkResolver.cpp, line 759]
Event: 4.838 Thread 0x0000015c9d79e740 Exception <a 'java/lang/reflect/InvocationTargetException'{0x0000000089fd8200}> (0x0000000089fd8200) 
thrown [s\src\hotspot\share\runtime\reflection.cpp, line 1121]
Event: 4.861 Thread 0x0000015c9d79e740 Exception <a 'java/lang/reflect/InvocationTargetException'{0x0000000089d9a448}> (0x0000000089d9a448) 
thrown [s\src\hotspot\share\runtime\reflection.cpp, line 1121]
Event: 5.496 Thread 0x0000015c9d79e740 Exception <a 'java/lang/IncompatibleClassChangeError'{0x0000000087f387d8}: Found class java.lang.Object, but interface was expected> (0x0000000087f387d8) 
thrown [s\src\hotspot\share\interpreter\linkResolver.cpp, line 826]
Event: 5.502 Thread 0x0000015c9d79e740 Exception <a 'java/lang/NoSuchMethodError'{0x0000000087f9bc98}: 'java.lang.Object java.lang.invoke.DirectMethodHandle$Holder.invokeInterface(java.lang.Object, java.lang.Object, java.lang.Object, java.lang.Object)'> (0x0000000087f9bc98) 
thrown [s\src\hotspot\share\interpreter\linkResolver.cpp, line 759]
Event: 5.604 Thread 0x0000015c9d79e740 Exception <a 'java/lang/IncompatibleClassChangeError'{0x000000008771ac58}: Found class java.lang.Object, but interface was expected> (0x000000008771ac58) 
thrown [s\src\hotspot\share\interpreter\linkResolver.cpp, line 826]
Event: 5.612 Thread 0x0000015c9d79e740 Exception <a 'sun/nio/fs/WindowsException'{0x000000008760ad38}> (0x000000008760ad38) 
thrown [s\src\hotspot\share\prims\jni.cpp, line 516]
Event: 5.666 Thread 0x0000015c9d79e740 Exception <a 'java/lang/NoSuchMethodError'{0x000000008bf2b120}: 'java.lang.Object java.lang.invoke.DirectMethodHandle$Holder.invokeSpecial(java.lang.Object, java.lang.Object, java.lang.Object, java.lang.Object, java.lang.Object, java.lang.Object, java.lang.Object, java.lang.Object, java.lang.Object, java.lang.Object, java.lang.Object)'> (0x000000008bf2b120) 
thrown [s\src\hotspot\share\interpreter\linkResolver.cpp, line 759]
Event: 5.666 Thread 0x0000015c9d79e740 Exception <a 'java/lang/NoSuchMethodError'{0x000000008bf2f550}: 'java.lang.Object java.lang.invoke.Invokers$Holder.invoke_MT(java.lang.Object, java.lang.Object, java.lang.Object, java.lang.Object, java.lang.Object, java.lang.Object, java.lang.Object, java.lang.Object, java.lang.Object, java.lang.Object, java.lang.Object)'> (0x000000008bf2f550) 
thrown [s\src\hotspot\share\interpreter\linkResolver.cpp, line 759]
Event: 5.704 Thread 0x0000015c9d79e740 Exception <a 'java/lang/NoSuchMethodError'{0x0000000089e2cd58}: 'void java.lang.invoke.DirectMethodHandle$Holder.invokeVirtual(java.lang.Object, java.lang.Object, long)'> (0x0000000089e2cd58) 
thrown [s\src\hotspot\share\interpreter\linkResolver.cpp, line 759]
Event: 5.707 Thread 0x0000015c9d79e740 Exception <a 'java/lang/NoSuchMethodError'{0x0000000089e92890}: 'java.lang.Object java.lang.invoke.DirectMethodHandle$Holder.newInvokeSpecial(java.lang.Object, java.lang.Object, int, java.lang.Object, java.lang.Object)'> (0x0000000089e92890) 
thrown [s\src\hotspot\share\interpreter\linkResolver.cpp, line 759]
Event: 13.907 Thread 0x0000015cf7c2aae0 Exception <a 'java/lang/NoSuchMethodError'{0x00000000898a6060}: 'java.lang.Object java.lang.invoke.DirectMethodHandle$Holder.invokeSpecial(java.lang.Object, java.lang.Object, java.lang.Object, java.lang.Object, java.lang.Object, long)'> (0x00000000898a6060) 
thrown [s\src\hotspot\share\interpreter\linkResolver.cpp, line 759]
Event: 13.907 Thread 0x0000015cf7c2aae0 Exception <a 'java/lang/NoSuchMethodError'{0x00000000898a9aa0}: 'java.lang.Object java.lang.invoke.Invokers$Holder.linkToTargetMethod(java.lang.Object, java.lang.Object, java.lang.Object, long, java.lang.Object)'> (0x00000000898a9aa0) 
thrown [s\src\hotspot\share\interpreter\linkResolver.cpp, line 759]
Event: 13.998 Thread 0x0000015cf7c2aae0 Exception <a 'java/lang/IncompatibleClassChangeError'{0x000000008929bfb8}: Found class java.lang.Object, but interface was expected> (0x000000008929bfb8) 
thrown [s\src\hotspot\share\interpreter\linkResolver.cpp, line 826]
Event: 14.163 Thread 0x0000015cf7c2aae0 Exception <a 'java/lang/IncompatibleClassChangeError'{0x0000000088b78650}: Found class java.lang.Object, but interface was expected> (0x0000000088b78650) 
thrown [s\src\hotspot\share\interpreter\linkResolver.cpp, line 826]
Event: 14.196 Thread 0x0000015cf7c2aae0 Exception <a 'java/lang/NoSuchMethodError'{0x000000008879a8b8}: 'void java.lang.invoke.DirectMethodHandle$Holder.invokeSpecialIFC(java.lang.Object, java.lang.Object, int, java.lang.Object, java.lang.Object, java.lang.Object, java.lang.Object)'> (0x000000008879a8b8) 
thrown [s\src\hotspot\share\interpreter\linkResolver.cpp, line 759]
Event: 14.220 Thread 0x0000015cf7c2aae0 Exception <a 'java/lang/IncompatibleClassChangeError'{0x000000008856a310}: Found class java.lang.Object, but interface was expected> (0x000000008856a310) 
thrown [s\src\hotspot\share\interpreter\linkResolver.cpp, line 826]
Event: 443.638 Thread 0x0000015cb0901380 Exception <a 'java/net/SocketException'{0x0000000093469110}: No buffer space available (maximum connections reached?): no further information> (0x0000000093469110) 
thrown [s\src\hotspot\share\prims\jni.cpp, line 535]
Event: 443.702 Thread 0x0000015cb0763430 Exception <a 'java/lang/Error'{0x000000009346f1b0}: IP Helper Library GetIpAddrTable function failed> (0x000000009346f1b0) 
thrown [s\src\hotspot\share\prims\jni.cpp, line 535]

VM Operations (20 events):
Event: 131.702 Executing VM operation: Cleanup
Event: 131.703 Executing VM operation: Cleanup done
Event: 133.716 Executing VM operation: Cleanup
Event: 133.716 Executing VM operation: Cleanup done
Event: 135.733 Executing VM operation: Cleanup
Event: 135.733 Executing VM operation: Cleanup done
Event: 138.749 Executing VM operation: Cleanup
Event: 138.749 Executing VM operation: Cleanup done
Event: 193.122 Executing VM operation: Cleanup
Event: 193.122 Executing VM operation: Cleanup done
Event: 201.164 Executing VM operation: Cleanup
Event: 201.164 Executing VM operation: Cleanup done
Event: 202.177 Executing VM operation: Cleanup
Event: 202.177 Executing VM operation: Cleanup done
Event: 204.201 Executing VM operation: Cleanup
Event: 204.201 Executing VM operation: Cleanup done
Event: 213.276 Executing VM operation: Cleanup
Event: 213.276 Executing VM operation: Cleanup done
Event: 263.711 Executing VM operation: Cleanup
Event: 263.711 Executing VM operation: Cleanup done

Events (20 events):
Event: 16.674 Thread 0x0000015cb0954e90 Thread exited: 0x0000015cb0954e90
Event: 17.682 Thread 0x0000015cb0955e80 Thread exited: 0x0000015cb0955e80
Event: 22.022 loading class java/util/concurrent/locks/ReentrantReadWriteLock$Sync$HoldCounter
Event: 22.022 loading class java/util/concurrent/locks/ReentrantReadWriteLock$Sync$HoldCounter done
Event: 22.468 Thread 0x0000015cb09543f0 Thread added: 0x0000015cb09543f0
Event: 23.589 Thread 0x0000015cb09543f0 Thread exited: 0x0000015cb09543f0
Event: 55.752 Thread 0x0000015cb09553e0 Thread added: 0x0000015cb09553e0
Event: 55.813 loading class java/text/ParsePosition
Event: 55.814 loading class java/text/ParsePosition done
Event: 55.814 loading class java/time/format/DateTimeParseContext
Event: 55.814 loading class java/time/format/DateTimeParseContext done
Event: 55.814 loading class java/time/format/Parsed
Event: 55.815 loading class java/time/format/Parsed done
Event: 60.737 Thread 0x0000015cb09553e0 Thread exited: 0x0000015cb09553e0
Event: 108.789 Thread 0x0000015cb09543f0 Thread added: 0x0000015cb09543f0
Event: 108.815 Thread 0x0000015cb0954940 Thread added: 0x0000015cb0954940
Event: 115.228 Thread 0x0000015cb0954940 Thread exited: 0x0000015cb0954940
Event: 115.228 Thread 0x0000015cb09543f0 Thread exited: 0x0000015cb09543f0
Event: 443.645 loading class sun/net/ConnectionResetException
Event: 443.659 loading class sun/net/ConnectionResetException done


Dynamic libraries:
0x00007ff7a5c40000 - 0x00007ff7a5c4e000 	C:\Program Files\Microsoft\jdk-17.0.10.7-hotspot\bin\java.exe
0x00007ffae1a40000 - 0x00007ffae1ca3000 	C:\WINDOWS\SYSTEM32\ntdll.dll
0x00007ffadfb20000 - 0x00007ffadfbe8000 	C:\WINDOWS\System32\KERNEL32.DLL
0x00007ffadee10000 - 0x00007ffadf1c2000 	C:\WINDOWS\System32\KERNELBASE.dll
0x00007ffadf280000 - 0x00007ffadf3cb000 	C:\WINDOWS\System32\ucrtbase.dll
0x00007ffabeea0000 - 0x00007ffabeebb000 	C:\Program Files\Microsoft\jdk-17.0.10.7-hotspot\bin\VCRUNTIME140.dll
0x00007ffac08b0000 - 0x00007ffac08c7000 	C:\Program Files\Microsoft\jdk-17.0.10.7-hotspot\bin\jli.dll
0x00007ffadf8a0000 - 0x00007ffadfa68000 	C:\WINDOWS\System32\USER32.dll
0x00007ffadf7b0000 - 0x00007ffadf7d7000 	C:\WINDOWS\System32\win32u.dll
0x00007ffabe020000 - 0x00007ffabe2b0000 	C:\WINDOWS\WinSxS\amd64_microsoft.windows.common-controls_6595b64144ccf1df_6.0.26100.2454_none_3e0b68a2e331ad60\COMCTL32.dll
0x00007ffadfe50000 - 0x00007ffadfe7a000 	C:\WINDOWS\System32\GDI32.dll
0x00007ffae1950000 - 0x00007ffae19f9000 	C:\WINDOWS\System32\msvcrt.dll
0x00007ffadf680000 - 0x00007ffadf7ab000 	C:\WINDOWS\System32\gdi32full.dll
0x00007ffadf1d0000 - 0x00007ffadf273000 	C:\WINDOWS\System32\msvcp_win.dll
0x00007ffae16f0000 - 0x00007ffae171f000 	C:\WINDOWS\System32\IMM32.DLL
0x00007ffad5ce0000 - 0x00007ffad5cec000 	C:\Program Files\Microsoft\jdk-17.0.10.7-hotspot\bin\vcruntime140_1.dll
0x00007ffabee10000 - 0x00007ffabee9d000 	C:\Program Files\Microsoft\jdk-17.0.10.7-hotspot\bin\msvcp140.dll
0x00007ffa85df0000 - 0x00007ffa86a55000 	C:\Program Files\Microsoft\jdk-17.0.10.7-hotspot\bin\server\jvm.dll
0x00007ffadfbf0000 - 0x00007ffadfca4000 	C:\WINDOWS\System32\ADVAPI32.dll
0x00007ffadfa70000 - 0x00007ffadfb16000 	C:\WINDOWS\System32\sechost.dll
0x00007ffae1730000 - 0x00007ffae1846000 	C:\WINDOWS\System32\RPCRT4.dll
0x00007ffadda90000 - 0x00007ffaddade000 	C:\WINDOWS\SYSTEM32\POWRPROF.dll
0x00007ffad27b0000 - 0x00007ffad27e6000 	C:\WINDOWS\SYSTEM32\WINMM.dll
0x00007ffaccc00000 - 0x00007ffaccc0a000 	C:\WINDOWS\SYSTEM32\WSOCK32.dll
0x00007ffae0e50000 - 0x00007ffae0ec4000 	C:\WINDOWS\System32\WS2_32.dll
0x00007ffad2110000 - 0x00007ffad211b000 	C:\WINDOWS\SYSTEM32\VERSION.dll
0x00007ffadda70000 - 0x00007ffadda84000 	C:\WINDOWS\SYSTEM32\UMPDC.dll
0x00007ffaddd30000 - 0x00007ffaddd4a000 	C:\WINDOWS\SYSTEM32\kernel.appcore.dll
0x00007ffad5cb0000 - 0x00007ffad5cba000 	C:\Program Files\Microsoft\jdk-17.0.10.7-hotspot\bin\jimage.dll
0x00007ffadc300000 - 0x00007ffadc541000 	C:\WINDOWS\SYSTEM32\DBGHELP.DLL
0x00007ffae02c0000 - 0x00007ffae063e000 	C:\WINDOWS\System32\combase.dll
0x00007ffadffc0000 - 0x00007ffae0096000 	C:\WINDOWS\System32\OLEAUT32.dll
0x00007ffac4080000 - 0x00007ffac40b9000 	C:\WINDOWS\SYSTEM32\dbgcore.DLL
0x00007ffadf550000 - 0x00007ffadf5e9000 	C:\WINDOWS\System32\bcryptPrimitives.dll
0x00007ffad25c0000 - 0x00007ffad25ce000 	C:\Program Files\Microsoft\jdk-17.0.10.7-hotspot\bin\instrument.dll
0x00007ffabede0000 - 0x00007ffabee05000 	C:\Program Files\Microsoft\jdk-17.0.10.7-hotspot\bin\java.dll
0x00007ffabeaf0000 - 0x00007ffabebc7000 	C:\Program Files\Microsoft\jdk-17.0.10.7-hotspot\bin\jsvml.dll
0x00007ffae0f60000 - 0x00007ffae1660000 	C:\WINDOWS\System32\SHELL32.dll
0x00007ffadcb00000 - 0x00007ffadd331000 	C:\WINDOWS\SYSTEM32\windows.storage.dll
0x00007ffae1870000 - 0x00007ffae194a000 	C:\WINDOWS\System32\SHCORE.dll
0x00007ffae0260000 - 0x00007ffae02bd000 	C:\WINDOWS\System32\shlwapi.dll
0x00007ffaded20000 - 0x00007ffaded4e000 	C:\WINDOWS\SYSTEM32\profapi.dll
0x00007ffabed80000 - 0x00007ffabed98000 	C:\Program Files\Microsoft\jdk-17.0.10.7-hotspot\bin\zip.dll
0x00007ffabedc0000 - 0x00007ffabedd9000 	C:\Program Files\Microsoft\jdk-17.0.10.7-hotspot\bin\net.dll
0x00007ffad2410000 - 0x00007ffad2536000 	C:\WINDOWS\SYSTEM32\WINHTTP.dll
0x00007ffade260000 - 0x00007ffade2c8000 	C:\WINDOWS\system32\mswsock.dll
0x00007ffabeda0000 - 0x00007ffabedb6000 	C:\Program Files\Microsoft\jdk-17.0.10.7-hotspot\bin\nio.dll
0x00007ffabed60000 - 0x00007ffabed7a000 	C:\Program Files\JetBrains\IntelliJ IDEA 2024.3\bin\breakgen64.dll
0x00007ffadd750000 - 0x00007ffadd875000 	C:\WINDOWS\SYSTEM32\DNSAPI.dll
0x00007ffadd6c0000 - 0x00007ffadd6f2000 	C:\WINDOWS\SYSTEM32\IPHLPAPI.DLL
0x00007ffae1850000 - 0x00007ffae185a000 	C:\WINDOWS\System32\NSI.dll
0x00007ffad2120000 - 0x00007ffad212b000 	C:\Windows\System32\rasadhlp.dll
0x00007ffad4040000 - 0x00007ffad40c5000 	C:\WINDOWS\System32\fwpuclnt.dll
0x00007ffaccd30000 - 0x00007ffaccd39000 	C:\Program Files\Microsoft\jdk-17.0.10.7-hotspot\bin\extnet.dll
0x00007ffabed50000 - 0x00007ffabed59000 	C:\Program Files\Microsoft\jdk-17.0.10.7-hotspot\bin\management.dll
0x00007ffabed40000 - 0x00007ffabed4b000 	C:\Program Files\Microsoft\jdk-17.0.10.7-hotspot\bin\management_ext.dll
0x00007ffae0200000 - 0x00007ffae0208000 	C:\WINDOWS\System32\PSAPI.DLL
0x00007ffade500000 - 0x00007ffade51c000 	C:\WINDOWS\SYSTEM32\CRYPTSP.dll
0x00007ffaddc90000 - 0x00007ffaddcc8000 	C:\WINDOWS\system32\rsaenh.dll
0x00007ffade300000 - 0x00007ffade32b000 	C:\WINDOWS\SYSTEM32\USERENV.dll
0x00007ffade740000 - 0x00007ffade766000 	C:\WINDOWS\SYSTEM32\bcrypt.dll
0x00007ffade520000 - 0x00007ffade52c000 	C:\WINDOWS\SYSTEM32\CRYPTBASE.dll
0x00007ffad2590000 - 0x00007ffad25ae000 	C:\WINDOWS\SYSTEM32\dhcpcsvc6.DLL
0x00007ffad2560000 - 0x00007ffad2585000 	C:\WINDOWS\SYSTEM32\dhcpcsvc.DLL
0x00007ffabea50000 - 0x00007ffabea68000 	C:\WINDOWS\system32\napinsp.dll
0x00007ffabe980000 - 0x00007ffabe992000 	C:\WINDOWS\System32\winrnr.dll
0x00007ffabe900000 - 0x00007ffabe922000 	C:\WINDOWS\system32\nlansp_c.dll
0x00007ffac9890000 - 0x00007ffac98a6000 	C:\WINDOWS\system32\wshbth.dll
0x00007ffac2bc0000 - 0x00007ffac2c16000 	C:\WINDOWS\SYSTEM32\pdh.dll
0x00007ffabac60000 - 0x00007ffabac72000 	C:\WINDOWS\System32\perfproc.dll
0x00007ffabed30000 - 0x00007ffabed3e000 	C:\Program Files\Microsoft\jdk-17.0.10.7-hotspot\bin\sunmscapi.dll
0x00007ffadf3d0000 - 0x00007ffadf546000 	C:\WINDOWS\System32\CRYPT32.dll
0x00007ffade700000 - 0x00007ffade730000 	C:\WINDOWS\SYSTEM32\ncrypt.dll
0x00007ffade6b0000 - 0x00007ffade6ef000 	C:\WINDOWS\SYSTEM32\NTASN1.dll
0x00007ffabed20000 - 0x00007ffabed30000 	C:\Program Files\Microsoft\jdk-17.0.10.7-hotspot\bin\verify.dll
0x00007ffacd300000 - 0x00007ffacd308000 	C:\WINDOWS\system32\wshunix.dll

dbghelp: loaded successfully - version: 4.0.5 - missing functions: none
symbol engine: initialized successfully - sym options: 0x614 - pdb path: .;C:\Program Files\Microsoft\jdk-17.0.10.7-hotspot\bin;C:\WINDOWS\SYSTEM32;C:\WINDOWS\WinSxS\amd64_microsoft.windows.common-controls_6595b64144ccf1df_6.0.26100.2454_none_3e0b68a2e331ad60;C:\Program Files\Microsoft\jdk-17.0.10.7-hotspot\bin\server;C:\Program Files\JetBrains\IntelliJ IDEA 2024.3\bin

VM Arguments:
jvm_args: -XX:TieredStopAtLevel=1 -Dspring.output.ansi.enabled=always -Dcom.sun.management.jmxremote -Dspring.jmx.enabled=true -Dspring.liveBeansView.mbeanDomain -Dspring.application.admin.enabled=true -Dmanagement.endpoints.jmx.exposure.include=* -javaagent:C:\Program Files\JetBrains\IntelliJ IDEA 2024.3\lib\idea_rt.jar=54322:C:\Program Files\JetBrains\IntelliJ IDEA 2024.3\bin -Dfile.encoding=UTF-8 
java_command: org.example.hotelbookingappbackend.HotelBookingAppBackendApplication
java_class_path (initial): D:\Workspace\Java\Java-spring-boot-3\tu-hoc\hotel-booking-app-backend\target\classes;C:\Users\DELL\.m2\repository\org\springframework\boot\spring-boot-starter-data-jpa\3.4.0\spring-boot-starter-data-jpa-3.4.0.jar;C:\Users\DELL\.m2\repository\org\springframework\boot\spring-boot-starter\3.4.0\spring-boot-starter-3.4.0.jar;C:\Users\DELL\.m2\repository\org\springframework\boot\spring-boot\3.4.0\spring-boot-3.4.0.jar;C:\Users\DELL\.m2\repository\org\springframework\boot\spring-boot-autoconfigure\3.4.0\spring-boot-autoconfigure-3.4.0.jar;C:\Users\DELL\.m2\repository\org\springframework\boot\spring-boot-starter-logging\3.4.0\spring-boot-starter-logging-3.4.0.jar;C:\Users\DELL\.m2\repository\ch\qos\logback\logback-classic\1.5.12\logback-classic-1.5.12.jar;C:\Users\DELL\.m2\repository\ch\qos\logback\logback-core\1.5.12\logback-core-1.5.12.jar;C:\Users\DELL\.m2\repository\org\apache\logging\log4j\log4j-to-slf4j\2.24.1\log4j-to-slf4j-2.24.1.jar;C:\Users\DELL\.m2\repository\org\apache\logging\log4j\log4j-api\2.24.1\log4j-api-2.24.1.jar;C:\Users\DELL\.m2\repository\org\slf4j\jul-to-slf4j\2.0.16\jul-to-slf4j-2.0.16.jar;C:\Users\DELL\.m2\repository\jakarta\annotation\jakarta.annotation-api\2.1.1\jakarta.annotation-api-2.1.1.jar;C:\Users\DELL\.m2\repository\org\yaml\snakeyaml\2.3\snakeyaml-2.3.jar;C:\Users\DELL\.m2\repository\org\springframework\boot\spring-boot-starter-jdbc\3.4.0\spring-boot-starter-jdbc-3.4.0.jar;C:\Users\DELL\.m2\repository\com\zaxxer\HikariCP\5.1.0\HikariCP-5.1.0.jar;C:\Users\DELL\.m2\repository\org\springframework\spring-jdbc\6.2.0\spring-jdbc-6.2.0.jar;C:\Users\DELL\.m2\repository\org\hibernate\orm\hibernate-core\6.6.2.Final\hibernate-core-6.6.2.Final.jar;C:\Users\DELL\.m2\repository\jakarta\persistence\jakarta.persistence-api\3.1.0\jakarta.persistence-api-3.1.0.jar;C:\Users\DELL\.m2\repository\jakarta\transaction\jakarta.transaction-api\2.0.1\jakarta.transaction-api-2.0.1.jar;C:\Users\DELL\.m2\repository\org\jboss\logging\jboss-
Launcher Type: SUN_STANDARD

[Global flags]
     intx CICompilerCount                          = 4                                         {product} {ergonomic}
     uint ConcGCThreads                            = 2                                         {product} {ergonomic}
     uint G1ConcRefinementThreads                  = 8                                         {product} {ergonomic}
   size_t G1HeapRegionSize                         = 1048576                                   {product} {ergonomic}
    uintx GCDrainStackTargetSize                   = 64                                        {product} {ergonomic}
   size_t InitialHeapSize                          = 130023424                                 {product} {ergonomic}
     bool ManagementServer                         = true                                      {product} {command line}
   size_t MarkStackSize                            = 4194304                                   {product} {ergonomic}
   size_t MaxHeapSize                              = 2076180480                                {product} {ergonomic}
   size_t MaxNewSize                               = 1245708288                                {product} {ergonomic}
   size_t MinHeapDeltaBytes                        = 1048576                                   {product} {ergonomic}
   size_t MinHeapSize                              = 8388608                                   {product} {ergonomic}
    uintx NonProfiledCodeHeapSize                  = 0                                      {pd product} {ergonomic}
     bool ProfileInterpreter                       = false                                  {pd product} {command line}
    uintx ProfiledCodeHeapSize                     = 0                                      {pd product} {ergonomic}
   size_t SoftMaxHeapSize                          = 2076180480                             {manageable} {ergonomic}
     intx TieredStopAtLevel                        = 1                                         {product} {command line}
     bool UseCompressedClassPointers               = true                           {product lp64_product} {ergonomic}
     bool UseCompressedOops                        = true                           {product lp64_product} {ergonomic}
     bool UseG1GC                                  = true                                      {product} {ergonomic}
     bool UseLargePagesIndividualAllocation        = false                                  {pd product} {ergonomic}

Logging:
Log output configuration:
 #0: stdout all=warning uptime,level,tags
 #1: stderr all=off uptime,level,tags

Environment Variables:
JAVA_HOME=C:\Program Files\Microsoft\jdk-17.0.10.7-hotspot\
PATH=C:\Program Files\Microsoft\jdk-17.0.10.7-hotspot\bin;C:\Program Files\Common Files\Oracle\Java\javapath;C:\Program Files (x86)\Common Files\Oracle\Java\java8path;C:\Program Files (x86)\Common Files\Oracle\Java\javapath;C:\Users\DELL\AppData\Local\Programs\Python\Python39\Scripts\;C:\Users\DELL\AppData\Local\Programs\Python\Python39\;C:\Program Files\Python39\Scripts\;C:\Program Files\Python39\;C:\Windows\system32;C:\Windows;C:\Windows\System32\Wbem;C:\Windows\System32\WindowsPowerShell\v1.0\;C:\Windows\System32\OpenSSH\;C:\Program Files\NVIDIA Corporation\NVIDIA NvDLISR;C:\WINDOWS\system32;C:\WINDOWS;C:\WINDOWS\System32\Wbem;C:\WINDOWS\System32\WindowsPowerShell\v1.0\;C:\WINDOWS\System32\OpenSSH\;C:\MinGW\bin;C:\Program Files\Java\jdk-17\bin;C:\Program Files\Azure Data Studio\bin;%HADOOP_HOME%\bin;%HADOOP_HOME%\sbin;C:\Program Files\Microsoft\jdk-17.0.10.7-hotspot\\bin;%SPARK_HOME%\bin;%SPARK_HOME%\sbin;C:\Program Files\nodejs\;C:\ProgramData\chocolatey\bin;C:\Program Files\Microsoft SQL Server\150\Tools\Binn\;C:\Program Files\Microsoft SQL Server\Client SDK\ODBC\170\Tools\Binn\;C:\Program Files (x86)\Microsoft SQL Server\160\Tools\Binn\;C:\Program Files\Microsoft SQL Server\160\Tools\Binn\;C:\Program Files\Microsoft SQL Server\160\DTS\Binn\;C:\Program Files (x86)\Microsoft SQL Server\160\DTS\Binn\;C:\Program Files\dotnet\;C:\Program Files\Git\cmd;C:\Program Files\Git\mingw64\bin;C:\Program Files\Git\usr\bin;C:\Program Files\Docker\Docker\resources\bin;%MAVEN_HOME%\bin;C:\Users\DELL\Downloads\apache-maven-3.9.9-bin\apache-maven-3.9.9\bin;C:\Users\DELL\Downloads\apache-maven-3.9.9-bin\apache-maven-3.9.9\bin;C:\Program Files\dotnet;C:\Program Files (x86)\dotnet;C:\Users\DELL\.dotnet\tools;C:\Users\DELL\AppData\Local\Programs\Python\Python312\Scripts\;C:\Users\DELL\AppData\Local\Programs\Python\Python312\;C:\Users\DELL\AppData\Local\Programs\Python\Python311\Scripts\;C:\Users\DELL\AppData\Local\Programs\Python\Python311\;C:\Users\DELL\AppData\Local\Microsoft\WindowsA
USERNAME=DELL
OS=Windows_NT
PROCESSOR_IDENTIFIER=Intel64 Family 6 Model 140 Stepping 1, GenuineIntel
TMP=C:\Users\DELL\AppData\Local\Temp
TEMP=C:\Users\DELL\AppData\Local\Temp



Periodic native trim disabled


---------------  S Y S T E M  ---------------

OS:
 Windows 11 , 64 bit Build 26100 (10.0.26100.2454)
OS uptime: 0 days 1:41 hours
Hyper-V role detected

CPU: total 8 (initial active 8) (4 cores per cpu, 2 threads per core) family 6 model 140 stepping 1 microcode 0xb8, cx8, cmov, fxsr, ht, mmx, 3dnowpref, sse, sse2, sse3, ssse3, sse4.1, sse4.2, popcnt, lzcnt, tsc, tscinvbit, avx, avx2, aes, erms, clmul, bmi1, bmi2, adx, avx512f, avx512dq, avx512cd, avx512bw, avx512vl, sha, fma, vzeroupper, avx512_vpopcntdq, avx512_vpclmulqdq, avx512_vaes, avx512_vnni, clflush, clflushopt, clwb, avx512_vbmi2, avx512_vbmi, hv
Processor Information for all 8 processors :
  Max Mhz: 2803, Current Mhz: 2803, Mhz Limit: 2803

Memory: 4k page, system-wide physical 7914M (536M free)
TotalPageFile size 18215M (AvailPageFile size 0M)
current process WorkingSet (physical memory assigned to process): 22M, peak: 308M
current process commit charge ("private bytes"): 502M, peak: 502M

vm_info: OpenJDK 64-Bit Server VM (17.0.10+7-LTS) for windows-amd64 JRE (17.0.10+7-LTS), built on Jan 10 2024 19:47:12 by "MicrosoftCorporation" with MS VC++ 16.10 / 16.11 (VS2019)

END.
