#
# There is insufficient memory for the Java Runtime Environment to continue.
# Native memory allocation (mmap) failed to map 301989888 bytes for G1 virtual space
# Possible reasons:
#   The system is out of physical RAM or swap space
#   The process is running with CompressedOops enabled, and the Java Heap may be blocking the growth of the native heap
# Possible solutions:
#   Reduce memory load on the system
#   Increase physical memory or swap space
#   Check if swap backing store is full
#   Decrease Java heap size (-Xmx/-Xms)
#   Decrease number of Java threads
#   Decrease Java thread stack sizes (-Xss)
#   Set larger code cache with -XX:ReservedCodeCacheSize=
#   JVM is running with Unscaled Compressed Oops mode in which the Java heap is
#     placed in the first 4GB address space. The Java Heap base address is the
#     maximum limit for the native heap growth. Please use -XX:HeapBaseMinAddress
#     to set the Java Heap base and to place the Java Heap above 4GB virtual address.
# This output file may be truncated or incomplete.
#
#  Out of Memory Error (os_windows.cpp:3613), pid=25332, tid=4260
#
# JRE version: OpenJDK Runtime Environment Microsoft-8902769 (17.0.10+7) (build 17.0.10+7-LTS)
# Java VM: OpenJDK 64-Bit Server VM Microsoft-8902769 (17.0.10+7-LTS, mixed mode, emulated-client, sharing, tiered, compressed oops, compressed class ptrs, g1 gc, windows-amd64)
# No core dump will be written. Minidumps are not enabled by default on client versions of Windows
#

---------------  S U M M A R Y ------------

Command Line: -XX:TieredStopAtLevel=1 -Dspring.output.ansi.enabled=always -Dcom.sun.management.jmxremote -Dspring.jmx.enabled=true -Dspring.liveBeansView.mbeanDomain -Dspring.application.admin.enabled=true -Dmanagement.endpoints.jmx.exposure.include=* -javaagent:C:\Program Files\JetBrains\IntelliJ IDEA 2024.3\lib\idea_rt.jar=54564:C:\Program Files\JetBrains\IntelliJ IDEA 2024.3\bin -Dfile.encoding=UTF-8 org.example.hotelbookingappbackend.HotelBookingAppBackendApplication

Host: 11th Gen Intel(R) Core(TM) i7-1165G7 @ 2.80GHz, 8 cores, 7G,  Windows 11 , 64 bit Build 26100 (10.0.26100.2454)
Time: Mon Dec 30 16:36:08 2024 SE Asia Standard Time elapsed time: 23.742463 seconds (0d 0h 0m 23s)

---------------  T H R E A D  ---------------

Current thread (0x000002357fbb6e60):  VMThread "VM Thread" [stack: 0x0000008f6ee00000,0x0000008f6ef00000] [id=4260]

Stack: [0x0000008f6ee00000,0x0000008f6ef00000]
Native frames: (J=compiled Java code, j=interpreted, Vv=VM code, C=native code)
V  [jvm.dll+0x67f829]
V  [jvm.dll+0x83750a]
V  [jvm.dll+0x838fce]
V  [jvm.dll+0x839633]
V  [jvm.dll+0x247cbf]
V  [jvm.dll+0x67c669]
V  [jvm.dll+0x6710da]
V  [jvm.dll+0x309b8b]
V  [jvm.dll+0x311036]
V  [jvm.dll+0x360d5e]
V  [jvm.dll+0x360f8f]
V  [jvm.dll+0x2e0798]
V  [jvm.dll+0x2de974]
V  [jvm.dll+0x2ddf7c]
V  [jvm.dll+0x32200b]
V  [jvm.dll+0x83db2b]
V  [jvm.dll+0x83e871]
V  [jvm.dll+0x83ed8d]
V  [jvm.dll+0x83f164]
V  [jvm.dll+0x83f230]
V  [jvm.dll+0x7e69da]
V  [jvm.dll+0x67e715]
C  [ucrtbase.dll+0x14ea0]
C  [KERNEL32.DLL+0x2e8d7]
C  [ntdll.dll+0xdfbcc]

VM_Operation (0x0000008f71bfc1f0): G1CollectForAllocation, mode: safepoint, requested by thread 0x0000023550a65230


---------------  P R O C E S S  ---------------

Threads class SMR info:
_java_thread_list=0x0000023550669410, length=34, elements={
0x000002357fbbcf20, 0x000002357fbc0460, 0x000002357fbd22f0, 0x000002357fbd6cc0,
0x000002357fbd8c00, 0x000002357fbda8d0, 0x000002357fbdf5c0, 0x000002357fbe5fd0,
0x000002354e0a7ba0, 0x000002354e4a9640, 0x000002354e4a9f20, 0x000002354e6dd390,
0x000002354e6fbe30, 0x000002354e74c560, 0x000002354e786800, 0x000002354f33c2a0,
0x000002354f33f030, 0x000002354f33d1d0, 0x000002354f33e610, 0x000002354f33d6e0,
0x0000023550a61570, 0x0000023550a63df0, 0x0000023550a61f90, 0x0000023550a629b0,
0x0000023550a633d0, 0x0000023550a638e0, 0x0000023550a64300, 0x0000023550a64810,
0x0000023550a64d20, 0x0000023550a65230, 0x0000023550a61a80, 0x0000023550a65c50,
0x0000023550a684d0, 0x000002354e93fa20
}

Java Threads: ( => current thread )
  0x000002357fbbcf20 JavaThread "Reference Handler" daemon [_thread_blocked, id=11688, stack(0x0000008f6ef00000,0x0000008f6f000000)]
  0x000002357fbc0460 JavaThread "Finalizer" daemon [_thread_blocked, id=11132, stack(0x0000008f6f000000,0x0000008f6f100000)]
  0x000002357fbd22f0 JavaThread "Signal Dispatcher" daemon [_thread_blocked, id=15816, stack(0x0000008f6f100000,0x0000008f6f200000)]
  0x000002357fbd6cc0 JavaThread "Attach Listener" daemon [_thread_blocked, id=11628, stack(0x0000008f6f200000,0x0000008f6f300000)]
  0x000002357fbd8c00 JavaThread "Service Thread" daemon [_thread_blocked, id=24204, stack(0x0000008f6f300000,0x0000008f6f400000)]
  0x000002357fbda8d0 JavaThread "Monitor Deflation Thread" daemon [_thread_blocked, id=2692, stack(0x0000008f6f400000,0x0000008f6f500000)]
  0x000002357fbdf5c0 JavaThread "C1 CompilerThread0" daemon [_thread_blocked, id=25288, stack(0x0000008f6f500000,0x0000008f6f600000)]
  0x000002357fbe5fd0 JavaThread "Sweeper thread" daemon [_thread_blocked, id=6648, stack(0x0000008f6f600000,0x0000008f6f700000)]
  0x000002354e0a7ba0 JavaThread "Common-Cleaner" daemon [_thread_blocked, id=4044, stack(0x0000008f6f700000,0x0000008f6f800000)]
  0x000002354e4a9640 JavaThread "Monitor Ctrl-Break" daemon [_thread_in_native, id=23292, stack(0x0000008f6f900000,0x0000008f6fa00000)]
  0x000002354e4a9f20 JavaThread "Notification Thread" daemon [_thread_blocked, id=16472, stack(0x0000008f6fa00000,0x0000008f6fb00000)]
  0x000002354e6dd390 JavaThread "RMI TCP Accept-0" daemon [_thread_in_native, id=5708, stack(0x0000008f6fd00000,0x0000008f6fe00000)]
  0x000002354e6fbe30 JavaThread "RMI TCP Connection(1)-192.168.1.12" daemon [_thread_blocked, id=3868, stack(0x0000008f6ff00000,0x0000008f70000000)]
  0x000002354e74c560 JavaThread "RMI Scheduler(0)" daemon [_thread_blocked, id=17092, stack(0x0000008f70000000,0x0000008f70100000)]
  0x000002354e786800 JavaThread "JMX server connection timeout 20" daemon [_thread_blocked, id=23600, stack(0x0000008f70100000,0x0000008f70200000)]
  0x000002354f33c2a0 JavaThread "Catalina-utility-1" [_thread_blocked, id=1084, stack(0x0000008f70a00000,0x0000008f70b00000)]
  0x000002354f33f030 JavaThread "Catalina-utility-2" [_thread_blocked, id=10216, stack(0x0000008f70c00000,0x0000008f70d00000)]
  0x000002354f33d1d0 JavaThread "container-0" [_thread_blocked, id=11704, stack(0x0000008f70d00000,0x0000008f70e00000)]
  0x000002354f33e610 JavaThread "mysql-cj-abandoned-connection-cleanup" daemon [_thread_blocked, id=1676, stack(0x0000008f70e00000,0x0000008f70f00000)]
  0x000002354f33d6e0 JavaThread "HikariPool-1 housekeeper" daemon [_thread_blocked, id=12344, stack(0x0000008f71000000,0x0000008f71100000)]
  0x0000023550a61570 JavaThread "http-nio-8080-exec-1" daemon [_thread_blocked, id=7208, stack(0x0000008f71200000,0x0000008f71300000)]
  0x0000023550a63df0 JavaThread "http-nio-8080-exec-2" daemon [_thread_blocked, id=25168, stack(0x0000008f71300000,0x0000008f71400000)]
  0x0000023550a61f90 JavaThread "http-nio-8080-exec-3" daemon [_thread_blocked, id=25536, stack(0x0000008f71400000,0x0000008f71500000)]
  0x0000023550a629b0 JavaThread "http-nio-8080-exec-4" daemon [_thread_blocked, id=21736, stack(0x0000008f71500000,0x0000008f71600000)]
  0x0000023550a633d0 JavaThread "http-nio-8080-exec-5" daemon [_thread_blocked, id=18224, stack(0x0000008f71600000,0x0000008f71700000)]
  0x0000023550a638e0 JavaThread "http-nio-8080-exec-6" daemon [_thread_blocked, id=21856, stack(0x0000008f71700000,0x0000008f71800000)]
  0x0000023550a64300 JavaThread "http-nio-8080-exec-7" daemon [_thread_blocked, id=15956, stack(0x0000008f71800000,0x0000008f71900000)]
  0x0000023550a64810 JavaThread "http-nio-8080-exec-8" daemon [_thread_blocked, id=15828, stack(0x0000008f71900000,0x0000008f71a00000)]
  0x0000023550a64d20 JavaThread "http-nio-8080-exec-9" daemon [_thread_blocked, id=20200, stack(0x0000008f71a00000,0x0000008f71b00000)]
  0x0000023550a65230 JavaThread "http-nio-8080-exec-10" daemon [_thread_blocked, id=19220, stack(0x0000008f71b00000,0x0000008f71c00000)]
  0x0000023550a61a80 JavaThread "http-nio-8080-Poller" daemon [_thread_blocked, id=19208, stack(0x0000008f71c00000,0x0000008f71d00000)]
  0x0000023550a65c50 JavaThread "http-nio-8080-Acceptor" daemon [_thread_in_native, id=19900, stack(0x0000008f71d00000,0x0000008f71e00000)]
  0x0000023550a684d0 JavaThread "DestroyJavaVM" [_thread_blocked, id=17188, stack(0x0000008f6e800000,0x0000008f6e900000)]
  0x000002354e93fa20 JavaThread "C1 CompilerThread1" daemon [_thread_blocked, id=11992, stack(0x0000008f6f800000,0x0000008f6f900000)]

Other Threads:
=>0x000002357fbb6e60 VMThread "VM Thread" [stack: 0x0000008f6ee00000,0x0000008f6ef00000] [id=4260]
  0x00000235769ece40 WatcherThread [stack: 0x0000008f6fe00000,0x0000008f6ff00000] [id=11432]
  0x0000023576a47380 GCTaskThread "GC Thread#0" [stack: 0x0000008f6e900000,0x0000008f6ea00000] [id=16100]
  0x000002354eab1ea0 GCTaskThread "GC Thread#1" [stack: 0x0000008f70200000,0x0000008f70300000] [id=23220]
  0x000002354eaef7e0 GCTaskThread "GC Thread#2" [stack: 0x0000008f70300000,0x0000008f70400000] [id=23700]
  0x000002354eb13db0 GCTaskThread "GC Thread#3" [stack: 0x0000008f70400000,0x0000008f70500000] [id=25304]
  0x000002354eb14070 GCTaskThread "GC Thread#4" [stack: 0x0000008f70500000,0x0000008f70600000] [id=18044]
  0x000002354eb14330 GCTaskThread "GC Thread#5" [stack: 0x0000008f70600000,0x0000008f70700000] [id=23096]
  0x000002354eb145f0 GCTaskThread "GC Thread#6" [stack: 0x0000008f70700000,0x0000008f70800000] [id=19528]
  0x000002354eb248c0 GCTaskThread "GC Thread#7" [stack: 0x0000008f70800000,0x0000008f70900000] [id=17884]
  0x0000023576a57a50 ConcurrentGCThread "G1 Main Marker" [stack: 0x0000008f6ea00000,0x0000008f6eb00000] [id=15088]
  0x0000023576a58470 ConcurrentGCThread "G1 Conc#0" [stack: 0x0000008f6eb00000,0x0000008f6ec00000] [id=15028]
  0x000002354ebd3d10 ConcurrentGCThread "G1 Conc#1" [stack: 0x0000008f70b00000,0x0000008f70c00000] [id=2848]
  0x000002357fa5e120 ConcurrentGCThread "G1 Refine#0" [stack: 0x0000008f6ec00000,0x0000008f6ed00000] [id=9764]
  0x000002354eab2570 ConcurrentGCThread "G1 Refine#1" [stack: 0x0000008f70900000,0x0000008f70a00000] [id=16256]
  0x000002357fa614e0 ConcurrentGCThread "G1 Service" [stack: 0x0000008f6ed00000,0x0000008f6ee00000] [id=2944]

Threads with active compile tasks:

VM state: at safepoint (normal execution)

VM Mutex/Monitor currently owned by a thread:  ([mutex/lock_event])
[0x0000023574740660] Threads_lock - owner thread: 0x000002357fbb6e60
[0x00000235769e8c20] Heap_lock - owner thread: 0x0000023550a65230

Heap address: 0x0000000084400000, size: 1980 MB, Compressed Oops mode: 32-bit

CDS archive(s) mapped at: [0x0000023509000000-0x0000023509bb0000-0x0000023509bb0000), size 12255232, SharedBaseAddress: 0x0000023509000000, ArchiveRelocationMode: 1.
Compressed class space mapped at: 0x000002350a000000-0x000002354a000000, reserved size: 1073741824
Narrow klass base: 0x0000023509000000, Narrow klass shift: 0, Narrow klass range: 0x100000000

GC Precious Log:
 CPUs: 8 total, 8 available
 Memory: 7914M
 Large Page Support: Disabled
 NUMA Support: Disabled
 Compressed Oops: Enabled (32-bit)
 Heap Region Size: 1M
 Heap Min Capacity: 8M
 Heap Initial Capacity: 124M
 Heap Max Capacity: 1980M
 Pre-touch: Disabled
 Parallel Workers: 8
 Concurrent Workers: 2
 Concurrent Refinement Workers: 8
 Periodic GC: Disabled

Heap:
 garbage-first heap   total 157696K, used 39431K [0x0000000084400000, 0x0000000100000000)
  region size 1024K, 1 young (1024K), 1 survivors (1024K)
 Metaspace       used 76276K, committed 76992K, reserved 1179648K
  class space    used 11137K, committed 11456K, reserved 1048576K

Heap Regions: E=young(eden), S=young(survivor), O=old, HS=humongous(starts), HC=humongous(continues), CS=collection set, F=free, OA=open archive, CA=closed archive, TAMS=top-at-mark-start (previous, next)
|   0|0x0000000084400000, 0x0000000084500000, 0x0000000084500000|100%|HS|  |TAMS 0x0000000084500000, 0x0000000084500000| Complete 
|   1|0x0000000084500000, 0x0000000084600000, 0x0000000084600000|100%|HS|  |TAMS 0x0000000084600000, 0x0000000084600000| Complete 
|   2|0x0000000084600000, 0x0000000084700000, 0x0000000084700000|100%| O|  |TAMS 0x0000000084700000, 0x0000000084700000| Untracked 
|   3|0x0000000084700000, 0x0000000084800000, 0x0000000084800000|100%| O|  |TAMS 0x0000000084800000, 0x0000000084800000| Untracked 
|   4|0x0000000084800000, 0x0000000084900000, 0x0000000084900000|100%| O|  |TAMS 0x0000000084900000, 0x0000000084900000| Untracked 
|   5|0x0000000084900000, 0x0000000084a00000, 0x0000000084a00000|100%| O|  |TAMS 0x0000000084a00000, 0x0000000084a00000| Untracked 
|   6|0x0000000084a00000, 0x0000000084b00000, 0x0000000084b00000|100%| O|  |TAMS 0x0000000084b00000, 0x0000000084b00000| Untracked 
|   7|0x0000000084b00000, 0x0000000084c00000, 0x0000000084c00000|100%| O|  |TAMS 0x0000000084c00000, 0x0000000084c00000| Untracked 
|   8|0x0000000084c00000, 0x0000000084d00000, 0x0000000084d00000|100%| O|  |TAMS 0x0000000084d00000, 0x0000000084d00000| Untracked 
|   9|0x0000000084d00000, 0x0000000084e00000, 0x0000000084e00000|100%| O|  |TAMS 0x0000000084e00000, 0x0000000084e00000| Untracked 
|  10|0x0000000084e00000, 0x0000000084f00000, 0x0000000084f00000|100%| O|  |TAMS 0x0000000084f00000, 0x0000000084f00000| Untracked 
|  11|0x0000000084f00000, 0x0000000085000000, 0x0000000085000000|100%| O|  |TAMS 0x0000000085000000, 0x0000000085000000| Untracked 
|  12|0x0000000085000000, 0x0000000085100000, 0x0000000085100000|100%| O|  |TAMS 0x0000000085100000, 0x0000000085100000| Untracked 
|  13|0x0000000085100000, 0x0000000085200000, 0x0000000085200000|100%| O|  |TAMS 0x0000000085200000, 0x0000000085200000| Untracked 
|  14|0x0000000085200000, 0x0000000085300000, 0x0000000085300000|100%| O|  |TAMS 0x0000000085300000, 0x0000000085300000| Untracked 
|  15|0x0000000085300000, 0x0000000085400000, 0x0000000085400000|100%| O|  |TAMS 0x0000000085400000, 0x0000000085400000| Untracked 
|  16|0x0000000085400000, 0x0000000085500000, 0x0000000085500000|100%| O|  |TAMS 0x0000000085400000, 0x0000000085500000| Untracked 
|  17|0x0000000085500000, 0x0000000085600000, 0x0000000085600000|100%| O|  |TAMS 0x0000000085600000, 0x0000000085600000| Untracked 
|  18|0x0000000085600000, 0x0000000085700000, 0x0000000085700000|100%| O|  |TAMS 0x0000000085700000, 0x0000000085700000| Untracked 
|  19|0x0000000085700000, 0x0000000085800000, 0x0000000085800000|100%| O|  |TAMS 0x0000000085800000, 0x0000000085800000| Untracked 
|  20|0x0000000085800000, 0x0000000085900000, 0x0000000085900000|100%| O|  |TAMS 0x0000000085900000, 0x0000000085900000| Untracked 
|  21|0x0000000085900000, 0x0000000085a00000, 0x0000000085a00000|100%| O|  |TAMS 0x0000000085a00000, 0x0000000085a00000| Untracked 
|  22|0x0000000085a00000, 0x0000000085b00000, 0x0000000085b00000|100%| O|  |TAMS 0x0000000085b00000, 0x0000000085b00000| Untracked 
|  23|0x0000000085b00000, 0x0000000085b2f600, 0x0000000085c00000| 18%| O|  |TAMS 0x0000000085b2f600, 0x0000000085b2f600| Untracked 
|  24|0x0000000085c00000, 0x0000000085d00000, 0x0000000085d00000|100%| O|  |TAMS 0x0000000085c00000, 0x0000000085d00000| Untracked 
|  25|0x0000000085d00000, 0x0000000085e00000, 0x0000000085e00000|100%| O|  |TAMS 0x0000000085d00000, 0x0000000085e00000| Untracked 
|  26|0x0000000085e00000, 0x0000000085effff8, 0x0000000085f00000| 99%| O|  |TAMS 0x0000000085e00000, 0x0000000085effff8| Untracked 
|  27|0x0000000085f00000, 0x0000000086000000, 0x0000000086000000|100%| O|  |TAMS 0x0000000085f00000, 0x0000000086000000| Untracked 
|  28|0x0000000086000000, 0x0000000086100000, 0x0000000086100000|100%| O|  |TAMS 0x0000000086000000, 0x0000000086100000| Untracked 
|  29|0x0000000086100000, 0x0000000086200000, 0x0000000086200000|100%| O|  |TAMS 0x0000000086100000, 0x0000000086100000| Untracked 
|  30|0x0000000086200000, 0x0000000086200000, 0x0000000086300000|  0%| F|  |TAMS 0x0000000086200000, 0x0000000086200000| Untracked 
|  31|0x0000000086300000, 0x0000000086300000, 0x0000000086400000|  0%| F|  |TAMS 0x0000000086300000, 0x0000000086300000| Untracked 
|  32|0x0000000086400000, 0x0000000086500000, 0x0000000086500000|100%| O|  |TAMS 0x0000000086400000, 0x00000000864e3600| Untracked 
|  33|0x0000000086500000, 0x0000000086600000, 0x0000000086600000|100%|HS|  |TAMS 0x0000000086500000, 0x0000000086500000| Complete 
|  34|0x0000000086600000, 0x0000000086700000, 0x0000000086700000|100%|HS|  |TAMS 0x0000000086600000, 0x0000000086600000| Complete 
|  35|0x0000000086700000, 0x0000000086700000, 0x0000000086800000|  0%| F|  |TAMS 0x0000000086700000, 0x0000000086700000| Untracked 
|  36|0x0000000086800000, 0x0000000086900000, 0x0000000086900000|100%| O|  |TAMS 0x0000000086800000, 0x0000000086900000| Untracked 
|  37|0x0000000086900000, 0x0000000086900000, 0x0000000086a00000|  0%| F|  |TAMS 0x0000000086900000, 0x0000000086900000| Untracked 
|  38|0x0000000086a00000, 0x0000000086a00000, 0x0000000086b00000|  0%| F|  |TAMS 0x0000000086a00000, 0x0000000086a00000| Untracked 
|  39|0x0000000086b00000, 0x0000000086b00000, 0x0000000086c00000|  0%| F|  |TAMS 0x0000000086b00000, 0x0000000086b00000| Untracked 
|  40|0x0000000086c00000, 0x0000000086d00000, 0x0000000086d00000|100%| O|  |TAMS 0x0000000086c00000, 0x0000000086d00000| Untracked 
|  41|0x0000000086d00000, 0x0000000086e00000, 0x0000000086e00000|100%| O|  |TAMS 0x0000000086d00000, 0x0000000086e00000| Untracked 
|  42|0x0000000086e00000, 0x0000000086e00000, 0x0000000086f00000|  0%| F|  |TAMS 0x0000000086e00000, 0x0000000086e00000| Untracked 
|  43|0x0000000086f00000, 0x0000000087000000, 0x0000000087000000|100%| O|  |TAMS 0x0000000086f00000, 0x0000000086f00000| Untracked 
|  44|0x0000000087000000, 0x0000000087000000, 0x0000000087100000|  0%| F|  |TAMS 0x0000000087000000, 0x0000000087000000| Untracked 
|  45|0x0000000087100000, 0x0000000087100000, 0x0000000087200000|  0%| F|  |TAMS 0x0000000087100000, 0x0000000087100000| Untracked 
|  46|0x0000000087200000, 0x0000000087300000, 0x0000000087300000|100%| O|  |TAMS 0x0000000087200000, 0x0000000087200000| Untracked 
|  47|0x0000000087300000, 0x0000000087352a00, 0x0000000087400000| 32%| O|  |TAMS 0x0000000087300000, 0x0000000087300000| Untracked 
|  48|0x0000000087400000, 0x0000000087400000, 0x0000000087500000|  0%| F|  |TAMS 0x0000000087400000, 0x0000000087400000| Untracked 
|  49|0x0000000087500000, 0x0000000087500000, 0x0000000087600000|  0%| F|  |TAMS 0x0000000087500000, 0x0000000087500000| Untracked 
|  50|0x0000000087600000, 0x0000000087600000, 0x0000000087700000|  0%| F|  |TAMS 0x0000000087600000, 0x0000000087600000| Untracked 
|  51|0x0000000087700000, 0x0000000087700000, 0x0000000087800000|  0%| F|  |TAMS 0x0000000087700000, 0x0000000087700000| Untracked 
|  52|0x0000000087800000, 0x0000000087800000, 0x0000000087900000|  0%| F|  |TAMS 0x0000000087800000, 0x0000000087800000| Untracked 
|  53|0x0000000087900000, 0x0000000087900000, 0x0000000087a00000|  0%| F|  |TAMS 0x0000000087900000, 0x0000000087900000| Untracked 
|  54|0x0000000087a00000, 0x0000000087a00000, 0x0000000087b00000|  0%| F|  |TAMS 0x0000000087a00000, 0x0000000087a00000| Untracked 
|  55|0x0000000087b00000, 0x0000000087b00000, 0x0000000087c00000|  0%| F|  |TAMS 0x0000000087b00000, 0x0000000087b00000| Untracked 
|  56|0x0000000087c00000, 0x0000000087c00000, 0x0000000087d00000|  0%| F|  |TAMS 0x0000000087c00000, 0x0000000087c00000| Untracked 
|  57|0x0000000087d00000, 0x0000000087d00000, 0x0000000087e00000|  0%| F|  |TAMS 0x0000000087d00000, 0x0000000087d00000| Untracked 
|  58|0x0000000087e00000, 0x0000000087e00000, 0x0000000087f00000|  0%| F|  |TAMS 0x0000000087e00000, 0x0000000087e00000| Untracked 
|  59|0x0000000087f00000, 0x0000000087f00000, 0x0000000088000000|  0%| F|  |TAMS 0x0000000087f00000, 0x0000000087f00000| Untracked 
|  60|0x0000000088000000, 0x0000000088000000, 0x0000000088100000|  0%| F|  |TAMS 0x0000000088000000, 0x0000000088000000| Untracked 
|  61|0x0000000088100000, 0x0000000088100000, 0x0000000088200000|  0%| F|  |TAMS 0x0000000088100000, 0x0000000088100000| Untracked 
|  62|0x0000000088200000, 0x0000000088200000, 0x0000000088300000|  0%| F|  |TAMS 0x0000000088200000, 0x0000000088200000| Untracked 
|  63|0x0000000088300000, 0x0000000088300000, 0x0000000088400000|  0%| F|  |TAMS 0x0000000088300000, 0x0000000088300000| Untracked 
|  64|0x0000000088400000, 0x0000000088400000, 0x0000000088500000|  0%| F|  |TAMS 0x0000000088400000, 0x0000000088400000| Untracked 
|  65|0x0000000088500000, 0x0000000088500000, 0x0000000088600000|  0%| F|  |TAMS 0x0000000088500000, 0x0000000088500000| Untracked 
|  66|0x0000000088600000, 0x0000000088600000, 0x0000000088700000|  0%| F|  |TAMS 0x0000000088600000, 0x0000000088600000| Untracked 
|  67|0x0000000088700000, 0x0000000088700000, 0x0000000088800000|  0%| F|  |TAMS 0x0000000088700000, 0x0000000088700000| Untracked 
|  68|0x0000000088800000, 0x0000000088800000, 0x0000000088900000|  0%| F|  |TAMS 0x0000000088800000, 0x0000000088800000| Untracked 
|  69|0x0000000088900000, 0x0000000088900000, 0x0000000088a00000|  0%| F|  |TAMS 0x0000000088900000, 0x0000000088900000| Untracked 
|  70|0x0000000088a00000, 0x0000000088a00000, 0x0000000088b00000|  0%| F|  |TAMS 0x0000000088a00000, 0x0000000088a00000| Untracked 
|  71|0x0000000088b00000, 0x0000000088b00000, 0x0000000088c00000|  0%| F|  |TAMS 0x0000000088b00000, 0x0000000088b00000| Untracked 
|  72|0x0000000088c00000, 0x0000000088c00000, 0x0000000088d00000|  0%| F|  |TAMS 0x0000000088c00000, 0x0000000088c00000| Untracked 
|  73|0x0000000088d00000, 0x0000000088d00000, 0x0000000088e00000|  0%| F|  |TAMS 0x0000000088d00000, 0x0000000088d00000| Untracked 
|  74|0x0000000088e00000, 0x0000000088e00000, 0x0000000088f00000|  0%| F|  |TAMS 0x0000000088e00000, 0x0000000088e00000| Untracked 
|  75|0x0000000088f00000, 0x0000000088f00000, 0x0000000089000000|  0%| F|  |TAMS 0x0000000088f00000, 0x0000000088f00000| Untracked 
|  76|0x0000000089000000, 0x0000000089000000, 0x0000000089100000|  0%| F|  |TAMS 0x0000000089000000, 0x0000000089000000| Untracked 
|  77|0x0000000089100000, 0x0000000089100000, 0x0000000089200000|  0%| F|  |TAMS 0x0000000089100000, 0x0000000089100000| Untracked 
|  78|0x0000000089200000, 0x0000000089200000, 0x0000000089300000|  0%| F|  |TAMS 0x0000000089200000, 0x0000000089200000| Untracked 
|  79|0x0000000089300000, 0x0000000089300000, 0x0000000089400000|  0%| F|  |TAMS 0x0000000089300000, 0x0000000089300000| Untracked 
|  80|0x0000000089400000, 0x0000000089400000, 0x0000000089500000|  0%| F|  |TAMS 0x0000000089400000, 0x0000000089400000| Untracked 
|  81|0x0000000089500000, 0x0000000089500000, 0x0000000089600000|  0%| F|  |TAMS 0x0000000089500000, 0x0000000089500000| Untracked 
|  82|0x0000000089600000, 0x0000000089600000, 0x0000000089700000|  0%| F|  |TAMS 0x0000000089600000, 0x0000000089600000| Untracked 
|  83|0x0000000089700000, 0x0000000089700000, 0x0000000089800000|  0%| F|  |TAMS 0x0000000089700000, 0x0000000089700000| Untracked 
|  84|0x0000000089800000, 0x0000000089800000, 0x0000000089900000|  0%| F|  |TAMS 0x0000000089800000, 0x0000000089800000| Untracked 
|  85|0x0000000089900000, 0x0000000089900000, 0x0000000089a00000|  0%| F|  |TAMS 0x0000000089900000, 0x0000000089900000| Untracked 
|  86|0x0000000089a00000, 0x0000000089a00000, 0x0000000089b00000|  0%| F|  |TAMS 0x0000000089a00000, 0x0000000089a00000| Untracked 
|  87|0x0000000089b00000, 0x0000000089b00000, 0x0000000089c00000|  0%| F|  |TAMS 0x0000000089b00000, 0x0000000089b00000| Untracked 
|  88|0x0000000089c00000, 0x0000000089c00000, 0x0000000089d00000|  0%| F|  |TAMS 0x0000000089c00000, 0x0000000089c00000| Untracked 
|  89|0x0000000089d00000, 0x0000000089d00000, 0x0000000089e00000|  0%| F|  |TAMS 0x0000000089d00000, 0x0000000089d00000| Untracked 
|  90|0x0000000089e00000, 0x0000000089e00000, 0x0000000089f00000|  0%| F|  |TAMS 0x0000000089e00000, 0x0000000089e00000| Untracked 
|  91|0x0000000089f00000, 0x0000000089f00000, 0x000000008a000000|  0%| F|  |TAMS 0x0000000089f00000, 0x0000000089f00000| Untracked 
|  92|0x000000008a000000, 0x000000008a000000, 0x000000008a100000|  0%| F|  |TAMS 0x000000008a000000, 0x000000008a000000| Untracked 
|  93|0x000000008a100000, 0x000000008a100000, 0x000000008a200000|  0%| F|  |TAMS 0x000000008a100000, 0x000000008a100000| Untracked 
|  94|0x000000008a200000, 0x000000008a200000, 0x000000008a300000|  0%| F|  |TAMS 0x000000008a200000, 0x000000008a200000| Untracked 
|  95|0x000000008a300000, 0x000000008a300000, 0x000000008a400000|  0%| F|  |TAMS 0x000000008a300000, 0x000000008a300000| Untracked 
|  96|0x000000008a400000, 0x000000008a400000, 0x000000008a500000|  0%| F|  |TAMS 0x000000008a400000, 0x000000008a400000| Untracked 
|  97|0x000000008a500000, 0x000000008a500000, 0x000000008a600000|  0%| F|  |TAMS 0x000000008a500000, 0x000000008a500000| Untracked 
|  98|0x000000008a600000, 0x000000008a600000, 0x000000008a700000|  0%| F|  |TAMS 0x000000008a600000, 0x000000008a600000| Untracked 
|  99|0x000000008a700000, 0x000000008a700000, 0x000000008a800000|  0%| F|  |TAMS 0x000000008a700000, 0x000000008a700000| Untracked 
| 100|0x000000008a800000, 0x000000008a800000, 0x000000008a900000|  0%| F|  |TAMS 0x000000008a800000, 0x000000008a800000| Untracked 
| 101|0x000000008a900000, 0x000000008a900000, 0x000000008aa00000|  0%| F|  |TAMS 0x000000008a900000, 0x000000008a900000| Untracked 
| 102|0x000000008aa00000, 0x000000008aa00000, 0x000000008ab00000|  0%| F|  |TAMS 0x000000008aa00000, 0x000000008aa00000| Untracked 
| 103|0x000000008ab00000, 0x000000008ab00000, 0x000000008ac00000|  0%| F|  |TAMS 0x000000008ab00000, 0x000000008ab00000| Untracked 
| 104|0x000000008ac00000, 0x000000008ac00000, 0x000000008ad00000|  0%| F|  |TAMS 0x000000008ac00000, 0x000000008ac00000| Untracked 
| 105|0x000000008ad00000, 0x000000008ad00000, 0x000000008ae00000|  0%| F|  |TAMS 0x000000008ad00000, 0x000000008ad00000| Untracked 
| 106|0x000000008ae00000, 0x000000008ae00000, 0x000000008af00000|  0%| F|  |TAMS 0x000000008ae00000, 0x000000008ae00000| Untracked 
| 107|0x000000008af00000, 0x000000008af00000, 0x000000008b000000|  0%| F|  |TAMS 0x000000008af00000, 0x000000008af00000| Untracked 
| 108|0x000000008b000000, 0x000000008b000000, 0x000000008b100000|  0%| F|  |TAMS 0x000000008b000000, 0x000000008b000000| Untracked 
| 109|0x000000008b100000, 0x000000008b100000, 0x000000008b200000|  0%| F|  |TAMS 0x000000008b100000, 0x000000008b100000| Untracked 
| 110|0x000000008b200000, 0x000000008b200000, 0x000000008b300000|  0%| F|  |TAMS 0x000000008b200000, 0x000000008b200000| Untracked 
| 111|0x000000008b300000, 0x000000008b300000, 0x000000008b400000|  0%| F|  |TAMS 0x000000008b300000, 0x000000008b300000| Untracked 
| 112|0x000000008b400000, 0x000000008b400000, 0x000000008b500000|  0%| F|  |TAMS 0x000000008b400000, 0x000000008b400000| Untracked 
| 113|0x000000008b500000, 0x000000008b500000, 0x000000008b600000|  0%| F|  |TAMS 0x000000008b500000, 0x000000008b500000| Untracked 
| 114|0x000000008b600000, 0x000000008b600000, 0x000000008b700000|  0%| F|  |TAMS 0x000000008b600000, 0x000000008b600000| Untracked 
| 115|0x000000008b700000, 0x000000008b700000, 0x000000008b800000|  0%| F|  |TAMS 0x000000008b700000, 0x000000008b700000| Untracked 
| 116|0x000000008b800000, 0x000000008b800000, 0x000000008b900000|  0%| F|  |TAMS 0x000000008b800000, 0x000000008b800000| Untracked 
| 117|0x000000008b900000, 0x000000008b900000, 0x000000008ba00000|  0%| F|  |TAMS 0x000000008b900000, 0x000000008b900000| Untracked 
| 118|0x000000008ba00000, 0x000000008ba00000, 0x000000008bb00000|  0%| F|  |TAMS 0x000000008ba00000, 0x000000008ba00000| Untracked 
| 119|0x000000008bb00000, 0x000000008bb00000, 0x000000008bc00000|  0%| F|  |TAMS 0x000000008bb00000, 0x000000008bb00000| Untracked 
| 120|0x000000008bc00000, 0x000000008bc00000, 0x000000008bd00000|  0%| F|  |TAMS 0x000000008bc00000, 0x000000008bc00000| Untracked 
| 121|0x000000008bd00000, 0x000000008bd00000, 0x000000008be00000|  0%| F|  |TAMS 0x000000008bd00000, 0x000000008bd00000| Untracked 
| 122|0x000000008be00000, 0x000000008be00000, 0x000000008bf00000|  0%| F|  |TAMS 0x000000008be00000, 0x000000008be00000| Untracked 
| 123|0x000000008bf00000, 0x000000008bf00000, 0x000000008c000000|  0%| F|  |TAMS 0x000000008bf00000, 0x000000008bf00000| Untracked 
| 124|0x000000008c000000, 0x000000008c000000, 0x000000008c100000|  0%| F|  |TAMS 0x000000008c000000, 0x000000008c000000| Untracked 
| 125|0x000000008c100000, 0x000000008c100000, 0x000000008c200000|  0%| F|  |TAMS 0x000000008c100000, 0x000000008c100000| Untracked 
| 126|0x000000008c200000, 0x000000008c200000, 0x000000008c300000|  0%| F|  |TAMS 0x000000008c200000, 0x000000008c200000| Untracked 
| 127|0x000000008c300000, 0x000000008c300000, 0x000000008c400000|  0%| F|  |TAMS 0x000000008c300000, 0x000000008c300000| Untracked 
| 128|0x000000008c400000, 0x000000008c400000, 0x000000008c500000|  0%| F|  |TAMS 0x000000008c400000, 0x000000008c400000| Untracked 
| 129|0x000000008c500000, 0x000000008c500000, 0x000000008c600000|  0%| F|  |TAMS 0x000000008c500000, 0x000000008c500000| Untracked 
| 130|0x000000008c600000, 0x000000008c600000, 0x000000008c700000|  0%| F|  |TAMS 0x000000008c600000, 0x000000008c600000| Untracked 
| 131|0x000000008c700000, 0x000000008c700000, 0x000000008c800000|  0%| F|  |TAMS 0x000000008c700000, 0x000000008c700000| Untracked 
| 132|0x000000008c800000, 0x000000008c800000, 0x000000008c900000|  0%| F|  |TAMS 0x000000008c800000, 0x000000008c800000| Untracked 
| 133|0x000000008c900000, 0x000000008c900000, 0x000000008ca00000|  0%| F|  |TAMS 0x000000008c900000, 0x000000008c900000| Untracked 
| 134|0x000000008ca00000, 0x000000008ca00000, 0x000000008cb00000|  0%| F|  |TAMS 0x000000008ca00000, 0x000000008ca00000| Untracked 
| 135|0x000000008cb00000, 0x000000008cb00000, 0x000000008cc00000|  0%| F|  |TAMS 0x000000008cb00000, 0x000000008cb00000| Untracked 
| 136|0x000000008cc00000, 0x000000008cc00000, 0x000000008cd00000|  0%| F|  |TAMS 0x000000008cc00000, 0x000000008cc00000| Untracked 
| 137|0x000000008cd00000, 0x000000008cd00000, 0x000000008ce00000|  0%| F|  |TAMS 0x000000008cd00000, 0x000000008cd00000| Untracked 
| 138|0x000000008ce00000, 0x000000008ce00000, 0x000000008cf00000|  0%| F|  |TAMS 0x000000008ce00000, 0x000000008ce00000| Untracked 
| 139|0x000000008cf00000, 0x000000008cf00000, 0x000000008d000000|  0%| F|  |TAMS 0x000000008cf00000, 0x000000008cf00000| Untracked 
| 140|0x000000008d000000, 0x000000008d000000, 0x000000008d100000|  0%| F|  |TAMS 0x000000008d000000, 0x000000008d000000| Untracked 
| 141|0x000000008d100000, 0x000000008d100000, 0x000000008d200000|  0%| F|  |TAMS 0x000000008d100000, 0x000000008d100000| Untracked 
| 142|0x000000008d200000, 0x000000008d200000, 0x000000008d300000|  0%| F|  |TAMS 0x000000008d200000, 0x000000008d200000| Untracked 
| 143|0x000000008d300000, 0x000000008d300000, 0x000000008d400000|  0%| F|  |TAMS 0x000000008d300000, 0x000000008d300000| Untracked 
| 144|0x000000008d400000, 0x000000008d400000, 0x000000008d500000|  0%| F|  |TAMS 0x000000008d400000, 0x000000008d400000| Untracked 
| 145|0x000000008d500000, 0x000000008d500000, 0x000000008d600000|  0%| F|  |TAMS 0x000000008d500000, 0x000000008d500000| Untracked 
| 146|0x000000008d600000, 0x000000008d600000, 0x000000008d700000|  0%| F|  |TAMS 0x000000008d600000, 0x000000008d600000| Untracked 
| 147|0x000000008d700000, 0x000000008d800000, 0x000000008d800000|100%| S|CS|TAMS 0x000000008d700000, 0x000000008d700000| Complete 
| 148|0x000000008d800000, 0x000000008d800000, 0x000000008d900000|  0%| F|  |TAMS 0x000000008d800000, 0x000000008d800000| Untracked 
| 149|0x000000008d900000, 0x000000008d900000, 0x000000008da00000|  0%| F|  |TAMS 0x000000008d900000, 0x000000008d900000| Untracked 
| 150|0x000000008da00000, 0x000000008da00000, 0x000000008db00000|  0%| F|  |TAMS 0x000000008da00000, 0x000000008da00000| Untracked 
| 151|0x000000008db00000, 0x000000008db00000, 0x000000008dc00000|  0%| F|  |TAMS 0x000000008db00000, 0x000000008db00000| Untracked 
| 152|0x000000008dc00000, 0x000000008dc00000, 0x000000008dd00000|  0%| F|  |TAMS 0x000000008dc00000, 0x000000008dc00000| Untracked 
| 153|0x000000008dd00000, 0x000000008dd00000, 0x000000008de00000|  0%| F|  |TAMS 0x000000008dd00000, 0x000000008dd00000| Untracked 

Card table byte_map: [0x000002357e9e0000,0x000002357edc0000] _byte_map_base: 0x000002357e5be000

Marking Bits (Prev, Next): (CMBitMap*) 0x0000023576a479e0, (CMBitMap*) 0x0000023576a479a0
 Prev Bits: [0x0000023504ef0000, 0x0000023506de0000)
 Next Bits: [0x0000023503000000, 0x0000023504ef0000)

Polling page: 0x0000023574930000

Metaspace:

Usage:
  Non-class:     63.61 MB used.
      Class:     10.88 MB used.
       Both:     74.49 MB used.

Virtual space:
  Non-class space:      128.00 MB reserved,      64.00 MB ( 50%) committed,  2 nodes.
      Class space:        1.00 GB reserved,      11.19 MB (  1%) committed,  1 nodes.
             Both:        1.12 GB reserved,      75.19 MB (  7%) committed. 

Chunk freelists:
   Non-Class:  15.87 MB
       Class:  4.87 MB
        Both:  20.74 MB

MaxMetaspaceSize: unlimited
CompressedClassSpaceSize: 1.00 GB
Initial GC threshold: 21.00 MB
Current GC threshold: 99.06 MB
CDS: on
MetaspaceReclaimPolicy: balanced
 - commit_granule_bytes: 65536.
 - commit_granule_words: 8192.
 - virtual_space_node_default_size: 8388608.
 - enlarge_chunks_in_place: 1.
 - new_chunks_are_fully_committed: 0.
 - uncommit_free_chunks: 1.
 - use_allocation_guard: 0.
 - handle_deallocations: 1.


Internal statistics:

num_allocs_failed_limit: 9.
num_arena_births: 992.
num_arena_deaths: 0.
num_vsnodes_births: 3.
num_vsnodes_deaths: 0.
num_space_committed: 1203.
num_space_uncommitted: 0.
num_chunks_returned_to_freelist: 9.
num_chunks_taken_from_freelist: 3681.
num_chunk_merges: 9.
num_chunk_splits: 2669.
num_chunks_enlarged: 2099.
num_inconsistent_stats: 0.

CodeCache: size=49152Kb used=12098Kb max_used=12280Kb free=37054Kb
 bounds [0x0000023500000000, 0x0000023500c00000, 0x0000023503000000]
 total_blobs=7400 nmethods=6680 adapters=646
 compilation: enabled
              stopped_count=0, restarted_count=0
 full_count=0

Compilation events (20 events):
Event: 21.672 Thread 0x000002357fbdf5c0 6672       1       org.springframework.aop.framework.AopProxyUtils::adaptArgumentsIfNecessary (135 bytes)
Event: 21.672 Thread 0x000002354e93fa20 6671       1       org.springframework.aop.framework.AdvisedSupport::getInterceptorsAndDynamicInterceptionAdvice (94 bytes)
Event: 21.673 Thread 0x000002354e93fa20 nmethod 6671 0x0000023500371990 code [0x0000023500371ba0, 0x0000023500372028]
Event: 21.673 Thread 0x000002357fbdf5c0 nmethod 6672 0x0000023500370d90 code [0x0000023500370fa0, 0x00000235003715e8]
Event: 21.673 Thread 0x000002354e93fa20 6673       1       org.hibernate.metamodel.model.domain.internal.AbstractSqmPathSource::getExpressibleJavaType (10 bytes)
Event: 21.673 Thread 0x000002354e93fa20 nmethod 6673 0x0000023500370a90 code [0x0000023500370c20, 0x0000023500370d08]
Event: 21.676 Thread 0x000002354e93fa20 6674       1       org.hibernate.sql.results.graph.entity.internal.EntityInitializerImpl::isResultInitializer (5 bytes)
Event: 21.676 Thread 0x000002354e93fa20 nmethod 6674 0x0000023500370790 code [0x0000023500370920, 0x00000235003709f8]
Event: 21.691 Thread 0x000002357fbdf5c0 6675       1       org.hibernate.sql.ast.tree.from.LazyTableGroup::getModelPart (5 bytes)
Event: 21.692 Thread 0x000002357fbdf5c0 nmethod 6675 0x0000023500370490 code [0x0000023500370620, 0x00000235003706f8]
Event: 21.694 Thread 0x000002357fbdf5c0 6676   !   1       com.mysql.cj.protocol.a.NativeServerSession::getSessionTimeZone (68 bytes)
Event: 21.694 Thread 0x000002357fbdf5c0 nmethod 6676 0x000002350036fb90 code [0x000002350036fda0, 0x00000235003701f8]
Event: 21.700 Thread 0x000002357fbdf5c0 6677       1       org.springframework.transaction.support.ResourceHolderSupport::isSynchronizedWithTransaction (5 bytes)
Event: 21.700 Thread 0x000002354e93fa20 6678       1       org.hibernate.resource.jdbc.internal.LogicalConnectionManagedImpl::getConnectionHandlingMode (5 bytes)
Event: 21.700 Thread 0x000002357fbdf5c0 nmethod 6677 0x000002350036f890 code [0x000002350036fa20, 0x000002350036faf8]
Event: 21.700 Thread 0x000002354e93fa20 nmethod 6678 0x000002350036f590 code [0x000002350036f720, 0x000002350036f7f8]
Event: 21.703 Thread 0x000002354e93fa20 6679       1       org.hibernate.internal.AbstractSharedSessionContract::getHibernateFlushMode (5 bytes)
Event: 21.703 Thread 0x000002354e93fa20 nmethod 6679 0x000002350036f290 code [0x000002350036f420, 0x000002350036f4f8]
Event: 21.709 Thread 0x000002354e93fa20 6680       1       org.hibernate.internal.AbstractSharedSessionContract::getEventListenerManager (5 bytes)
Event: 21.709 Thread 0x000002354e93fa20 nmethod 6680 0x000002350036ef90 code [0x000002350036f120, 0x000002350036f1f8]

GC Heap History (20 events):
Event: 14.895 GC heap after
{Heap after GC invocations=18 (full 0):
 garbage-first heap   total 92160K, used 35268K [0x0000000084400000, 0x0000000100000000)
  region size 1024K, 4 young (4096K), 4 survivors (4096K)
 Metaspace       used 76240K, committed 76864K, reserved 1179648K
  class space    used 11129K, committed 11392K, reserved 1048576K
}
Event: 14.911 GC heap before
{Heap before GC invocations=18 (full 0):
 garbage-first heap   total 92160K, used 43460K [0x0000000084400000, 0x0000000100000000)
  region size 1024K, 5 young (5120K), 4 survivors (4096K)
 Metaspace       used 76240K, committed 76864K, reserved 1179648K
  class space    used 11129K, committed 11392K, reserved 1048576K
}
Event: 14.914 GC heap after
{Heap after GC invocations=19 (full 0):
 garbage-first heap   total 92160K, used 38523K [0x0000000084400000, 0x0000000100000000)
  region size 1024K, 4 young (4096K), 4 survivors (4096K)
 Metaspace       used 76240K, committed 76864K, reserved 1179648K
  class space    used 11129K, committed 11392K, reserved 1048576K
}
Event: 15.166 GC heap before
{Heap before GC invocations=19 (full 0):
 garbage-first heap   total 92160K, used 49787K [0x0000000084400000, 0x0000000100000000)
  region size 1024K, 12 young (12288K), 4 survivors (4096K)
 Metaspace       used 76255K, committed 76864K, reserved 1179648K
  class space    used 11132K, committed 11392K, reserved 1048576K
}
Event: 15.168 GC heap after
{Heap after GC invocations=20 (full 0):
 garbage-first heap   total 92160K, used 36742K [0x0000000084400000, 0x0000000100000000)
  region size 1024K, 2 young (2048K), 2 survivors (2048K)
 Metaspace       used 76255K, committed 76864K, reserved 1179648K
  class space    used 11132K, committed 11392K, reserved 1048576K
}
Event: 15.179 GC heap before
{Heap before GC invocations=20 (full 0):
 garbage-first heap   total 92160K, used 41862K [0x0000000084400000, 0x0000000100000000)
  region size 1024K, 3 young (3072K), 2 survivors (2048K)
 Metaspace       used 76255K, committed 76864K, reserved 1179648K
  class space    used 11132K, committed 11392K, reserved 1048576K
}
Event: 15.181 GC heap after
{Heap after GC invocations=21 (full 0):
 garbage-first heap   total 92160K, used 37754K [0x0000000084400000, 0x0000000100000000)
  region size 1024K, 2 young (2048K), 2 survivors (2048K)
 Metaspace       used 76255K, committed 76864K, reserved 1179648K
  class space    used 11132K, committed 11392K, reserved 1048576K
}
Event: 15.325 GC heap before
{Heap before GC invocations=21 (full 0):
 garbage-first heap   total 92160K, used 49018K [0x0000000084400000, 0x0000000100000000)
  region size 1024K, 10 young (10240K), 2 survivors (2048K)
 Metaspace       used 76271K, committed 76992K, reserved 1179648K
  class space    used 11136K, committed 11456K, reserved 1048576K
}
Event: 15.326 GC heap after
{Heap after GC invocations=22 (full 0):
 garbage-first heap   total 92160K, used 36680K [0x0000000084400000, 0x0000000100000000)
  region size 1024K, 2 young (2048K), 2 survivors (2048K)
 Metaspace       used 76271K, committed 76992K, reserved 1179648K
  class space    used 11136K, committed 11456K, reserved 1048576K
}
Event: 15.338 GC heap before
{Heap before GC invocations=22 (full 0):
 garbage-first heap   total 92160K, used 41800K [0x0000000084400000, 0x0000000100000000)
  region size 1024K, 3 young (3072K), 2 survivors (2048K)
 Metaspace       used 76271K, committed 76992K, reserved 1179648K
  class space    used 11136K, committed 11456K, reserved 1048576K
}
Event: 16.355 GC heap after
{Heap after GC invocations=23 (full 0):
 garbage-first heap   total 157696K, used 37775K [0x0000000084400000, 0x0000000100000000)
  region size 1024K, 2 young (2048K), 2 survivors (2048K)
 Metaspace       used 76271K, committed 76992K, reserved 1179648K
  class space    used 11136K, committed 11456K, reserved 1048576K
}
Event: 16.454 GC heap before
{Heap before GC invocations=23 (full 0):
 garbage-first heap   total 157696K, used 43919K [0x0000000084400000, 0x0000000100000000)
  region size 1024K, 7 young (7168K), 2 survivors (2048K)
 Metaspace       used 76271K, committed 76992K, reserved 1179648K
  class space    used 11136K, committed 11456K, reserved 1048576K
}
Event: 16.456 GC heap after
{Heap after GC invocations=24 (full 0):
 garbage-first heap   total 157696K, used 33689K [0x0000000084400000, 0x0000000100000000)
  region size 1024K, 1 young (1024K), 1 survivors (1024K)
 Metaspace       used 76271K, committed 76992K, reserved 1179648K
  class space    used 11136K, committed 11456K, reserved 1048576K
}
Event: 16.506 GC heap before
{Heap before GC invocations=24 (full 0):
 garbage-first heap   total 157696K, used 49049K [0x0000000084400000, 0x0000000100000000)
  region size 1024K, 7 young (7168K), 1 survivors (1024K)
 Metaspace       used 76271K, committed 76992K, reserved 1179648K
  class space    used 11136K, committed 11456K, reserved 1048576K
}
Event: 16.507 GC heap after
{Heap after GC invocations=25 (full 0):
 garbage-first heap   total 157696K, used 35814K [0x0000000084400000, 0x0000000100000000)
  region size 1024K, 1 young (1024K), 1 survivors (1024K)
 Metaspace       used 76271K, committed 76992K, reserved 1179648K
  class space    used 11136K, committed 11456K, reserved 1048576K
}
Event: 21.562 GC heap before
{Heap before GC invocations=25 (full 0):
 garbage-first heap   total 157696K, used 40934K [0x0000000084400000, 0x0000000100000000)
  region size 1024K, 7 young (7168K), 1 survivors (1024K)
 Metaspace       used 76276K, committed 76992K, reserved 1179648K
  class space    used 11137K, committed 11456K, reserved 1048576K
}
Event: 21.563 GC heap after
{Heap after GC invocations=26 (full 0):
 garbage-first heap   total 157696K, used 37049K [0x0000000084400000, 0x0000000100000000)
  region size 1024K, 1 young (1024K), 1 survivors (1024K)
 Metaspace       used 76276K, committed 76992K, reserved 1179648K
  class space    used 11137K, committed 11456K, reserved 1048576K
}
Event: 21.644 GC heap before
{Heap before GC invocations=26 (full 0):
 garbage-first heap   total 157696K, used 52409K [0x0000000084400000, 0x0000000100000000)
  region size 1024K, 7 young (7168K), 1 survivors (1024K)
 Metaspace       used 76276K, committed 76992K, reserved 1179648K
  class space    used 11137K, committed 11456K, reserved 1048576K
}
Event: 21.645 GC heap after
{Heap after GC invocations=27 (full 0):
 garbage-first heap   total 157696K, used 36826K [0x0000000084400000, 0x0000000100000000)
  region size 1024K, 1 young (1024K), 1 survivors (1024K)
 Metaspace       used 76276K, committed 76992K, reserved 1179648K
  class space    used 11137K, committed 11456K, reserved 1048576K
}
Event: 21.712 GC heap before
{Heap before GC invocations=27 (full 0):
 garbage-first heap   total 157696K, used 52186K [0x0000000084400000, 0x0000000100000000)
  region size 1024K, 7 young (7168K), 1 survivors (1024K)
 Metaspace       used 76276K, committed 76992K, reserved 1179648K
  class space    used 11137K, committed 11456K, reserved 1048576K
}

Dll operation events (14 events):
Event: 0.035 Loaded shared library C:\Program Files\Microsoft\jdk-17.0.10.7-hotspot\bin\java.dll
Event: 0.100 Loaded shared library C:\Program Files\Microsoft\jdk-17.0.10.7-hotspot\bin\jsvml.dll
Event: 0.198 Loaded shared library C:\Program Files\Microsoft\jdk-17.0.10.7-hotspot\bin\zip.dll
Event: 0.202 Loaded shared library C:\Program Files\Microsoft\jdk-17.0.10.7-hotspot\bin\instrument.dll
Event: 0.208 Loaded shared library C:\Program Files\Microsoft\jdk-17.0.10.7-hotspot\bin\net.dll
Event: 0.212 Loaded shared library C:\Program Files\Microsoft\jdk-17.0.10.7-hotspot\bin\nio.dll
Event: 0.214 Loaded shared library C:\Program Files\Microsoft\jdk-17.0.10.7-hotspot\bin\zip.dll
Event: 0.283 Loaded shared library C:\Program Files\Microsoft\jdk-17.0.10.7-hotspot\bin\jimage.dll
Event: 0.332 Loaded shared library C:\Program Files\JetBrains\IntelliJ IDEA 2024.3\bin\breakgen64.dll
Event: 0.349 Loaded shared library C:\Program Files\Microsoft\jdk-17.0.10.7-hotspot\bin\extnet.dll
Event: 0.356 Loaded shared library C:\Program Files\Microsoft\jdk-17.0.10.7-hotspot\bin\management.dll
Event: 0.371 Loaded shared library C:\Program Files\Microsoft\jdk-17.0.10.7-hotspot\bin\management_ext.dll
Event: 1.788 Loaded shared library C:\Program Files\Microsoft\jdk-17.0.10.7-hotspot\bin\sunmscapi.dll
Event: 3.042 Loaded shared library C:\Program Files\Microsoft\jdk-17.0.10.7-hotspot\bin\verify.dll

Deoptimization events (0 events):
No events

Classes unloaded (0 events):
No events

Classes redefined (0 events):
No events

Internal exceptions (20 events):
Event: 4.903 Thread 0x00000235769ebfc0 Exception <a 'java/lang/reflect/InvocationTargetException'{0x000000008863ef38}> (0x000000008863ef38) 
thrown [s\src\hotspot\share\runtime\reflection.cpp, line 1121]
Event: 4.910 Thread 0x00000235769ebfc0 Exception <a 'java/lang/NoSuchMethodError'{0x00000000886a86f0}: 'int java.lang.invoke.DirectMethodHandle$Holder.invokeStatic(java.lang.Object, java.lang.Object, int)'> (0x00000000886a86f0) 
thrown [s\src\hotspot\share\interpreter\linkResolver.cpp, line 759]
Event: 4.914 Thread 0x00000235769ebfc0 Exception <a 'java/lang/IncompatibleClassChangeError'{0x00000000886edf38}: Found class java.lang.Object, but interface was expected> (0x00000000886edf38) 
thrown [s\src\hotspot\share\interpreter\linkResolver.cpp, line 826]
Event: 4.915 Thread 0x00000235769ebfc0 Exception <a 'java/lang/IncompatibleClassChangeError'{0x00000000886f4928}: Found class java.lang.Object, but interface was expected> (0x00000000886f4928) 
thrown [s\src\hotspot\share\interpreter\linkResolver.cpp, line 826]
Event: 4.943 Thread 0x00000235769ebfc0 Exception <a 'java/lang/NoSuchMethodError'{0x00000000884c1eb0}: 'java.lang.Object java.lang.invoke.DirectMethodHandle$Holder.invokeStatic(java.lang.Object, int, java.lang.Object)'> (0x00000000884c1eb0) 
thrown [s\src\hotspot\share\interpreter\linkResolver.cpp, line 759]
Event: 4.947 Thread 0x00000235769ebfc0 Exception <a 'java/lang/reflect/InvocationTargetException'{0x00000000884ff1a8}> (0x00000000884ff1a8) 
thrown [s\src\hotspot\share\runtime\reflection.cpp, line 1121]
Event: 4.965 Thread 0x00000235769ebfc0 Exception <a 'java/lang/reflect/InvocationTargetException'{0x00000000882bb950}> (0x00000000882bb950) 
thrown [s\src\hotspot\share\runtime\reflection.cpp, line 1121]
Event: 5.308 Thread 0x00000235769ebfc0 Exception <a 'java/lang/IncompatibleClassChangeError'{0x0000000088a011e0}: Found class java.lang.Object, but interface was expected> (0x0000000088a011e0) 
thrown [s\src\hotspot\share\interpreter\linkResolver.cpp, line 826]
Event: 5.315 Thread 0x00000235769ebfc0 Exception <a 'java/lang/NoSuchMethodError'{0x0000000088a65458}: 'java.lang.Object java.lang.invoke.DirectMethodHandle$Holder.invokeInterface(java.lang.Object, java.lang.Object, java.lang.Object, java.lang.Object)'> (0x0000000088a65458) 
thrown [s\src\hotspot\share\interpreter\linkResolver.cpp, line 759]
Event: 5.417 Thread 0x00000235769ebfc0 Exception <a 'java/lang/IncompatibleClassChangeError'{0x00000000882179d0}: Found class java.lang.Object, but interface was expected> (0x00000000882179d0) 
thrown [s\src\hotspot\share\interpreter\linkResolver.cpp, line 826]
Event: 5.426 Thread 0x00000235769ebfc0 Exception <a 'sun/nio/fs/WindowsException'{0x0000000088106d90}> (0x0000000088106d90) 
thrown [s\src\hotspot\share\prims\jni.cpp, line 516]
Event: 5.474 Thread 0x00000235769ebfc0 Exception <a 'java/lang/NoSuchMethodError'{0x0000000087d228a0}: 'java.lang.Object java.lang.invoke.DirectMethodHandle$Holder.invokeSpecial(java.lang.Object, java.lang.Object, java.lang.Object, java.lang.Object, java.lang.Object, java.lang.Object, java.lang.Object, java.lang.Object, java.lang.Object, java.lang.Object, java.lang.Object)'> (0x0000000087d228a0) 
thrown [s\src\hotspot\share\interpreter\linkResolver.cpp, line 759]
Event: 5.475 Thread 0x00000235769ebfc0 Exception <a 'java/lang/NoSuchMethodError'{0x0000000087d26cd0}: 'java.lang.Object java.lang.invoke.Invokers$Holder.invoke_MT(java.lang.Object, java.lang.Object, java.lang.Object, java.lang.Object, java.lang.Object, java.lang.Object, java.lang.Object, java.lang.Object, java.lang.Object, java.lang.Object, java.lang.Object)'> (0x0000000087d26cd0) 
thrown [s\src\hotspot\share\interpreter\linkResolver.cpp, line 759]
Event: 5.521 Thread 0x00000235769ebfc0 Exception <a 'java/lang/NoSuchMethodError'{0x0000000087a1efe8}: 'void java.lang.invoke.DirectMethodHandle$Holder.invokeVirtual(java.lang.Object, java.lang.Object, long)'> (0x0000000087a1efe8) 
thrown [s\src\hotspot\share\interpreter\linkResolver.cpp, line 759]
Event: 5.524 Thread 0x00000235769ebfc0 Exception <a 'java/lang/NoSuchMethodError'{0x0000000087a83650}: 'java.lang.Object java.lang.invoke.DirectMethodHandle$Holder.newInvokeSpecial(java.lang.Object, java.lang.Object, int, java.lang.Object, java.lang.Object)'> (0x0000000087a83650) 
thrown [s\src\hotspot\share\interpreter\linkResolver.cpp, line 759]
Event: 14.079 Thread 0x0000023550a61570 Exception <a 'java/lang/NoSuchMethodError'{0x00000000875a45d0}: 'java.lang.Object java.lang.invoke.DirectMethodHandle$Holder.invokeSpecial(java.lang.Object, java.lang.Object, java.lang.Object, java.lang.Object, java.lang.Object, long)'> (0x00000000875a45d0) 
thrown [s\src\hotspot\share\interpreter\linkResolver.cpp, line 759]
Event: 14.079 Thread 0x0000023550a61570 Exception <a 'java/lang/NoSuchMethodError'{0x00000000875a8048}: 'java.lang.Object java.lang.invoke.Invokers$Holder.linkToTargetMethod(java.lang.Object, java.lang.Object, java.lang.Object, long, java.lang.Object)'> (0x00000000875a8048) 
thrown [s\src\hotspot\share\interpreter\linkResolver.cpp, line 759]
Event: 14.245 Thread 0x0000023550a61570 Exception <a 'java/lang/IncompatibleClassChangeError'{0x000000008999b9a8}: Found class java.lang.Object, but interface was expected> (0x000000008999b9a8) 
thrown [s\src\hotspot\share\interpreter\linkResolver.cpp, line 826]
Event: 14.385 Thread 0x0000023550a61570 Exception <a 'java/lang/IncompatibleClassChangeError'{0x00000000894e2870}: Found class java.lang.Object, but interface was expected> (0x00000000894e2870) 
thrown [s\src\hotspot\share\interpreter\linkResolver.cpp, line 826]
Event: 14.433 Thread 0x0000023550a61570 Exception <a 'java/lang/NoSuchMethodError'{0x000000008917b6c0}: 'void java.lang.invoke.DirectMethodHandle$Holder.invokeSpecialIFC(java.lang.Object, java.lang.Object, int, java.lang.Object, java.lang.Object, java.lang.Object, java.lang.Object)'> (0x000000008917b6c0) 
thrown [s\src\hotspot\share\interpreter\linkResolver.cpp, line 759]

VM Operations (20 events):
Event: 15.181 Executing VM operation: G1TryInitiateConcMark done
Event: 15.325 Executing VM operation: G1TryInitiateConcMark
Event: 15.326 Executing VM operation: G1TryInitiateConcMark done
Event: 15.338 Executing VM operation: G1TryInitiateConcMark
Event: 16.355 Executing VM operation: G1TryInitiateConcMark done
Event: 16.454 Executing VM operation: G1CollectForAllocation
Event: 16.456 Executing VM operation: G1CollectForAllocation done
Event: 16.506 Executing VM operation: G1CollectForAllocation
Event: 16.507 Executing VM operation: G1CollectForAllocation done
Event: 17.509 Executing VM operation: Cleanup
Event: 17.509 Executing VM operation: Cleanup done
Event: 18.524 Executing VM operation: Cleanup
Event: 18.524 Executing VM operation: Cleanup done
Event: 21.557 Executing VM operation: Cleanup
Event: 21.557 Executing VM operation: Cleanup done
Event: 21.562 Executing VM operation: G1CollectForAllocation
Event: 21.563 Executing VM operation: G1CollectForAllocation done
Event: 21.644 Executing VM operation: G1CollectForAllocation
Event: 21.645 Executing VM operation: G1CollectForAllocation done
Event: 21.712 Executing VM operation: G1CollectForAllocation

Events (20 events):
Event: 14.157 loading class java/time/format/DateTimeFormatterBuilder$ZoneTextPrinterParser done
Event: 14.157 loading class java/time/format/DateTimeFormatterBuilder$ReducedPrinterParser
Event: 14.158 loading class java/time/format/DateTimeFormatterBuilder$ReducedPrinterParser done
Event: 14.262 loading class java/util/AbstractMap$SimpleEntry
Event: 14.262 loading class java/util/AbstractMap$SimpleEntry done
Event: 14.378 loading class jdk/internal/reflect/UnsafeBooleanFieldAccessorImpl
Event: 14.378 loading class jdk/internal/reflect/UnsafeBooleanFieldAccessorImpl done
Event: 14.532 loading class java/util/stream/LongStream
Event: 14.532 loading class java/util/stream/LongStream done
Event: 14.532 loading class java/util/stream/DoubleStream
Event: 14.533 loading class java/util/stream/DoubleStream done
Event: 14.546 loading class org/w3c/dom/Node
Event: 14.546 loading class org/w3c/dom/Node done
Event: 14.546 loading class org/w3c/dom/Document
Event: 14.547 loading class org/w3c/dom/Document done
Event: 14.558 Thread 0x000002354e93fa20 Thread added: 0x000002354e93fa20
Event: 14.559 Thread 0x000002354e615740 Thread added: 0x000002354e615740
Event: 14.560 loading class java/math/BigDecimal$StringBuilderHelper
Event: 14.560 loading class java/math/BigDecimal$StringBuilderHelper done
Event: 16.356 Thread 0x000002354e615740 Thread exited: 0x000002354e615740


Dynamic libraries:
0x00007ff631670000 - 0x00007ff63167e000 	C:\Program Files\Microsoft\jdk-17.0.10.7-hotspot\bin\java.exe
0x00007ff8491a0000 - 0x00007ff849403000 	C:\WINDOWS\SYSTEM32\ntdll.dll
0x00007ff848f60000 - 0x00007ff849028000 	C:\WINDOWS\System32\KERNEL32.DLL
0x00007ff8466c0000 - 0x00007ff846a72000 	C:\WINDOWS\System32\KERNELBASE.dll
0x00007ff846570000 - 0x00007ff8466bb000 	C:\WINDOWS\System32\ucrtbase.dll
0x00007ff8345f0000 - 0x00007ff83460b000 	C:\Program Files\Microsoft\jdk-17.0.10.7-hotspot\bin\VCRUNTIME140.dll
0x00007ff833180000 - 0x00007ff833197000 	C:\Program Files\Microsoft\jdk-17.0.10.7-hotspot\bin\jli.dll
0x00007ff8265d0000 - 0x00007ff826860000 	C:\WINDOWS\WinSxS\amd64_microsoft.windows.common-controls_6595b64144ccf1df_6.0.26100.2454_none_3e0b68a2e331ad60\COMCTL32.dll
0x00007ff8475c0000 - 0x00007ff847788000 	C:\WINDOWS\System32\USER32.dll
0x00007ff847790000 - 0x00007ff847839000 	C:\WINDOWS\System32\msvcrt.dll
0x00007ff846c80000 - 0x00007ff846ca7000 	C:\WINDOWS\System32\win32u.dll
0x00007ff847a50000 - 0x00007ff847a7a000 	C:\WINDOWS\System32\GDI32.dll
0x00007ff846ed0000 - 0x00007ff846ffb000 	C:\WINDOWS\System32\gdi32full.dll
0x00007ff846a80000 - 0x00007ff846b23000 	C:\WINDOWS\System32\msvcp_win.dll
0x00007ff848e90000 - 0x00007ff848ebf000 	C:\WINDOWS\System32\IMM32.DLL
0x00007ff8350b0000 - 0x00007ff8350bc000 	C:\Program Files\Microsoft\jdk-17.0.10.7-hotspot\bin\vcruntime140_1.dll
0x00007ff803170000 - 0x00007ff8031fd000 	C:\Program Files\Microsoft\jdk-17.0.10.7-hotspot\bin\msvcp140.dll
0x00007fffdf020000 - 0x00007fffdfc85000 	C:\Program Files\Microsoft\jdk-17.0.10.7-hotspot\bin\server\jvm.dll
0x00007ff847010000 - 0x00007ff8470c4000 	C:\WINDOWS\System32\ADVAPI32.dll
0x00007ff8479a0000 - 0x00007ff847a46000 	C:\WINDOWS\System32\sechost.dll
0x00007ff849030000 - 0x00007ff849146000 	C:\WINDOWS\System32\RPCRT4.dll
0x00007ff80da80000 - 0x00007ff80da8a000 	C:\WINDOWS\SYSTEM32\WSOCK32.dll
0x00007ff845220000 - 0x00007ff84526e000 	C:\WINDOWS\SYSTEM32\POWRPROF.dll
0x00007ff832340000 - 0x00007ff83234b000 	C:\WINDOWS\SYSTEM32\VERSION.dll
0x00007ff83a180000 - 0x00007ff83a1b6000 	C:\WINDOWS\SYSTEM32\WINMM.dll
0x00007ff848ee0000 - 0x00007ff848f54000 	C:\WINDOWS\System32\ws2_32.DLL
0x00007ff845200000 - 0x00007ff845214000 	C:\WINDOWS\SYSTEM32\UMPDC.dll
0x00007ff8454c0000 - 0x00007ff8454da000 	C:\WINDOWS\SYSTEM32\kernel.appcore.dll
0x00007ff8345e0000 - 0x00007ff8345ea000 	C:\Program Files\Microsoft\jdk-17.0.10.7-hotspot\bin\jimage.dll
0x00007ff843ba0000 - 0x00007ff843de1000 	C:\WINDOWS\SYSTEM32\DBGHELP.DLL
0x00007ff8471b0000 - 0x00007ff84752e000 	C:\WINDOWS\System32\combase.dll
0x00007ff8470d0000 - 0x00007ff8471a6000 	C:\WINDOWS\System32\OLEAUT32.dll
0x00007ff8279c0000 - 0x00007ff8279f9000 	C:\WINDOWS\SYSTEM32\dbgcore.DLL
0x00007ff846cb0000 - 0x00007ff846d49000 	C:\WINDOWS\System32\bcryptPrimitives.dll
0x00007ff833130000 - 0x00007ff83313e000 	C:\Program Files\Microsoft\jdk-17.0.10.7-hotspot\bin\instrument.dll
0x00007ff8223d0000 - 0x00007ff8223f5000 	C:\Program Files\Microsoft\jdk-17.0.10.7-hotspot\bin\java.dll
0x00007ff801fd0000 - 0x00007ff8020a7000 	C:\Program Files\Microsoft\jdk-17.0.10.7-hotspot\bin\jsvml.dll
0x00007ff847a80000 - 0x00007ff848180000 	C:\WINDOWS\System32\SHELL32.dll
0x00007ff844270000 - 0x00007ff844aa1000 	C:\WINDOWS\SYSTEM32\windows.storage.dll
0x00007ff848240000 - 0x00007ff84831a000 	C:\WINDOWS\System32\SHCORE.dll
0x00007ff848320000 - 0x00007ff84837d000 	C:\WINDOWS\System32\shlwapi.dll
0x00007ff846480000 - 0x00007ff8464ae000 	C:\WINDOWS\SYSTEM32\profapi.dll
0x00007ff81b480000 - 0x00007ff81b498000 	C:\Program Files\Microsoft\jdk-17.0.10.7-hotspot\bin\zip.dll
0x00007ff81b360000 - 0x00007ff81b379000 	C:\Program Files\Microsoft\jdk-17.0.10.7-hotspot\bin\net.dll
0x00007ff839f50000 - 0x00007ff83a076000 	C:\WINDOWS\SYSTEM32\WINHTTP.dll
0x00007ff8459c0000 - 0x00007ff845a28000 	C:\WINDOWS\system32\mswsock.dll
0x00007ff815ab0000 - 0x00007ff815ac6000 	C:\Program Files\Microsoft\jdk-17.0.10.7-hotspot\bin\nio.dll
0x00007ff815a90000 - 0x00007ff815aaa000 	C:\Program Files\JetBrains\IntelliJ IDEA 2024.3\bin\breakgen64.dll
0x00007ff844f20000 - 0x00007ff845045000 	C:\WINDOWS\SYSTEM32\DNSAPI.dll
0x00007ff844e80000 - 0x00007ff844eb2000 	C:\WINDOWS\SYSTEM32\IPHLPAPI.DLL
0x00007ff849150000 - 0x00007ff84915a000 	C:\WINDOWS\System32\NSI.dll
0x00007ff833a30000 - 0x00007ff833a3b000 	C:\Windows\System32\rasadhlp.dll
0x00007ff83bdd0000 - 0x00007ff83be55000 	C:\WINDOWS\System32\fwpuclnt.dll
0x00007ff833120000 - 0x00007ff833129000 	C:\Program Files\Microsoft\jdk-17.0.10.7-hotspot\bin\extnet.dll
0x00007ff81b320000 - 0x00007ff81b329000 	C:\Program Files\Microsoft\jdk-17.0.10.7-hotspot\bin\management.dll
0x00007ff815a80000 - 0x00007ff815a8b000 	C:\Program Files\Microsoft\jdk-17.0.10.7-hotspot\bin\management_ext.dll
0x00007ff848ed0000 - 0x00007ff848ed8000 	C:\WINDOWS\System32\PSAPI.DLL
0x00007ff845c60000 - 0x00007ff845c7c000 	C:\WINDOWS\SYSTEM32\CRYPTSP.dll
0x00007ff845420000 - 0x00007ff845458000 	C:\WINDOWS\system32\rsaenh.dll
0x00007ff845a60000 - 0x00007ff845a8b000 	C:\WINDOWS\SYSTEM32\USERENV.dll
0x00007ff845ea0000 - 0x00007ff845ec6000 	C:\WINDOWS\SYSTEM32\bcrypt.dll
0x00007ff845c80000 - 0x00007ff845c8c000 	C:\WINDOWS\SYSTEM32\CRYPTBASE.dll
0x00007ff83a150000 - 0x00007ff83a16e000 	C:\WINDOWS\SYSTEM32\dhcpcsvc6.DLL
0x00007ff83a120000 - 0x00007ff83a145000 	C:\WINDOWS\SYSTEM32\dhcpcsvc.DLL
0x00007ff8261c0000 - 0x00007ff8261d8000 	C:\WINDOWS\system32\napinsp.dll
0x00007ff826110000 - 0x00007ff826122000 	C:\WINDOWS\System32\winrnr.dll
0x00007ff8260e0000 - 0x00007ff826102000 	C:\WINDOWS\system32\nlansp_c.dll
0x00007ff8333c0000 - 0x00007ff8333d6000 	C:\WINDOWS\system32\wshbth.dll
0x00007ff827aa0000 - 0x00007ff827af6000 	C:\WINDOWS\SYSTEM32\pdh.dll
0x00007ff81bd10000 - 0x00007ff81bd22000 	C:\WINDOWS\System32\perfproc.dll
0x00007ff81bcf0000 - 0x00007ff81bd01000 	C:\WINDOWS\System32\perfos.dll
0x00007ff844ad0000 - 0x00007ff844ae2000 	C:\WINDOWS\SYSTEM32\pfclient.dll
0x00007ff815a70000 - 0x00007ff815a7e000 	C:\Program Files\Microsoft\jdk-17.0.10.7-hotspot\bin\sunmscapi.dll
0x00007ff846d50000 - 0x00007ff846ec6000 	C:\WINDOWS\System32\CRYPT32.dll
0x00007ff845e60000 - 0x00007ff845e90000 	C:\WINDOWS\SYSTEM32\ncrypt.dll
0x00007ff845e10000 - 0x00007ff845e4f000 	C:\WINDOWS\SYSTEM32\NTASN1.dll
0x00007ff815a60000 - 0x00007ff815a70000 	C:\Program Files\Microsoft\jdk-17.0.10.7-hotspot\bin\verify.dll
0x00007ff83d410000 - 0x00007ff83d418000 	C:\WINDOWS\system32\wshunix.dll

dbghelp: loaded successfully - version: 4.0.5 - missing functions: none
symbol engine: initialized successfully - sym options: 0x614 - pdb path: .;C:\Program Files\Microsoft\jdk-17.0.10.7-hotspot\bin;C:\WINDOWS\SYSTEM32;C:\WINDOWS\WinSxS\amd64_microsoft.windows.common-controls_6595b64144ccf1df_6.0.26100.2454_none_3e0b68a2e331ad60;C:\Program Files\Microsoft\jdk-17.0.10.7-hotspot\bin\server;C:\Program Files\JetBrains\IntelliJ IDEA 2024.3\bin

VM Arguments:
jvm_args: -XX:TieredStopAtLevel=1 -Dspring.output.ansi.enabled=always -Dcom.sun.management.jmxremote -Dspring.jmx.enabled=true -Dspring.liveBeansView.mbeanDomain -Dspring.application.admin.enabled=true -Dmanagement.endpoints.jmx.exposure.include=* -javaagent:C:\Program Files\JetBrains\IntelliJ IDEA 2024.3\lib\idea_rt.jar=54564:C:\Program Files\JetBrains\IntelliJ IDEA 2024.3\bin -Dfile.encoding=UTF-8 
java_command: org.example.hotelbookingappbackend.HotelBookingAppBackendApplication
java_class_path (initial): D:\Workspace\Java\Java-spring-boot-3\tu-hoc\hotel-booking-app-backend\target\classes;C:\Users\DELL\.m2\repository\org\springframework\boot\spring-boot-starter-data-jpa\3.4.0\spring-boot-starter-data-jpa-3.4.0.jar;C:\Users\DELL\.m2\repository\org\springframework\boot\spring-boot-starter\3.4.0\spring-boot-starter-3.4.0.jar;C:\Users\DELL\.m2\repository\org\springframework\boot\spring-boot\3.4.0\spring-boot-3.4.0.jar;C:\Users\DELL\.m2\repository\org\springframework\boot\spring-boot-autoconfigure\3.4.0\spring-boot-autoconfigure-3.4.0.jar;C:\Users\DELL\.m2\repository\org\springframework\boot\spring-boot-starter-logging\3.4.0\spring-boot-starter-logging-3.4.0.jar;C:\Users\DELL\.m2\repository\ch\qos\logback\logback-classic\1.5.12\logback-classic-1.5.12.jar;C:\Users\DELL\.m2\repository\ch\qos\logback\logback-core\1.5.12\logback-core-1.5.12.jar;C:\Users\DELL\.m2\repository\org\apache\logging\log4j\log4j-to-slf4j\2.24.1\log4j-to-slf4j-2.24.1.jar;C:\Users\DELL\.m2\repository\org\apache\logging\log4j\log4j-api\2.24.1\log4j-api-2.24.1.jar;C:\Users\DELL\.m2\repository\org\slf4j\jul-to-slf4j\2.0.16\jul-to-slf4j-2.0.16.jar;C:\Users\DELL\.m2\repository\jakarta\annotation\jakarta.annotation-api\2.1.1\jakarta.annotation-api-2.1.1.jar;C:\Users\DELL\.m2\repository\org\yaml\snakeyaml\2.3\snakeyaml-2.3.jar;C:\Users\DELL\.m2\repository\org\springframework\boot\spring-boot-starter-jdbc\3.4.0\spring-boot-starter-jdbc-3.4.0.jar;C:\Users\DELL\.m2\repository\com\zaxxer\HikariCP\5.1.0\HikariCP-5.1.0.jar;C:\Users\DELL\.m2\repository\org\springframework\spring-jdbc\6.2.0\spring-jdbc-6.2.0.jar;C:\Users\DELL\.m2\repository\org\hibernate\orm\hibernate-core\6.6.2.Final\hibernate-core-6.6.2.Final.jar;C:\Users\DELL\.m2\repository\jakarta\persistence\jakarta.persistence-api\3.1.0\jakarta.persistence-api-3.1.0.jar;C:\Users\DELL\.m2\repository\jakarta\transaction\jakarta.transaction-api\2.0.1\jakarta.transaction-api-2.0.1.jar;C:\Users\DELL\.m2\repository\org\jboss\logging\jboss-
Launcher Type: SUN_STANDARD

[Global flags]
     intx CICompilerCount                          = 4                                         {product} {ergonomic}
     uint ConcGCThreads                            = 2                                         {product} {ergonomic}
     uint G1ConcRefinementThreads                  = 8                                         {product} {ergonomic}
   size_t G1HeapRegionSize                         = 1048576                                   {product} {ergonomic}
    uintx GCDrainStackTargetSize                   = 64                                        {product} {ergonomic}
   size_t InitialHeapSize                          = 130023424                                 {product} {ergonomic}
     bool ManagementServer                         = true                                      {product} {command line}
   size_t MarkStackSize                            = 4194304                                   {product} {ergonomic}
   size_t MaxHeapSize                              = 2076180480                                {product} {ergonomic}
   size_t MaxNewSize                               = 1245708288                                {product} {ergonomic}
   size_t MinHeapDeltaBytes                        = 1048576                                   {product} {ergonomic}
   size_t MinHeapSize                              = 8388608                                   {product} {ergonomic}
    uintx NonProfiledCodeHeapSize                  = 0                                      {pd product} {ergonomic}
     bool ProfileInterpreter                       = false                                  {pd product} {command line}
    uintx ProfiledCodeHeapSize                     = 0                                      {pd product} {ergonomic}
   size_t SoftMaxHeapSize                          = 2076180480                             {manageable} {ergonomic}
     intx TieredStopAtLevel                        = 1                                         {product} {command line}
     bool UseCompressedClassPointers               = true                           {product lp64_product} {ergonomic}
     bool UseCompressedOops                        = true                           {product lp64_product} {ergonomic}
     bool UseG1GC                                  = true                                      {product} {ergonomic}
     bool UseLargePagesIndividualAllocation        = false                                  {pd product} {ergonomic}

Logging:
Log output configuration:
 #0: stdout all=warning uptime,level,tags
 #1: stderr all=off uptime,level,tags

Environment Variables:
JAVA_HOME=C:\Program Files\Microsoft\jdk-17.0.10.7-hotspot\
PATH=C:\Program Files\Microsoft\jdk-17.0.10.7-hotspot\bin;C:\Program Files\Common Files\Oracle\Java\javapath;C:\Program Files (x86)\Common Files\Oracle\Java\java8path;C:\Program Files (x86)\Common Files\Oracle\Java\javapath;C:\Users\DELL\AppData\Local\Programs\Python\Python39\Scripts\;C:\Users\DELL\AppData\Local\Programs\Python\Python39\;C:\Program Files\Python39\Scripts\;C:\Program Files\Python39\;C:\Windows\system32;C:\Windows;C:\Windows\System32\Wbem;C:\Windows\System32\WindowsPowerShell\v1.0\;C:\Windows\System32\OpenSSH\;C:\Program Files\NVIDIA Corporation\NVIDIA NvDLISR;C:\WINDOWS\system32;C:\WINDOWS;C:\WINDOWS\System32\Wbem;C:\WINDOWS\System32\WindowsPowerShell\v1.0\;C:\WINDOWS\System32\OpenSSH\;C:\MinGW\bin;C:\Program Files\Java\jdk-17\bin;C:\Program Files\Azure Data Studio\bin;%HADOOP_HOME%\bin;%HADOOP_HOME%\sbin;C:\Program Files\Microsoft\jdk-17.0.10.7-hotspot\\bin;%SPARK_HOME%\bin;%SPARK_HOME%\sbin;C:\Program Files\nodejs\;C:\ProgramData\chocolatey\bin;C:\Program Files\Microsoft SQL Server\150\Tools\Binn\;C:\Program Files\Microsoft SQL Server\Client SDK\ODBC\170\Tools\Binn\;C:\Program Files (x86)\Microsoft SQL Server\160\Tools\Binn\;C:\Program Files\Microsoft SQL Server\160\Tools\Binn\;C:\Program Files\Microsoft SQL Server\160\DTS\Binn\;C:\Program Files (x86)\Microsoft SQL Server\160\DTS\Binn\;C:\Program Files\dotnet\;C:\Program Files\Git\cmd;C:\Program Files\Git\mingw64\bin;C:\Program Files\Git\usr\bin;C:\Program Files\Docker\Docker\resources\bin;%MAVEN_HOME%\bin;C:\Users\DELL\Downloads\apache-maven-3.9.9-bin\apache-maven-3.9.9\bin;C:\Users\DELL\Downloads\apache-maven-3.9.9-bin\apache-maven-3.9.9\bin;C:\Program Files\dotnet;C:\Program Files (x86)\dotnet;C:\Users\DELL\.dotnet\tools;C:\Users\DELL\AppData\Local\Programs\Python\Python312\Scripts\;C:\Users\DELL\AppData\Local\Programs\Python\Python312\;C:\Users\DELL\AppData\Local\Programs\Python\Python311\Scripts\;C:\Users\DELL\AppData\Local\Programs\Python\Python311\;C:\Users\DELL\AppData\Local\Microsoft\WindowsA
USERNAME=DELL
OS=Windows_NT
PROCESSOR_IDENTIFIER=Intel64 Family 6 Model 140 Stepping 1, GenuineIntel
TMP=C:\Users\DELL\AppData\Local\Temp
TEMP=C:\Users\DELL\AppData\Local\Temp



Periodic native trim disabled


---------------  S Y S T E M  ---------------

OS:
 Windows 11 , 64 bit Build 26100 (10.0.26100.2454)
OS uptime: 0 days 2:12 hours
Hyper-V role detected

CPU: total 8 (initial active 8) (4 cores per cpu, 2 threads per core) family 6 model 140 stepping 1 microcode 0xb8, cx8, cmov, fxsr, ht, mmx, 3dnowpref, sse, sse2, sse3, ssse3, sse4.1, sse4.2, popcnt, lzcnt, tsc, tscinvbit, avx, avx2, aes, erms, clmul, bmi1, bmi2, adx, avx512f, avx512dq, avx512cd, avx512bw, avx512vl, sha, fma, vzeroupper, avx512_vpopcntdq, avx512_vpclmulqdq, avx512_vaes, avx512_vnni, clflush, clflushopt, clwb, avx512_vbmi2, avx512_vbmi, hv
Processor Information for all 8 processors :
  Max Mhz: 2803, Current Mhz: 2803, Mhz Limit: 2803

Memory: 4k page, system-wide physical 7914M (744M free)
TotalPageFile size 18215M (AvailPageFile size 104M)
current process WorkingSet (physical memory assigned to process): 250M, peak: 258M
current process commit charge ("private bytes"): 363M, peak: 651M

vm_info: OpenJDK 64-Bit Server VM (17.0.10+7-LTS) for windows-amd64 JRE (17.0.10+7-LTS), built on Jan 10 2024 19:47:12 by "MicrosoftCorporation" with MS VC++ 16.10 / 16.11 (VS2019)

END.
